<?xml version="1.0" encoding="UTF-8"?>
<!-- Generated by org.testng.reporters.JUnitXMLReporter -->
<testsuite ignored="0" hostname="LTPHYD062670052" failures="2" tests="4" name="CombinedTests-Suite" time="142.531" errors="0" timestamp="2026-05-06T11:11:50 IST">
  <testcase classname="io.cucumber.testng.AbstractTestNGCucumberTests" name="runScenario" time="42.902"/>
  <testcase classname="io.cucumber.testng.AbstractTestNGCucumberTests" name="runScenario" time="33.092">
    <failure type="java.lang.AssertionError" message="Transfer should not succeed with invalid receiver ID: 0. Messages: ✅
Transfer Successful
✕ | ✅ | ✕ |  expected [false] but found [true]">
      <![CDATA[java.lang.AssertionError: Transfer should not succeed with invalid receiver ID: 0. Messages: ✅
Transfer Successful
✕ | ✅ | ✕ |  expected [false] but found [true]
at com.bugbank.steps.TransferFundsSteps.verifyTransferResultForReceiverId(TransferFundsSteps.java:765)
at ✽.verify transfer result for receiver ID "0" should be "invalid"(file:///C:/Users/srushti.x/git/BBT/src/test/resources/features/RecieverID.feature:25)
... Removed 3 stack frames]]>
    </failure>
  </testcase> <!-- runScenario -->
  <testcase classname="io.cucumber.testng.AbstractTestNGCucumberTests" name="runScenario" time="32.712">
    <failure type="java.lang.AssertionError" message="Transfer should not succeed with invalid receiver ID: -34. Messages: ✅
Transfer Successful
✕ | ✅ | ✕ |  expected [false] but found [true]">
      <![CDATA[java.lang.AssertionError: Transfer should not succeed with invalid receiver ID: -34. Messages: ✅
Transfer Successful
✕ | ✅ | ✕ |  expected [false] but found [true]
at com.bugbank.steps.TransferFundsSteps.verifyTransferResultForReceiverId(TransferFundsSteps.java:765)
at ✽.verify transfer result for receiver ID "-34" should be "invalid"(file:///C:/Users/srushti.x/git/BBT/src/test/resources/features/RecieverID.feature:25)
... Removed 3 stack frames]]>
    </failure>
  </testcase> <!-- runScenario -->
  <testcase classname="io.cucumber.testng.AbstractTestNGCucumberTests" name="runScenario" time="33.135"/>
</testsuite> <!-- CombinedTests-Suite -->
