<?xml version="1.0" encoding="UTF-8"?>
<!-- Generated by org.testng.reporters.JUnitXMLReporter -->
<testsuite ignored="0" hostname="PRAMODH" failures="1" tests="1" name="Default test" time="1.229" errors="0" timestamp="2026-05-04T01:11:48 IST">
  <testcase classname="io.cucumber.testng.AbstractTestNGCucumberTests" name="runScenario" time="0.221">
    <failure type="java.lang.NullPointerException" message="Cannot invoke &amp;quot;org.openqa.selenium.WebDriver.navigate()&amp;quot; because &amp;quot;this.driver&amp;quot; is null">
      <![CDATA[java.lang.NullPointerException: Cannot invoke "org.openqa.selenium.WebDriver.navigate()" because "this.driver" is null
at com.bugbank.steps.TransferFundsSteps.userNavigatesToApplicationUrl(TransferFundsSteps.java:23)
at ✽.user navigates to the application URL(file:///C:/Users/Administrator/Documents/ccc/bugbank/src/test/resources/features/TF-003.feature:4)
]]>
    </failure>
  </testcase> <!-- runScenario -->
</testsuite> <!-- Default test -->
