<?xml version="1.0" encoding="UTF-8"?>
<!-- Generated by org.testng.reporters.JUnitXMLReporter -->
<testsuite ignored="0" hostname="LTPHYD062670052" failures="1" tests="1" name="Default test" time="0.688" errors="0" timestamp="2026-05-06T14:36:20 IST">
  <testcase classname="io.cucumber.testng.AbstractTestNGCucumberTests" name="runScenario" time="0.121">
    <failure type="java.lang.NullPointerException" message="Cannot invoke &amp;quot;org.openqa.selenium.WebDriver.navigate()&amp;quot; because &amp;quot;this.driver&amp;quot; is null">
      <![CDATA[java.lang.NullPointerException: Cannot invoke "org.openqa.selenium.WebDriver.navigate()" because "this.driver" is null
at com.bugbank.steps.TransferFundsSteps.userNavigatesToApplicationUrl(TransferFundsSteps.java:34)
at ✽.user navigates to the application URL(file:///C:/Users/srushti.x/git/BBT/src/test/resources/features/TF-039.feature:4)
]]>
    </failure>
  </testcase> <!-- runScenario -->
</testsuite> <!-- Default test -->
