<?xml version="1.0" encoding="UTF-8"?>
<testng-results ignored="0" total="6" passed="0" failed="6" skipped="0">
  <reporter-output>
  </reporter-output>
  <suite started-at="2026-05-02T01:32:51 IST" name="BugBank-TransferFunds" finished-at="2026-05-02T01:32:54 IST" duration-ms="2990">
    <groups>
      <group name="cucumber">
        <method signature="AbstractTestNGCucumberTests.runScenario(io.cucumber.testng.PickleWrapper,io.cucumber.testng.FeatureWrapper)[pri:0, instance:com.bugbank.runners.TF003Runner@397fbdb]" name="runScenario" class="io.cucumber.testng.AbstractTestNGCucumberTests"/>
        <method signature="AbstractTestNGCucumberTests.runScenario(io.cucumber.testng.PickleWrapper,io.cucumber.testng.FeatureWrapper)[pri:0, instance:com.bugbank.runners.TF004Runner@33d512c1]" name="runScenario" class="io.cucumber.testng.AbstractTestNGCucumberTests"/>
        <method signature="AbstractTestNGCucumberTests.runScenario(io.cucumber.testng.PickleWrapper,io.cucumber.testng.FeatureWrapper)[pri:0, instance:com.bugbank.runners.TF005Runner@515c6049]" name="runScenario" class="io.cucumber.testng.AbstractTestNGCucumberTests"/>
        <method signature="AbstractTestNGCucumberTests.runScenario(io.cucumber.testng.PickleWrapper,io.cucumber.testng.FeatureWrapper)[pri:0, instance:com.bugbank.runners.TF006Runner@639c2c1d]" name="runScenario" class="io.cucumber.testng.AbstractTestNGCucumberTests"/>
        <method signature="AbstractTestNGCucumberTests.runScenario(io.cucumber.testng.PickleWrapper,io.cucumber.testng.FeatureWrapper)[pri:0, instance:com.bugbank.runners.TF007Runner@5fe94a96]" name="runScenario" class="io.cucumber.testng.AbstractTestNGCucumberTests"/>
        <method signature="AbstractTestNGCucumberTests.runScenario(io.cucumber.testng.PickleWrapper,io.cucumber.testng.FeatureWrapper)[pri:0, instance:com.bugbank.runners.TF008Runner@443118b0]" name="runScenario" class="io.cucumber.testng.AbstractTestNGCucumberTests"/>
      </group> <!-- cucumber -->
    </groups>
    <test started-at="2026-05-02T01:32:51 IST" name="TransferFunds-Suite" finished-at="2026-05-02T01:32:54 IST" duration-ms="2990">
      <class name="com.bugbank.hooks.TestSuiteHooks">
        <test-method is-config="true" signature="beforeSuite()[pri:0, instance:com.bugbank.hooks.TestSuiteHooks@77888435]" started-at="2026-05-02T01:32:19 IST" name="beforeSuite" finished-at="2026-05-02T01:32:51 IST" duration-ms="31979" status="PASS">
          <reporter-output>
          </reporter-output>
        </test-method> <!-- beforeSuite -->
        <test-method is-config="true" signature="afterSuite()[pri:0, instance:com.bugbank.hooks.TestSuiteHooks@77888435]" started-at="2026-05-02T01:32:54 IST" name="afterSuite" finished-at="2026-05-02T01:33:00 IST" duration-ms="5999" status="PASS">
          <reporter-output>
          </reporter-output>
        </test-method> <!-- afterSuite -->
      </class> <!-- com.bugbank.hooks.TestSuiteHooks -->
      <class name="com.bugbank.runners.TF003Runner">
        <test-method is-config="true" signature="setUpClass(org.testng.ITestContext)[pri:0, instance:com.bugbank.runners.TF003Runner@397fbdb]" started-at="2026-05-02T01:32:51 IST" name="setUpClass" finished-at="2026-05-02T01:32:52 IST" duration-ms="781" status="PASS">
          <params>
            <param index="0">
              <value>
                <![CDATA[org.testng.TestRunner@1a1ccaaf]]>
              </value>
            </param>
          </params>
          <reporter-output>
          </reporter-output>
        </test-method> <!-- setUpClass -->
        <test-method signature="runScenario(io.cucumber.testng.PickleWrapper,io.cucumber.testng.FeatureWrapper)[pri:0, instance:com.bugbank.runners.TF003Runner@397fbdb]" started-at="2026-05-02T01:32:52 IST" name="runScenario" description="Runs Cucumber Scenarios" data-provider="scenarios" finished-at="2026-05-02T01:32:52 IST" duration-ms="403" status="FAIL">
          <params>
            <param index="0">
              <value>
                <![CDATA["Initial load of Transfer Funds page shows required controls"]]>
              </value>
            </param>
            <param index="1">
              <value>
                <![CDATA["TF-003 Transfer Funds initial page layout"]]>
              </value>
            </param>
          </params>
          <exception class="java.lang.AssertionError">
            <message>
              <![CDATA[Login button should be visible expected [true] but found [false]]]>
            </message>
            <full-stacktrace>
              <![CDATA[java.lang.AssertionError: Login button should be visible expected [true] but found [false]
at org.testng.Assert.fail(Assert.java:111)
at org.testng.Assert.failNotEquals(Assert.java:1578)
at org.testng.Assert.assertTrue(Assert.java:57)
at com.bugbank.pages.LoginPage.assertLoginPageLoaded(LoginPage.java:63)
at com.bugbank.steps.TransferFundsSteps.loginPageIsLoaded(TransferFundsSteps.java:30)
at ✽.login page is loaded with logo and login button visible(file:///C:/Users/Administrator/Documents/ccc/bugbank/src/test/resources/features/TF-003.feature:5)
]]>
            </full-stacktrace>
          </exception> <!-- java.lang.AssertionError -->
          <reporter-output>
          </reporter-output>
        </test-method> <!-- runScenario -->
        <test-method is-config="true" signature="tearDownClass()[pri:0, instance:com.bugbank.runners.TF003Runner@397fbdb]" started-at="2026-05-02T01:32:52 IST" name="tearDownClass" finished-at="2026-05-02T01:32:52 IST" duration-ms="93" status="PASS">
          <reporter-output>
          </reporter-output>
        </test-method> <!-- tearDownClass -->
      </class> <!-- com.bugbank.runners.TF003Runner -->
      <class name="com.bugbank.runners.TF005Runner">
        <test-method is-config="true" signature="setUpClass(org.testng.ITestContext)[pri:0, instance:com.bugbank.runners.TF005Runner@515c6049]" started-at="2026-05-02T01:32:53 IST" name="setUpClass" finished-at="2026-05-02T01:32:53 IST" duration-ms="19" status="PASS">
          <params>
            <param index="0">
              <value>
                <![CDATA[org.testng.TestRunner@1a1ccaaf]]>
              </value>
            </param>
          </params>
          <reporter-output>
          </reporter-output>
        </test-method> <!-- setUpClass -->
        <test-method signature="runScenario(io.cucumber.testng.PickleWrapper,io.cucumber.testng.FeatureWrapper)[pri:0, instance:com.bugbank.runners.TF005Runner@515c6049]" started-at="2026-05-02T01:32:53 IST" name="runScenario" description="Runs Cucumber Scenarios" data-provider="scenarios" finished-at="2026-05-02T01:32:53 IST" duration-ms="253" status="FAIL">
          <params>
            <param index="0">
              <value>
                <![CDATA["FROM ACCOUNT is required when sending money"]]>
              </value>
            </param>
            <param index="1">
              <value>
                <![CDATA["TF-005 FROM ACCOUNT required validation"]]>
              </value>
            </param>
          </params>
          <exception class="java.lang.AssertionError">
            <message>
              <![CDATA[Login button should be visible expected [true] but found [false]]]>
            </message>
            <full-stacktrace>
              <![CDATA[java.lang.AssertionError: Login button should be visible expected [true] but found [false]
at org.testng.Assert.fail(Assert.java:111)
at org.testng.Assert.failNotEquals(Assert.java:1578)
at org.testng.Assert.assertTrue(Assert.java:57)
at com.bugbank.pages.LoginPage.assertLoginPageLoaded(LoginPage.java:63)
at com.bugbank.steps.TransferFundsSteps.loginPageIsLoaded(TransferFundsSteps.java:30)
at ✽.login page is loaded with logo and login button visible(file:///C:/Users/Administrator/Documents/ccc/bugbank/src/test/resources/features/TF-005.feature:5)
]]>
            </full-stacktrace>
          </exception> <!-- java.lang.AssertionError -->
          <reporter-output>
          </reporter-output>
        </test-method> <!-- runScenario -->
        <test-method is-config="true" signature="tearDownClass()[pri:0, instance:com.bugbank.runners.TF005Runner@515c6049]" started-at="2026-05-02T01:32:53 IST" name="tearDownClass" finished-at="2026-05-02T01:32:53 IST" duration-ms="28" status="PASS">
          <reporter-output>
          </reporter-output>
        </test-method> <!-- tearDownClass -->
      </class> <!-- com.bugbank.runners.TF005Runner -->
      <class name="com.bugbank.runners.TF007Runner">
        <test-method is-config="true" signature="setUpClass(org.testng.ITestContext)[pri:0, instance:com.bugbank.runners.TF007Runner@5fe94a96]" started-at="2026-05-02T01:32:53 IST" name="setUpClass" finished-at="2026-05-02T01:32:53 IST" duration-ms="35" status="PASS">
          <params>
            <param index="0">
              <value>
                <![CDATA[org.testng.TestRunner@1a1ccaaf]]>
              </value>
            </param>
          </params>
          <reporter-output>
          </reporter-output>
        </test-method> <!-- setUpClass -->
        <test-method signature="runScenario(io.cucumber.testng.PickleWrapper,io.cucumber.testng.FeatureWrapper)[pri:0, instance:com.bugbank.runners.TF007Runner@5fe94a96]" started-at="2026-05-02T01:32:53 IST" name="runScenario" description="Runs Cucumber Scenarios" data-provider="scenarios" finished-at="2026-05-02T01:32:54 IST" duration-ms="286" status="FAIL">
          <params>
            <param index="0">
              <value>
                <![CDATA["User with multiple accounts sees all accounts in dropdown"]]>
              </value>
            </param>
            <param index="1">
              <value>
                <![CDATA["TF-007 Multiple accounts in FROM ACCOUNT dropdown"]]>
              </value>
            </param>
          </params>
          <exception class="java.lang.AssertionError">
            <message>
              <![CDATA[Login button should be visible expected [true] but found [false]]]>
            </message>
            <full-stacktrace>
              <![CDATA[java.lang.AssertionError: Login button should be visible expected [true] but found [false]
at org.testng.Assert.fail(Assert.java:111)
at org.testng.Assert.failNotEquals(Assert.java:1578)
at org.testng.Assert.assertTrue(Assert.java:57)
at com.bugbank.pages.LoginPage.assertLoginPageLoaded(LoginPage.java:63)
at com.bugbank.steps.TransferFundsSteps.loginPageIsLoaded(TransferFundsSteps.java:30)
at ✽.login page is loaded with logo and login button visible(file:///C:/Users/Administrator/Documents/ccc/bugbank/src/test/resources/features/TF-007.feature:5)
]]>
            </full-stacktrace>
          </exception> <!-- java.lang.AssertionError -->
          <reporter-output>
          </reporter-output>
        </test-method> <!-- runScenario -->
        <test-method is-config="true" signature="tearDownClass()[pri:0, instance:com.bugbank.runners.TF007Runner@5fe94a96]" started-at="2026-05-02T01:32:54 IST" name="tearDownClass" finished-at="2026-05-02T01:32:54 IST" duration-ms="33" status="PASS">
          <reporter-output>
          </reporter-output>
        </test-method> <!-- tearDownClass -->
      </class> <!-- com.bugbank.runners.TF007Runner -->
      <class name="com.bugbank.runners.TF004Runner">
        <test-method is-config="true" signature="setUpClass(org.testng.ITestContext)[pri:0, instance:com.bugbank.runners.TF004Runner@33d512c1]" started-at="2026-05-02T01:32:52 IST" name="setUpClass" finished-at="2026-05-02T01:32:52 IST" duration-ms="22" status="PASS">
          <params>
            <param index="0">
              <value>
                <![CDATA[org.testng.TestRunner@1a1ccaaf]]>
              </value>
            </param>
          </params>
          <reporter-output>
          </reporter-output>
        </test-method> <!-- setUpClass -->
        <test-method signature="runScenario(io.cucumber.testng.PickleWrapper,io.cucumber.testng.FeatureWrapper)[pri:0, instance:com.bugbank.runners.TF004Runner@33d512c1]" started-at="2026-05-02T01:32:52 IST" name="runScenario" description="Runs Cucumber Scenarios" data-provider="scenarios" finished-at="2026-05-02T01:32:53 IST" duration-ms="237" status="FAIL">
          <params>
            <param index="0">
              <value>
                <![CDATA["FROM ACCOUNT dropdown shows available accounts with details"]]>
              </value>
            </param>
            <param index="1">
              <value>
                <![CDATA["TF-004 FROM ACCOUNT dropdown population"]]>
              </value>
            </param>
          </params>
          <exception class="java.lang.AssertionError">
            <message>
              <![CDATA[Login button should be visible expected [true] but found [false]]]>
            </message>
            <full-stacktrace>
              <![CDATA[java.lang.AssertionError: Login button should be visible expected [true] but found [false]
at org.testng.Assert.fail(Assert.java:111)
at org.testng.Assert.failNotEquals(Assert.java:1578)
at org.testng.Assert.assertTrue(Assert.java:57)
at com.bugbank.pages.LoginPage.assertLoginPageLoaded(LoginPage.java:63)
at com.bugbank.steps.TransferFundsSteps.loginPageIsLoaded(TransferFundsSteps.java:30)
at ✽.login page is loaded with logo and login button visible(file:///C:/Users/Administrator/Documents/ccc/bugbank/src/test/resources/features/TF-004.feature:5)
]]>
            </full-stacktrace>
          </exception> <!-- java.lang.AssertionError -->
          <reporter-output>
          </reporter-output>
        </test-method> <!-- runScenario -->
        <test-method is-config="true" signature="tearDownClass()[pri:0, instance:com.bugbank.runners.TF004Runner@33d512c1]" started-at="2026-05-02T01:32:53 IST" name="tearDownClass" finished-at="2026-05-02T01:32:53 IST" duration-ms="29" status="PASS">
          <reporter-output>
          </reporter-output>
        </test-method> <!-- tearDownClass -->
      </class> <!-- com.bugbank.runners.TF004Runner -->
      <class name="com.bugbank.runners.TF008Runner">
        <test-method is-config="true" signature="setUpClass(org.testng.ITestContext)[pri:0, instance:com.bugbank.runners.TF008Runner@443118b0]" started-at="2026-05-02T01:32:54 IST" name="setUpClass" finished-at="2026-05-02T01:32:54 IST" duration-ms="64" status="PASS">
          <params>
            <param index="0">
              <value>
                <![CDATA[org.testng.TestRunner@1a1ccaaf]]>
              </value>
            </param>
          </params>
          <reporter-output>
          </reporter-output>
        </test-method> <!-- setUpClass -->
        <test-method signature="runScenario(io.cucumber.testng.PickleWrapper,io.cucumber.testng.FeatureWrapper)[pri:0, instance:com.bugbank.runners.TF008Runner@443118b0]" started-at="2026-05-02T01:32:54 IST" name="runScenario" description="Runs Cucumber Scenarios" data-provider="scenarios" finished-at="2026-05-02T01:32:54 IST" duration-ms="198" status="FAIL">
          <params>
            <param index="0">
              <value>
                <![CDATA["Prevent self-transfer using the same account"]]>
              </value>
            </param>
            <param index="1">
              <value>
                <![CDATA["TF-008 Self-transfer prevention"]]>
              </value>
            </param>
          </params>
          <exception class="java.lang.AssertionError">
            <message>
              <![CDATA[Login button should be visible expected [true] but found [false]]]>
            </message>
            <full-stacktrace>
              <![CDATA[java.lang.AssertionError: Login button should be visible expected [true] but found [false]
at org.testng.Assert.fail(Assert.java:111)
at org.testng.Assert.failNotEquals(Assert.java:1578)
at org.testng.Assert.assertTrue(Assert.java:57)
at com.bugbank.pages.LoginPage.assertLoginPageLoaded(LoginPage.java:63)
at com.bugbank.steps.TransferFundsSteps.loginPageIsLoaded(TransferFundsSteps.java:30)
at ✽.login page is loaded with logo and login button visible(file:///C:/Users/Administrator/Documents/ccc/bugbank/src/test/resources/features/TF-008.feature:5)
]]>
            </full-stacktrace>
          </exception> <!-- java.lang.AssertionError -->
          <reporter-output>
          </reporter-output>
        </test-method> <!-- runScenario -->
        <test-method is-config="true" signature="tearDownClass()[pri:0, instance:com.bugbank.runners.TF008Runner@443118b0]" started-at="2026-05-02T01:32:54 IST" name="tearDownClass" finished-at="2026-05-02T01:32:54 IST" duration-ms="25" status="PASS">
          <reporter-output>
          </reporter-output>
        </test-method> <!-- tearDownClass -->
      </class> <!-- com.bugbank.runners.TF008Runner -->
      <class name="com.bugbank.runners.TF006Runner">
        <test-method is-config="true" signature="setUpClass(org.testng.ITestContext)[pri:0, instance:com.bugbank.runners.TF006Runner@639c2c1d]" started-at="2026-05-02T01:32:53 IST" name="setUpClass" finished-at="2026-05-02T01:32:53 IST" duration-ms="21" status="PASS">
          <params>
            <param index="0">
              <value>
                <![CDATA[org.testng.TestRunner@1a1ccaaf]]>
              </value>
            </param>
          </params>
          <reporter-output>
          </reporter-output>
        </test-method> <!-- setUpClass -->
        <test-method signature="runScenario(io.cucumber.testng.PickleWrapper,io.cucumber.testng.FeatureWrapper)[pri:0, instance:com.bugbank.runners.TF006Runner@639c2c1d]" started-at="2026-05-02T01:32:53 IST" name="runScenario" description="Runs Cucumber Scenarios" data-provider="scenarios" finished-at="2026-05-02T01:32:53 IST" duration-ms="330" status="FAIL">
          <params>
            <param index="0">
              <value>
                <![CDATA["FROM ACCOUNT option shows account number and balance in correct format"]]>
              </value>
            </param>
            <param index="1">
              <value>
                <![CDATA["TF-006 FROM ACCOUNT option format validation"]]>
              </value>
            </param>
          </params>
          <exception class="java.lang.AssertionError">
            <message>
              <![CDATA[Login button should be visible expected [true] but found [false]]]>
            </message>
            <full-stacktrace>
              <![CDATA[java.lang.AssertionError: Login button should be visible expected [true] but found [false]
at org.testng.Assert.fail(Assert.java:111)
at org.testng.Assert.failNotEquals(Assert.java:1578)
at org.testng.Assert.assertTrue(Assert.java:57)
at com.bugbank.pages.LoginPage.assertLoginPageLoaded(LoginPage.java:63)
at com.bugbank.steps.TransferFundsSteps.loginPageIsLoaded(TransferFundsSteps.java:30)
at ✽.login page is loaded with logo and login button visible(file:///C:/Users/Administrator/Documents/ccc/bugbank/src/test/resources/features/TF-006.feature:5)
]]>
            </full-stacktrace>
          </exception> <!-- java.lang.AssertionError -->
          <reporter-output>
          </reporter-output>
        </test-method> <!-- runScenario -->
        <test-method is-config="true" signature="tearDownClass()[pri:0, instance:com.bugbank.runners.TF006Runner@639c2c1d]" started-at="2026-05-02T01:32:53 IST" name="tearDownClass" finished-at="2026-05-02T01:32:53 IST" duration-ms="47" status="PASS">
          <reporter-output>
          </reporter-output>
        </test-method> <!-- tearDownClass -->
      </class> <!-- com.bugbank.runners.TF006Runner -->
    </test> <!-- TransferFunds-Suite -->
  </suite> <!-- BugBank-TransferFunds -->
</testng-results>
