-------------------------------------------------------------------------------
Test set: TestSuite
-------------------------------------------------------------------------------
Tests run: 25, Failures: 4, Errors: 0, Skipped: 0, Time elapsed: 2070 s <<< FAILURE! -- in TestSuite
com.bugbank.runners.TF003Runner.runScenario["Initial load of Transfer Funds page shows required controls", "TF-003 Transfer Funds initial page layout"](1) -- Time elapsed: 13.91 s
com.bugbank.runners.TF004Runner.runScenario["FROM ACCOUNT dropdown shows available accounts with details", "TF-004 FROM ACCOUNT dropdown population"](1) -- Time elapsed: 13.71 s
com.bugbank.runners.TF005Runner.runScenario["FROM ACCOUNT is required when sending money", "TF-005 FROM ACCOUNT required validation"](1) -- Time elapsed: 87.47 s
com.bugbank.runners.TF006Runner.runScenario["FROM ACCOUNT option shows account number and balance in correct format", "TF-006 FROM ACCOUNT option format validation"](1) -- Time elapsed: 22.36 s
com.bugbank.runners.TF007Runner.runScenario["User with multiple accounts sees all accounts in dropdown", "TF-007 Multiple accounts in FROM ACCOUNT dropdown"](1) -- Time elapsed: 18.75 s
com.bugbank.runners.TF008Runner.runScenario["Prevent self-transfer using the same account", "TF-008 Self-transfer prevention"](1) -- Time elapsed: 90.02 s <<< FAILURE!
java.lang.AssertionError: Error message should appear for self-transfer attempt expected [true] but found [false]
	at org.testng.Assert.fail(Assert.java:111)
	at org.testng.Assert.failNotEquals(Assert.java:1578)
	at org.testng.Assert.assertTrue(Assert.java:57)
	at com.bugbank.steps.TransferFundsSteps.errorMessageIndicatesSelfTransferNotAllowed(TransferFundsSteps.java:368)
	at ✽.error message indicates self-transfer is not allowed(file:///C:/Users/Administrator/Documents/ccc/bugbank/src/test/resources/features/TF-008.feature:26)

com.bugbank.runners.TF023Runner.runScenario["RTGS valid minimum amount", "TF-023 RTGS minimum amount validation"](1) -- Time elapsed: 94.48 s
com.bugbank.runners.TF024Runner.runScenario["RTGS amount slightly below minimum", "TF-024 RTGS minimum amount validation"](1) -- Time elapsed: 95.60 s <<< FAILURE!
java.lang.AssertionError: Error message should appear for RTGS minimum validation expected [true] but found [false]
	at org.testng.Assert.fail(Assert.java:111)
	at org.testng.Assert.failNotEquals(Assert.java:1578)
	at org.testng.Assert.assertTrue(Assert.java:57)
	at com.bugbank.steps.TransferFundsSteps.transferIsBlockedDueToRtgsMinimum(TransferFundsSteps.java:404)
	at ✽.transfer is blocked due to RTGS minimum amount(file:///C:/Users/Administrator/Documents/ccc/bugbank/src/test/resources/features/TF-024.feature:25)

com.bugbank.runners.TF025Runner.runScenario["RTGS amount above minimum", "TF-025 RTGS above minimum amount validation"](1) -- Time elapsed: 93.00 s
com.bugbank.runners.TF026Runner.runScenario["NEFT with large amount", "TF-026 NEFT large amount"](1) -- Time elapsed: 92.25 s
com.bugbank.runners.TF028Runner.runScenario["Decimal amount is accepted", "TF-028 Amount with decimal values"](1) -- Time elapsed: 93.31 s
com.bugbank.runners.TF02345Runner.runScenario["RTGS transfer with various amounts", "TF-02345 RTGS amount validation with multiple values"](1) -- Time elapsed: 92.78 s
com.bugbank.runners.TF02345Runner.runScenario["RTGS transfer with various amounts", "TF-02345 RTGS amount validation with multiple values"](2) -- Time elapsed: 96.19 s <<< FAILURE!
java.lang.AssertionError: Error message should appear for blocked transfer expected [true] but found [false]
	at org.testng.Assert.fail(Assert.java:111)
	at org.testng.Assert.failNotEquals(Assert.java:1578)
	at org.testng.Assert.assertTrue(Assert.java:57)
	at com.bugbank.steps.TransferFundsSteps.verifyTransferResult(TransferFundsSteps.java:465)
	at ✽.verify transfer result as "blocked"(file:///C:/Users/Administrator/Documents/ccc/bugbank/src/test/resources/features/TF-02345.feature:25)

com.bugbank.runners.TF02345Runner.runScenario["RTGS transfer with various amounts", "TF-02345 RTGS amount validation with multiple values"](3) -- Time elapsed: 92.85 s
com.bugbank.runners.TF02123Runner.runScenario["IMPS transfer with boundary amount validation", "TF-02123 IMPS amount validation with boundary testing"](1) -- Time elapsed: 92.33 s
com.bugbank.runners.TF02123Runner.runScenario["IMPS transfer with boundary amount validation", "TF-02123 IMPS amount validation with boundary testing"](2) -- Time elapsed: 93.07 s
com.bugbank.runners.TF02123Runner.runScenario["IMPS transfer with boundary amount validation", "TF-02123 IMPS amount validation with boundary testing"](3) -- Time elapsed: 91.56 s
com.bugbank.runners.TF02123Runner.runScenario["IMPS transfer with boundary amount validation", "TF-02123 IMPS amount validation with boundary testing"](4) -- Time elapsed: 95.50 s <<< FAILURE!
java.lang.AssertionError: Error message should appear for invalid amount: 500001 expected [true] but found [false]
	at org.testng.Assert.fail(Assert.java:111)
	at org.testng.Assert.failNotEquals(Assert.java:1578)
	at org.testng.Assert.assertTrue(Assert.java:57)
	at com.bugbank.steps.TransferFundsSteps.verifyIMPSTransferResult(TransferFundsSteps.java:479)
	at ✽.verify IMPS transfer result as "failed" for amount "500001"(file:///C:/Users/Administrator/Documents/ccc/bugbank/src/test/resources/features/TF-02123.feature:25)

com.bugbank.runners.TF02123Runner.runScenario["IMPS transfer with boundary amount validation", "TF-02123 IMPS amount validation with boundary testing"](5) -- Time elapsed: 89.18 s
com.bugbank.runners.TF02678Runner.runScenario["NEFT transfer with various amount formats", "TF-02678 NEFT amount validation with decimal and boundary testing"](1) -- Time elapsed: 91.86 s
com.bugbank.runners.TF02678Runner.runScenario["NEFT transfer with various amount formats", "TF-02678 NEFT amount validation with decimal and boundary testing"](2) -- Time elapsed: 89.56 s
com.bugbank.runners.TF02678Runner.runScenario["NEFT transfer with various amount formats", "TF-02678 NEFT amount validation with decimal and boundary testing"](3) -- Time elapsed: 89.98 s
com.bugbank.runners.TF02678Runner.runScenario["NEFT transfer with various amount formats", "TF-02678 NEFT amount validation with decimal and boundary testing"](4) -- Time elapsed: 93.04 s
com.bugbank.runners.TF02678Runner.runScenario["NEFT transfer with various amount formats", "TF-02678 NEFT amount validation with decimal and boundary testing"](5) -- Time elapsed: 92.32 s
com.bugbank.runners.TF039Runner.runScenario["Full transfer workflow with dashboard and transaction verification", "TF-039 Complete transfer flow with transaction verification"](1) -- Time elapsed: 125.0 s
