<?xml version="1.0" encoding="UTF-8"?>
<testsuite xmlns:xsi="http://www.w3.org/2001/XMLSchema-instance" xsi:noNamespaceSchemaLocation="https://maven.apache.org/surefire/maven-surefire-plugin/xsd/surefire-test-report-3.0.xsd" version="3.0" name="TestSuite" time="1000.813" tests="11" errors="0" skipped="0" failures="6">
  <properties>
[...]
</properties>
  <testcase name="runScenario[&quot;Initial load of Transfer Funds page shows required controls&quot;, &quot;TF-003 Transfer Funds initial page layout&quot;](1)" classname="com.bugbank.runners.TF003Runner" time="21.245">
    <system-out><![CDATA[
Scenario: Initial load of Transfer Funds page shows required controls &amp#27;[90m# src/test/resources/features/TF-003.feature:3&amp#27;[0m
  &amp#27;[32mGiven &amp#27;[0m&amp#27;[32muser navigates to the application URL&amp#27;[0m                         &amp#27;[90m# com.bugbank.steps.TransferFundsSteps.userNavigatesToApplicationUrl()&amp#27;[0m
  &amp#27;[32mAnd &amp#27;[0m&amp#27;[32mlogin page is loaded with logo and login button visible&amp#27;[0m         &amp#27;[90m# com.bugbank.steps.TransferFundsSteps.loginPageIsLoaded()&amp#27;[0m
  &amp#27;[32mWhen &amp#27;[0m&amp#27;[32muser clicks on login button&amp#27;[0m                                    &amp#27;[90m# com.bugbank.steps.TransferFundsSteps.userClicksOnLoginButton()&amp#27;[0m
  &amp#27;[32mThen &amp#27;[0m&amp#27;[32mlogin popup with email and password fields appears&amp#27;[0m             &amp#27;[90m# com.bugbank.steps.TransferFundsSteps.loginPopupAppears()&amp#27;[0m
  &amp#27;[32mWhen &amp#27;[0m&amp#27;[32muser enters valid credentials&amp#27;[0m                                  &amp#27;[90m# com.bugbank.steps.TransferFundsSteps.userEntersValidCredentials()&amp#27;[0m
  &amp#27;[32mAnd &amp#27;[0m&amp#27;[32muser clicks on sign in button in login popup&amp#27;[0m                    &amp#27;[90m# com.bugbank.steps.TransferFundsSteps.userClicksSignInButton()&amp#27;[0m
  &amp#27;[32mThen &amp#27;[0m&amp#27;[32mdashboard page loads successfully&amp#27;[0m                              &amp#27;[90m# com.bugbank.steps.TransferFundsSteps.dashboardPageLoads()&amp#27;[0m
  &amp#27;[32mAnd &amp#27;[0m&amp#27;[32maccount overview text is visible on dashboard&amp#27;[0m                   &amp#27;[90m# com.bugbank.steps.TransferFundsSteps.accountOverviewIsVisible()&amp#27;[0m
  &amp#27;[32mWhen &amp#27;[0m&amp#27;[32muser clicks on transfer option in menu&amp#27;[0m                         &amp#27;[90m# com.bugbank.steps.TransferFundsSteps.userClicksTransferOption()&amp#27;[0m
  &amp#27;[32mThen &amp#27;[0m&amp#27;[32mtransfer funds page is loaded&amp#27;[0m                                  &amp#27;[90m# com.bugbank.steps.TransferFundsSteps.transferFundsPageIsLoaded()&amp#27;[0m
  &amp#27;[32mAnd &amp#27;[0m&amp#27;[32mtransfer page layout is complete&amp#27;[0m                                &amp#27;[90m# com.bugbank.steps.TransferFundsSteps.transferPageLayoutIsComplete()&amp#27;[0m
]]></system-out>
    <system-err><![CDATA[[main] INFO io.github.bonigarcia.wdm.WebDriverManager - Using chromedriver 147.0.7727.117 (resolved driver for Chrome 147)
[main] INFO io.github.bonigarcia.wdm.WebDriverManager - Exporting webdriver.chrome.driver as C:\Users\Administrator\.cache\selenium\chromedriver\win64\147.0.7727.117\chromedriver.exe
]]></system-err>
  </testcase>
  <testcase name="runScenario[&quot;FROM ACCOUNT dropdown shows available accounts with details&quot;, &quot;TF-004 FROM ACCOUNT dropdown population&quot;](1)" classname="com.bugbank.runners.TF004Runner" time="27.235">
    <system-out><![CDATA[
Scenario: FROM ACCOUNT dropdown shows available accounts with details         &amp#27;[90m# src/test/resources/features/TF-004.feature:3&amp#27;[0m
  &amp#27;[32mGiven &amp#27;[0m&amp#27;[32muser navigates to the application URL&amp#27;[0m                                 &amp#27;[90m# com.bugbank.steps.TransferFundsSteps.userNavigatesToApplicationUrl()&amp#27;[0m
  &amp#27;[32mAnd &amp#27;[0m&amp#27;[32mlogin page is loaded with logo and login button visible&amp#27;[0m                 &amp#27;[90m# com.bugbank.steps.TransferFundsSteps.loginPageIsLoaded()&amp#27;[0m
  &amp#27;[32mWhen &amp#27;[0m&amp#27;[32muser clicks on login button&amp#27;[0m                                            &amp#27;[90m# com.bugbank.steps.TransferFundsSteps.userClicksOnLoginButton()&amp#27;[0m
  &amp#27;[32mThen &amp#27;[0m&amp#27;[32mlogin popup with email and password fields appears&amp#27;[0m                     &amp#27;[90m# com.bugbank.steps.TransferFundsSteps.loginPopupAppears()&amp#27;[0m
  &amp#27;[32mWhen &amp#27;[0m&amp#27;[32muser enters valid credentials&amp#27;[0m                                          &amp#27;[90m# com.bugbank.steps.TransferFundsSteps.userEntersValidCredentials()&amp#27;[0m
  &amp#27;[32mAnd &amp#27;[0m&amp#27;[32muser clicks on sign in button in login popup&amp#27;[0m                            &amp#27;[90m# com.bugbank.steps.TransferFundsSteps.userClicksSignInButton()&amp#27;[0m
  &amp#27;[32mThen &amp#27;[0m&amp#27;[32mdashboard page loads successfully&amp#27;[0m                                      &amp#27;[90m# com.bugbank.steps.TransferFundsSteps.dashboardPageLoads()&amp#27;[0m
  &amp#27;[32mAnd &amp#27;[0m&amp#27;[32maccount overview text is visible on dashboard&amp#27;[0m                           &amp#27;[90m# com.bugbank.steps.TransferFundsSteps.accountOverviewIsVisible()&amp#27;[0m
  &amp#27;[32mWhen &amp#27;[0m&amp#27;[32muser clicks on transfer option in menu&amp#27;[0m                                 &amp#27;[90m# com.bugbank.steps.TransferFundsSteps.userClicksTransferOption()&amp#27;[0m
  &amp#27;[32mThen &amp#27;[0m&amp#27;[32mtransfer funds page is loaded&amp#27;[0m                                          &amp#27;[90m# com.bugbank.steps.TransferFundsSteps.transferFundsPageIsLoaded()&amp#27;[0m
  &amp#27;[32mWhen &amp#27;[0m&amp#27;[32muser opens FROM ACCOUNT dropdown&amp#27;[0m                                       &amp#27;[90m# com.bugbank.steps.TransferFundsSteps.userOpensFromAccountDropdown()&amp#27;[0m
  &amp#27;[32mThen &amp#27;[0m&amp#27;[32maccounts are populated and selectable&amp#27;[0m                                  &amp#27;[90m# com.bugbank.steps.TransferFundsSteps.accountsArePopulatedAndSelectable()&amp#27;[0m
  &amp#27;[32mAnd &amp#27;[0m&amp#27;[32maccounts display with format: "Account Type - Account Number (Balance)"&amp#27;[0m &amp#27;[90m# com.bugbank.steps.TransferFundsSteps.accountsDisplayWithFormat()&amp#27;[0m
  &amp#27;[32mAnd &amp#27;[0m&amp#27;[32mat least one account is visible in the dropdown&amp#27;[0m                         &amp#27;[90m# com.bugbank.steps.TransferFundsSteps.atLeastOneAccountVisible()&amp#27;[0m
]]></system-out>
  </testcase>
  <testcase name="runScenario[&quot;FROM ACCOUNT is required when sending money&quot;, &quot;TF-005 FROM ACCOUNT required validation&quot;](1)" classname="com.bugbank.runners.TF005Runner" time="115.008">
    <system-out><![CDATA[
Scenario: FROM ACCOUNT is required when sending money                 &amp#27;[90m# src/test/resources/features/TF-005.feature:3&amp#27;[0m
  &amp#27;[32mGiven &amp#27;[0m&amp#27;[32muser navigates to the application URL&amp#27;[0m                         &amp#27;[90m# com.bugbank.steps.TransferFundsSteps.userNavigatesToApplicationUrl()&amp#27;[0m
  &amp#27;[32mAnd &amp#27;[0m&amp#27;[32mlogin page is loaded with logo and login button visible&amp#27;[0m         &amp#27;[90m# com.bugbank.steps.TransferFundsSteps.loginPageIsLoaded()&amp#27;[0m
  &amp#27;[32mWhen &amp#27;[0m&amp#27;[32muser clicks on login button&amp#27;[0m                                    &amp#27;[90m# com.bugbank.steps.TransferFundsSteps.userClicksOnLoginButton()&amp#27;[0m
  &amp#27;[32mThen &amp#27;[0m&amp#27;[32mlogin popup with email and password fields appears&amp#27;[0m             &amp#27;[90m# com.bugbank.steps.TransferFundsSteps.loginPopupAppears()&amp#27;[0m
  &amp#27;[32mWhen &amp#27;[0m&amp#27;[32muser enters valid credentials&amp#27;[0m                                  &amp#27;[90m# com.bugbank.steps.TransferFundsSteps.userEntersValidCredentials()&amp#27;[0m
  &amp#27;[32mAnd &amp#27;[0m&amp#27;[32muser clicks on sign in button in login popup&amp#27;[0m                    &amp#27;[90m# com.bugbank.steps.TransferFundsSteps.userClicksSignInButton()&amp#27;[0m
  &amp#27;[32mThen &amp#27;[0m&amp#27;[32mdashboard page loads successfully&amp#27;[0m                              &amp#27;[90m# com.bugbank.steps.TransferFundsSteps.dashboardPageLoads()&amp#27;[0m
  &amp#27;[32mAnd &amp#27;[0m&amp#27;[32maccount overview text is visible on dashboard&amp#27;[0m                   &amp#27;[90m# com.bugbank.steps.TransferFundsSteps.accountOverviewIsVisible()&amp#27;[0m
  &amp#27;[32mWhen &amp#27;[0m&amp#27;[32muser clicks on transfer option in menu&amp#27;[0m                         &amp#27;[90m# com.bugbank.steps.TransferFundsSteps.userClicksTransferOption()&amp#27;[0m
  &amp#27;[32mThen &amp#27;[0m&amp#27;[32mtransfer funds page is loaded&amp#27;[0m                                  &amp#27;[90m# com.bugbank.steps.TransferFundsSteps.transferFundsPageIsLoaded()&amp#27;[0m
  &amp#27;[32mAnd &amp#27;[0m&amp#27;[32mtransfer page layout is complete&amp#27;[0m                                &amp#27;[90m# com.bugbank.steps.TransferFundsSteps.transferPageLayoutIsComplete()&amp#27;[0m
  &amp#27;[32mWhen &amp#27;[0m&amp#27;[32muser resets FROM ACCOUNT selection to empty&amp#27;[0m                    &amp#27;[90m# com.bugbank.steps.TransferFundsSteps.userResetsFromAccountToEmpty()&amp#27;[0m
  &amp#27;[32mAnd &amp#27;[0m&amp#27;[32muser enters RECEIVER ACCOUNT ID &amp#27;[0m&amp#27;[32m&amp#27;[1m"1201"&amp#27;[0m&amp#27;[32m with assertion&amp#27;[0m           &amp#27;[90m# com.bugbank.steps.TransferFundsSteps.userEntersReceiverAccountIdWithAssertion(java.lang.String)&amp#27;[0m
  &amp#27;[32mAnd &amp#27;[0m&amp#27;[32muser enters BENEFICIARY NICKNAME &amp#27;[0m&amp#27;[32m&amp#27;[1m"John Doe"&amp#27;[0m&amp#27;[32m with assertion&amp#27;[0m      &amp#27;[90m# com.bugbank.steps.TransferFundsSteps.userEntersBeneficiaryNicknameWithAssertion(java.lang.String)&amp#27;[0m
  &amp#27;[32mAnd &amp#27;[0m&amp#27;[32muser selects TRANSFER TYPE &amp#27;[0m&amp#27;[32m&amp#27;[1m"NEFT"&amp#27;[0m&amp#27;[32m with assertion&amp#27;[0m                &amp#27;[90m# com.bugbank.steps.TransferFundsSteps.userSelectsTransferTypeWithAssertion(java.lang.String)&amp#27;[0m
  &amp#27;[32mAnd &amp#27;[0m&amp#27;[32muser enters AMOUNT &amp#27;[0m&amp#27;[32m&amp#27;[1m"5000"&amp#27;[0m&amp#27;[32m with assertion&amp#27;[0m                        &amp#27;[90m# com.bugbank.steps.TransferFundsSteps.userEntersAmountWithAssertion(java.lang.String)&amp#27;[0m
  &amp#27;[32mAnd &amp#27;[0m&amp#27;[32muser selects CATEGORY &amp#27;[0m&amp#27;[32m&amp#27;[1m"Friends & Family"&amp#27;[0m&amp#27;[32m with assertion&amp#27;[0m         &amp#27;[90m# com.bugbank.steps.TransferFundsSteps.userSelectsCategoryWithAssertion(java.lang.String)&amp#27;[0m
  &amp#27;[32mAnd &amp#27;[0m&amp#27;[32muser selects SCHEDULE &amp#27;[0m&amp#27;[32m&amp#27;[1m"Now"&amp#27;[0m&amp#27;[32m with assertion&amp#27;[0m                      &amp#27;[90m# com.bugbank.steps.TransferFundsSteps.userSelectsScheduleWithAssertion(java.lang.String)&amp#27;[0m
Remarks to be entered: Rent
  &amp#27;[32mAnd &amp#27;[0m&amp#27;[32muser enters REMARKS &amp#27;[0m&amp#27;[32m&amp#27;[1m"Rent"&amp#27;[0m&amp#27;[32m with assertion&amp#27;[0m                       &amp#27;[90m# com.bugbank.steps.TransferFundsSteps.userEntersRemarksWithAssertion(java.lang.String)&amp#27;[0m
  &amp#27;[32mAnd &amp#27;[0m&amp#27;[32muser submits transfer&amp#27;[0m                                           &amp#27;[90m# com.bugbank.steps.TransferFundsSteps.userSubmitsTransfer()&amp#27;[0m
  &amp#27;[32mThen &amp#27;[0m&amp#27;[32merror indicates FROM ACCOUNT is required with specific message&amp#27;[0m &amp#27;[90m# com.bugbank.steps.TransferFundsSteps.errorIndicatesFromAccountRequiredWithMessage()&amp#27;[0m
  &amp#27;[32mAnd &amp#27;[0m&amp#27;[32mno success message appears&amp#27;[0m                                      &amp#27;[90m# com.bugbank.steps.TransferFundsSteps.noSuccessMessageAppears()&amp#27;[0m
  &amp#27;[32mAnd &amp#27;[0m&amp#27;[32mverify FROM ACCOUNT field is still empty&amp#27;[0m                        &amp#27;[90m# com.bugbank.steps.TransferFundsSteps.verifyFromAccountStillEmpty()&amp#27;[0m
]]></system-out>
  </testcase>
  <testcase name="runScenario[&quot;FROM ACCOUNT option shows account number and balance in correct format&quot;, &quot;TF-006 FROM ACCOUNT option format validation&quot;](1)" classname="com.bugbank.runners.TF006Runner" time="35.385">
    <system-out><![CDATA[
Scenario: FROM ACCOUNT option shows account number and balance in correct format   &amp#27;[90m# src/test/resources/features/TF-006.feature:3&amp#27;[0m
  &amp#27;[32mGiven &amp#27;[0m&amp#27;[32muser navigates to the application URL&amp#27;[0m                                      &amp#27;[90m# com.bugbank.steps.TransferFundsSteps.userNavigatesToApplicationUrl()&amp#27;[0m
  &amp#27;[32mAnd &amp#27;[0m&amp#27;[32mlogin page is loaded with logo and login button visible&amp#27;[0m                      &amp#27;[90m# com.bugbank.steps.TransferFundsSteps.loginPageIsLoaded()&amp#27;[0m
  &amp#27;[32mWhen &amp#27;[0m&amp#27;[32muser clicks on login button&amp#27;[0m                                                 &amp#27;[90m# com.bugbank.steps.TransferFundsSteps.userClicksOnLoginButton()&amp#27;[0m
  &amp#27;[32mThen &amp#27;[0m&amp#27;[32mlogin popup with email and password fields appears&amp#27;[0m                          &amp#27;[90m# com.bugbank.steps.TransferFundsSteps.loginPopupAppears()&amp#27;[0m
  &amp#27;[32mWhen &amp#27;[0m&amp#27;[32muser enters valid credentials&amp#27;[0m                                               &amp#27;[90m# com.bugbank.steps.TransferFundsSteps.userEntersValidCredentials()&amp#27;[0m
  &amp#27;[32mAnd &amp#27;[0m&amp#27;[32muser clicks on sign in button in login popup&amp#27;[0m                                 &amp#27;[90m# com.bugbank.steps.TransferFundsSteps.userClicksSignInButton()&amp#27;[0m
  &amp#27;[32mThen &amp#27;[0m&amp#27;[32mdashboard page loads successfully&amp#27;[0m                                           &amp#27;[90m# com.bugbank.steps.TransferFundsSteps.dashboardPageLoads()&amp#27;[0m
  &amp#27;[32mAnd &amp#27;[0m&amp#27;[32maccount overview text is visible on dashboard&amp#27;[0m                                &amp#27;[90m# com.bugbank.steps.TransferFundsSteps.accountOverviewIsVisible()&amp#27;[0m
  &amp#27;[32mWhen &amp#27;[0m&amp#27;[32muser clicks on transfer option in menu&amp#27;[0m                                      &amp#27;[90m# com.bugbank.steps.TransferFundsSteps.userClicksTransferOption()&amp#27;[0m
  &amp#27;[32mThen &amp#27;[0m&amp#27;[32mtransfer funds page is loaded&amp#27;[0m                                               &amp#27;[90m# com.bugbank.steps.TransferFundsSteps.transferFundsPageIsLoaded()&amp#27;[0m
  &amp#27;[32mAnd &amp#27;[0m&amp#27;[32mtransfer page layout is complete&amp#27;[0m                                             &amp#27;[90m# com.bugbank.steps.TransferFundsSteps.transferPageLayoutIsComplete()&amp#27;[0m
  &amp#27;[32mWhen &amp#27;[0m&amp#27;[32muser opens FROM ACCOUNT dropdown&amp#27;[0m                                            &amp#27;[90m# com.bugbank.steps.TransferFundsSteps.userOpensFromAccountDropdown()&amp#27;[0m
  &amp#27;[32mThen &amp#27;[0m&amp#27;[32mat least one account is visible in the dropdown&amp#27;[0m                             &amp#27;[90m# com.bugbank.steps.TransferFundsSteps.atLeastOneAccountVisible()&amp#27;[0m
  &amp#27;[32mAnd &amp#27;[0m&amp#27;[32mall accounts in dropdown display account type&amp#27;[0m                                &amp#27;[90m# com.bugbank.steps.TransferFundsSteps.allAccountsDisplayType()&amp#27;[0m
  &amp#27;[32mAnd &amp#27;[0m&amp#27;[32mall accounts in dropdown display account number&amp#27;[0m                              &amp#27;[90m# com.bugbank.steps.TransferFundsSteps.allAccountsDisplayNumber()&amp#27;[0m
  &amp#27;[32mAnd &amp#27;[0m&amp#27;[32mall accounts in dropdown display balance in parentheses with currency symbol&amp#27;[0m &amp#27;[90m# com.bugbank.steps.TransferFundsSteps.allAccountsDisplayBalance()&amp#27;[0m
  &amp#27;[32mAnd &amp#27;[0m&amp#27;[32maccounts follow the format "Type - Number (Symbol Balance)"&amp#27;[0m                  &amp#27;[90m# com.bugbank.steps.TransferFundsSteps.accountsFollowCorrectFormat()&amp#27;[0m
]]></system-out>
  </testcase>
  <testcase name="runScenario[&quot;User with multiple accounts sees all accounts in dropdown&quot;, &quot;TF-007 Multiple accounts in FROM ACCOUNT dropdown&quot;](1)" classname="com.bugbank.runners.TF007Runner" time="32.665">
    <system-out><![CDATA[
Scenario: User with multiple accounts sees all accounts in dropdown            &amp#27;[90m# src/test/resources/features/TF-007.feature:3&amp#27;[0m
  &amp#27;[32mGiven &amp#27;[0m&amp#27;[32muser navigates to the application URL&amp#27;[0m                                  &amp#27;[90m# com.bugbank.steps.TransferFundsSteps.userNavigatesToApplicationUrl()&amp#27;[0m
  &amp#27;[32mAnd &amp#27;[0m&amp#27;[32mlogin page is loaded with logo and login button visible&amp#27;[0m                  &amp#27;[90m# com.bugbank.steps.TransferFundsSteps.loginPageIsLoaded()&amp#27;[0m
  &amp#27;[32mWhen &amp#27;[0m&amp#27;[32muser clicks on login button&amp#27;[0m                                             &amp#27;[90m# com.bugbank.steps.TransferFundsSteps.userClicksOnLoginButton()&amp#27;[0m
  &amp#27;[32mThen &amp#27;[0m&amp#27;[32mlogin popup with email and password fields appears&amp#27;[0m                      &amp#27;[90m# com.bugbank.steps.TransferFundsSteps.loginPopupAppears()&amp#27;[0m
  &amp#27;[32mWhen &amp#27;[0m&amp#27;[32muser enters valid credentials&amp#27;[0m                                           &amp#27;[90m# com.bugbank.steps.TransferFundsSteps.userEntersValidCredentials()&amp#27;[0m
  &amp#27;[32mAnd &amp#27;[0m&amp#27;[32muser clicks on sign in button in login popup&amp#27;[0m                             &amp#27;[90m# com.bugbank.steps.TransferFundsSteps.userClicksSignInButton()&amp#27;[0m
  &amp#27;[32mThen &amp#27;[0m&amp#27;[32mdashboard page loads successfully&amp#27;[0m                                       &amp#27;[90m# com.bugbank.steps.TransferFundsSteps.dashboardPageLoads()&amp#27;[0m
  &amp#27;[32mAnd &amp#27;[0m&amp#27;[32maccount overview text is visible on dashboard&amp#27;[0m                            &amp#27;[90m# com.bugbank.steps.TransferFundsSteps.accountOverviewIsVisible()&amp#27;[0m
  &amp#27;[32mWhen &amp#27;[0m&amp#27;[32muser clicks on transfer option in menu&amp#27;[0m                                  &amp#27;[90m# com.bugbank.steps.TransferFundsSteps.userClicksTransferOption()&amp#27;[0m
  &amp#27;[32mThen &amp#27;[0m&amp#27;[32mtransfer funds page is loaded&amp#27;[0m                                           &amp#27;[90m# com.bugbank.steps.TransferFundsSteps.transferFundsPageIsLoaded()&amp#27;[0m
  &amp#27;[32mAnd &amp#27;[0m&amp#27;[32mtransfer page layout is complete&amp#27;[0m                                         &amp#27;[90m# com.bugbank.steps.TransferFundsSteps.transferPageLayoutIsComplete()&amp#27;[0m
  &amp#27;[32mWhen &amp#27;[0m&amp#27;[32muser opens FROM ACCOUNT dropdown&amp#27;[0m                                        &amp#27;[90m# com.bugbank.steps.TransferFundsSteps.userOpensFromAccountDropdown()&amp#27;[0m
  &amp#27;[32mThen &amp#27;[0m&amp#27;[32mmultiple accounts are listed&amp#27;[0m                                            &amp#27;[90m# com.bugbank.steps.TransferFundsSteps.multipleAccountsAreListed()&amp#27;[0m
All available accounts:
1. SAVINGS — 3696252 (₹47045500)
2. CURRENT — 6988029 (₹50000)
3. BUSINESS — 5526501 (₹50000)
  &amp#27;[32mAnd &amp#27;[0m&amp#27;[32muser can see all account options displayed&amp#27;[0m                               &amp#27;[90m# com.bugbank.steps.TransferFundsSteps.userCanSeeAllAccountOptions()&amp#27;[0m
  &amp#27;[32mAnd &amp#27;[0m&amp#27;[32meach account option shows complete details with type, number and balance&amp#27;[0m &amp#27;[90m# com.bugbank.steps.TransferFundsSteps.eachAccountShowsCompleteDetails()&amp#27;[0m
]]></system-out>
  </testcase>
  <testcase name="runScenario[&quot;Prevent self-transfer using the same account&quot;, &quot;TF-008 Self-transfer prevention&quot;](1)" classname="com.bugbank.runners.TF008Runner" time="121.944">
    <failure message="Error message should appear for self-transfer attempt expected [true] but found [false]" type="java.lang.AssertionError"><![CDATA[java.lang.AssertionError: Error message should appear for self-transfer attempt expected [true] but found [false]
	at org.testng.Assert.fail(Assert.java:111)
	at org.testng.Assert.failNotEquals(Assert.java:1578)
	at org.testng.Assert.assertTrue(Assert.java:57)
	at com.bugbank.steps.TransferFundsSteps.errorMessageIndicatesSelfTransferNotAllowed(TransferFundsSteps.java:362)
	at ✽.error message indicates self-transfer is not allowed(file:///C:/Users/Administrator/Documents/Git/testing/BBT/src/test/resources/features/TF-008.feature:25)
]]></failure>
    <system-out><![CDATA[
Scenario: Prevent self-transfer using the same account                         &amp#27;[90m# src/test/resources/features/TF-008.feature:3&amp#27;[0m
  &amp#27;[32mGiven &amp#27;[0m&amp#27;[32muser navigates to the application URL&amp#27;[0m                                  &amp#27;[90m# com.bugbank.steps.TransferFundsSteps.userNavigatesToApplicationUrl()&amp#27;[0m
  &amp#27;[32mAnd &amp#27;[0m&amp#27;[32mlogin page is loaded with logo and login button visible&amp#27;[0m                  &amp#27;[90m# com.bugbank.steps.TransferFundsSteps.loginPageIsLoaded()&amp#27;[0m
  &amp#27;[32mWhen &amp#27;[0m&amp#27;[32muser clicks on login button&amp#27;[0m                                             &amp#27;[90m# com.bugbank.steps.TransferFundsSteps.userClicksOnLoginButton()&amp#27;[0m
  &amp#27;[32mThen &amp#27;[0m&amp#27;[32mlogin popup with email and password fields appears&amp#27;[0m                      &amp#27;[90m# com.bugbank.steps.TransferFundsSteps.loginPopupAppears()&amp#27;[0m
  &amp#27;[32mWhen &amp#27;[0m&amp#27;[32muser enters valid credentials&amp#27;[0m                                           &amp#27;[90m# com.bugbank.steps.TransferFundsSteps.userEntersValidCredentials()&amp#27;[0m
  &amp#27;[32mAnd &amp#27;[0m&amp#27;[32muser clicks on sign in button in login popup&amp#27;[0m                             &amp#27;[90m# com.bugbank.steps.TransferFundsSteps.userClicksSignInButton()&amp#27;[0m
  &amp#27;[32mThen &amp#27;[0m&amp#27;[32mdashboard page loads successfully&amp#27;[0m                                       &amp#27;[90m# com.bugbank.steps.TransferFundsSteps.dashboardPageLoads()&amp#27;[0m
  &amp#27;[32mAnd &amp#27;[0m&amp#27;[32maccount overview text is visible on dashboard&amp#27;[0m                            &amp#27;[90m# com.bugbank.steps.TransferFundsSteps.accountOverviewIsVisible()&amp#27;[0m
  &amp#27;[32mWhen &amp#27;[0m&amp#27;[32muser clicks on transfer option in menu&amp#27;[0m                                  &amp#27;[90m# com.bugbank.steps.TransferFundsSteps.userClicksTransferOption()&amp#27;[0m
  &amp#27;[32mThen &amp#27;[0m&amp#27;[32mtransfer funds page is loaded&amp#27;[0m                                           &amp#27;[90m# com.bugbank.steps.TransferFundsSteps.transferFundsPageIsLoaded()&amp#27;[0m
  &amp#27;[32mAnd &amp#27;[0m&amp#27;[32mtransfer page layout is complete&amp#27;[0m                                         &amp#27;[90m# com.bugbank.steps.TransferFundsSteps.transferPageLayoutIsComplete()&amp#27;[0m
  &amp#27;[32mWhen &amp#27;[0m&amp#27;[32muser opens FROM ACCOUNT dropdown&amp#27;[0m                                        &amp#27;[90m# com.bugbank.steps.TransferFundsSteps.userOpensFromAccountDropdown()&amp#27;[0m
  &amp#27;[32mAnd &amp#27;[0m&amp#27;[32muser selects first available account from dropdown with assertion&amp#27;[0m        &amp#27;[90m# com.bugbank.steps.TransferFundsSteps.userSelectsFirstAccountWithAssertion()&amp#27;[0m
Selected FROM ACCOUNT: 🏦
BugBank
🏛️
Accounts
↔️
Transfer
📋
Transactions
🏠
Loans
💳
Cards
🏦
Fixed Deposits
📈
Investments
TESTING TOOLS
🧪
Selenium Lab
↔️
Transfer Wizard
📊
Txn History
👤
My Profile
🏦
Loan Apply
📐
Widgets
CUCUMBER TARGETS
🥒
BDD Login
🥒
BDD Wizard
🥒
BDD Bulk Transfer
🥒
BDD Loan Admin
M
User Code
MV0004
Transfer Funds
MV0004
⏻ Logout
↔️ Transfer Funds
Send money securely to any account
FROM ACCOUNT
SAVINGS — 3696252 (₹47045500)
CURRENT — 6988029 (₹50000)
BUSINESS — 5526501 (₹50000)
RECEIVER ACCOUNT ID
BENEFICIARY NICKNAME
TRANSFER TYPE
IMPS
Max ₹5L
Fee: ₹5
NEFT
2-3 hrs
Free
RTGS
Min ₹2L
Free
AMOUNT (₹)
CATEGORY
                                Friend / Family
                                Loan
                                Investment
                                Grocery
                                Travel
                                Personal
                             SCHEDULE TRANSFER
NOW
LATER
REMARKS / DESCRIPTION (OPTIONAL)
0 / 150
Send Money →
  &amp#27;[32mThen &amp#27;[0m&amp#27;[32mverify FROM ACCOUNT has been selected&amp#27;[0m                                   &amp#27;[90m# com.bugbank.steps.TransferFundsSteps.verifyFromAccountSelected()&amp#27;[0m
  &amp#27;[32mWhen &amp#27;[0m&amp#27;[32muser enters RECEIVER ACCOUNT ID with same account number with assertion&amp#27;[0m &amp#27;[90m# com.bugbank.steps.TransferFundsSteps.userEntersReceiverAccountIdSameAsFromAccount()&amp#27;[0m
  &amp#27;[32mAnd &amp#27;[0m&amp#27;[32muser enters BENEFICIARY NICKNAME &amp#27;[0m&amp#27;[32m&amp#27;[1m"Rent"&amp#27;[0m&amp#27;[32m with assertion&amp#27;[0m                   &amp#27;[90m# com.bugbank.steps.TransferFundsSteps.userEntersBeneficiaryNicknameWithAssertion(java.lang.String)&amp#27;[0m
  &amp#27;[32mAnd &amp#27;[0m&amp#27;[32muser selects TRANSFER TYPE &amp#27;[0m&amp#27;[32m&amp#27;[1m"NEFT"&amp#27;[0m&amp#27;[32m with assertion&amp#27;[0m                         &amp#27;[90m# com.bugbank.steps.TransferFundsSteps.userSelectsTransferTypeWithAssertion(java.lang.String)&amp#27;[0m
  &amp#27;[32mAnd &amp#27;[0m&amp#27;[32muser enters AMOUNT &amp#27;[0m&amp#27;[32m&amp#27;[1m"5000"&amp#27;[0m&amp#27;[32m with assertion&amp#27;[0m                                 &amp#27;[90m# com.bugbank.steps.TransferFundsSteps.userEntersAmountWithAssertion(java.lang.String)&amp#27;[0m
  &amp#27;[32mAnd &amp#27;[0m&amp#27;[32muser selects CATEGORY &amp#27;[0m&amp#27;[32m&amp#27;[1m"Friends & Family"&amp#27;[0m&amp#27;[32m with assertion&amp#27;[0m                  &amp#27;[90m# com.bugbank.steps.TransferFundsSteps.userSelectsCategoryWithAssertion(java.lang.String)&amp#27;[0m
  &amp#27;[32mAnd &amp#27;[0m&amp#27;[32muser selects SCHEDULE &amp#27;[0m&amp#27;[32m&amp#27;[1m"Now"&amp#27;[0m&amp#27;[32m with assertion&amp#27;[0m                               &amp#27;[90m# com.bugbank.steps.TransferFundsSteps.userSelectsScheduleWithAssertion(java.lang.String)&amp#27;[0m
  &amp#27;[32mAnd &amp#27;[0m&amp#27;[32muser submits transfer&amp#27;[0m                                                    &amp#27;[90m# com.bugbank.steps.TransferFundsSteps.userSubmitsTransfer()&amp#27;[0m
  &amp#27;[31mThen &amp#27;[0m&amp#27;[31merror message indicates self-transfer is not allowed&amp#27;[0m                    &amp#27;[90m# com.bugbank.steps.TransferFundsSteps.errorMessageIndicatesSelfTransferNotAllowed()&amp#27;[0m
      &amp#27;[31mjava.lang.AssertionError: Error message should appear for self-transfer attempt expected [true] but found [false]
	at org.testng.Assert.fail(Assert.java:111)
	at org.testng.Assert.failNotEquals(Assert.java:1578)
	at org.testng.Assert.assertTrue(Assert.java:57)
	at com.bugbank.steps.TransferFundsSteps.errorMessageIndicatesSelfTransferNotAllowed(TransferFundsSteps.java:362)
	at âœ½.error message indicates self-transfer is not allowed(file:///C:/Users/Administrator/Documents/Git/testing/BBT/src/test/resources/features/TF-008.feature:25)
&amp#27;[0m
  &amp#27;[36mAnd &amp#27;[0m&amp#27;[36mno success message appears&amp#27;[0m                                               &amp#27;[90m# com.bugbank.steps.TransferFundsSteps.noSuccessMessageAppears()&amp#27;[0m
  &amp#27;[36mAnd &amp#27;[0m&amp#27;[36mverify transaction was not completed&amp#27;[0m                                     &amp#27;[90m# com.bugbank.steps.TransferFundsSteps.verifyTransactionNotCompleted()&amp#27;[0m
]]></system-out>
  </testcase>
  <testcase name="runScenario[&quot;RTGS valid minimum amount&quot;, &quot;TF-023 RTGS minimum amount validation&quot;](1)" classname="com.bugbank.runners.TF023Runner" time="121.221">
    <failure message="Success message should appear for a successful transfer expected [true] but found [false]" type="java.lang.AssertionError"><![CDATA[java.lang.AssertionError: Success message should appear for a successful transfer expected [true] but found [false]
	at org.testng.Assert.fail(Assert.java:111)
	at org.testng.Assert.failNotEquals(Assert.java:1578)
	at org.testng.Assert.assertTrue(Assert.java:57)
	at com.bugbank.steps.TransferFundsSteps.transferIsSuccessful(TransferFundsSteps.java:386)
	at ✽.transfer is successful(file:///C:/Users/Administrator/Documents/Git/testing/BBT/src/test/resources/features/TF-023.feature:25)
]]></failure>
    <system-out><![CDATA[
Scenario: RTGS valid minimum amount                                     &amp#27;[90m# src/test/resources/features/TF-023.feature:3&amp#27;[0m
  &amp#27;[32mGiven &amp#27;[0m&amp#27;[32muser navigates to the application URL&amp#27;[0m                           &amp#27;[90m# com.bugbank.steps.TransferFundsSteps.userNavigatesToApplicationUrl()&amp#27;[0m
  &amp#27;[32mAnd &amp#27;[0m&amp#27;[32mlogin page is loaded with logo and login button visible&amp#27;[0m           &amp#27;[90m# com.bugbank.steps.TransferFundsSteps.loginPageIsLoaded()&amp#27;[0m
  &amp#27;[32mWhen &amp#27;[0m&amp#27;[32muser clicks on login button&amp#27;[0m                                      &amp#27;[90m# com.bugbank.steps.TransferFundsSteps.userClicksOnLoginButton()&amp#27;[0m
  &amp#27;[32mThen &amp#27;[0m&amp#27;[32mlogin popup with email and password fields appears&amp#27;[0m               &amp#27;[90m# com.bugbank.steps.TransferFundsSteps.loginPopupAppears()&amp#27;[0m
  &amp#27;[32mWhen &amp#27;[0m&amp#27;[32muser enters valid credentials&amp#27;[0m                                    &amp#27;[90m# com.bugbank.steps.TransferFundsSteps.userEntersValidCredentials()&amp#27;[0m
  &amp#27;[32mAnd &amp#27;[0m&amp#27;[32muser clicks on sign in button in login popup&amp#27;[0m                      &amp#27;[90m# com.bugbank.steps.TransferFundsSteps.userClicksSignInButton()&amp#27;[0m
  &amp#27;[32mThen &amp#27;[0m&amp#27;[32mdashboard page loads successfully&amp#27;[0m                                &amp#27;[90m# com.bugbank.steps.TransferFundsSteps.dashboardPageLoads()&amp#27;[0m
  &amp#27;[32mAnd &amp#27;[0m&amp#27;[32maccount overview text is visible on dashboard&amp#27;[0m                     &amp#27;[90m# com.bugbank.steps.TransferFundsSteps.accountOverviewIsVisible()&amp#27;[0m
  &amp#27;[32mWhen &amp#27;[0m&amp#27;[32muser clicks on transfer option in menu&amp#27;[0m                           &amp#27;[90m# com.bugbank.steps.TransferFundsSteps.userClicksTransferOption()&amp#27;[0m
  &amp#27;[32mThen &amp#27;[0m&amp#27;[32mtransfer funds page is loaded&amp#27;[0m                                    &amp#27;[90m# com.bugbank.steps.TransferFundsSteps.transferFundsPageIsLoaded()&amp#27;[0m
  &amp#27;[32mAnd &amp#27;[0m&amp#27;[32mtransfer page layout is complete&amp#27;[0m                                  &amp#27;[90m# com.bugbank.steps.TransferFundsSteps.transferPageLayoutIsComplete()&amp#27;[0m
  &amp#27;[32mWhen &amp#27;[0m&amp#27;[32muser opens FROM ACCOUNT dropdown&amp#27;[0m                                 &amp#27;[90m# com.bugbank.steps.TransferFundsSteps.userOpensFromAccountDropdown()&amp#27;[0m
  &amp#27;[32mAnd &amp#27;[0m&amp#27;[32muser selects first available account from dropdown with assertion&amp#27;[0m &amp#27;[90m# com.bugbank.steps.TransferFundsSteps.userSelectsFirstAccountWithAssertion()&amp#27;[0m
  &amp#27;[32mAnd &amp#27;[0m&amp#27;[32muser enters RECEIVER ACCOUNT ID &amp#27;[0m&amp#27;[32m&amp#27;[1m"12"&amp#27;[0m&amp#27;[32m with assertion&amp#27;[0m               &amp#27;[90m# com.bugbank.steps.TransferFundsSteps.userEntersReceiverAccountIdWithAssertion(java.lang.String)&amp#27;[0m
  &amp#27;[32mAnd &amp#27;[0m&amp#27;[32muser enters BENEFICIARY NICKNAME &amp#27;[0m&amp#27;[32m&amp#27;[1m"John Doe"&amp#27;[0m&amp#27;[32m with assertion&amp#27;[0m        &amp#27;[90m# com.bugbank.steps.TransferFundsSteps.userEntersBeneficiaryNicknameWithAssertion(java.lang.String)&amp#27;[0m
  &amp#27;[32mAnd &amp#27;[0m&amp#27;[32muser selects TRANSFER TYPE &amp#27;[0m&amp#27;[32m&amp#27;[1m"RTGS"&amp#27;[0m&amp#27;[32m with assertion&amp#27;[0m                  &amp#27;[90m# com.bugbank.steps.TransferFundsSteps.userSelectsTransferTypeWithAssertion(java.lang.String)&amp#27;[0m
  &amp#27;[32mAnd &amp#27;[0m&amp#27;[32muser enters AMOUNT &amp#27;[0m&amp#27;[32m&amp#27;[1m"200000"&amp#27;[0m&amp#27;[32m with assertion&amp#27;[0m                        &amp#27;[90m# com.bugbank.steps.TransferFundsSteps.userEntersAmountWithAssertion(java.lang.String)&amp#27;[0m
  &amp#27;[32mAnd &amp#27;[0m&amp#27;[32muser selects CATEGORY &amp#27;[0m&amp#27;[32m&amp#27;[1m"Friends & Family"&amp#27;[0m&amp#27;[32m with assertion&amp#27;[0m           &amp#27;[90m# com.bugbank.steps.TransferFundsSteps.userSelectsCategoryWithAssertion(java.lang.String)&amp#27;[0m
  &amp#27;[32mAnd &amp#27;[0m&amp#27;[32muser selects SCHEDULE &amp#27;[0m&amp#27;[32m&amp#27;[1m"Now"&amp#27;[0m&amp#27;[32m with assertion&amp#27;[0m                        &amp#27;[90m# com.bugbank.steps.TransferFundsSteps.userSelectsScheduleWithAssertion(java.lang.String)&amp#27;[0m
Remarks to be entered: Rent
  &amp#27;[32mAnd &amp#27;[0m&amp#27;[32muser enters REMARKS &amp#27;[0m&amp#27;[32m&amp#27;[1m"Rent"&amp#27;[0m&amp#27;[32m with assertion&amp#27;[0m                         &amp#27;[90m# com.bugbank.steps.TransferFundsSteps.userEntersRemarksWithAssertion(java.lang.String)&amp#27;[0m
  &amp#27;[32mAnd &amp#27;[0m&amp#27;[32muser submits transfer&amp#27;[0m                                             &amp#27;[90m# com.bugbank.steps.TransferFundsSteps.userSubmitsTransfer()&amp#27;[0m
  &amp#27;[31mThen &amp#27;[0m&amp#27;[31mtransfer is successful&amp#27;[0m                                           &amp#27;[90m# com.bugbank.steps.TransferFundsSteps.transferIsSuccessful()&amp#27;[0m
      &amp#27;[31mjava.lang.AssertionError: Success message should appear for a successful transfer expected [true] but found [false]
	at org.testng.Assert.fail(Assert.java:111)
	at org.testng.Assert.failNotEquals(Assert.java:1578)
	at org.testng.Assert.assertTrue(Assert.java:57)
	at com.bugbank.steps.TransferFundsSteps.transferIsSuccessful(TransferFundsSteps.java:386)
	at âœ½.transfer is successful(file:///C:/Users/Administrator/Documents/Git/testing/BBT/src/test/resources/features/TF-023.feature:25)
&amp#27;[0m
]]></system-out>
  </testcase>
  <testcase name="runScenario[&quot;RTGS amount slightly below minimum&quot;, &quot;TF-024 RTGS minimum amount validation&quot;](1)" classname="com.bugbank.runners.TF024Runner" time="123.222">
    <failure message="Error message should appear for RTGS minimum validation expected [true] but found [false]" type="java.lang.AssertionError"><![CDATA[java.lang.AssertionError: Error message should appear for RTGS minimum validation expected [true] but found [false]
	at org.testng.Assert.fail(Assert.java:111)
	at org.testng.Assert.failNotEquals(Assert.java:1578)
	at org.testng.Assert.assertTrue(Assert.java:57)
	at com.bugbank.steps.TransferFundsSteps.transferIsBlockedDueToRtgsMinimum(TransferFundsSteps.java:396)
	at ✽.transfer is blocked due to RTGS minimum amount(file:///C:/Users/Administrator/Documents/Git/testing/BBT/src/test/resources/features/TF-024.feature:25)
]]></failure>
    <system-out><![CDATA[
Scenario: RTGS amount slightly below minimum                            &amp#27;[90m# src/test/resources/features/TF-024.feature:3&amp#27;[0m
  &amp#27;[32mGiven &amp#27;[0m&amp#27;[32muser navigates to the application URL&amp#27;[0m                           &amp#27;[90m# com.bugbank.steps.TransferFundsSteps.userNavigatesToApplicationUrl()&amp#27;[0m
  &amp#27;[32mAnd &amp#27;[0m&amp#27;[32mlogin page is loaded with logo and login button visible&amp#27;[0m           &amp#27;[90m# com.bugbank.steps.TransferFundsSteps.loginPageIsLoaded()&amp#27;[0m
  &amp#27;[32mWhen &amp#27;[0m&amp#27;[32muser clicks on login button&amp#27;[0m                                      &amp#27;[90m# com.bugbank.steps.TransferFundsSteps.userClicksOnLoginButton()&amp#27;[0m
  &amp#27;[32mThen &amp#27;[0m&amp#27;[32mlogin popup with email and password fields appears&amp#27;[0m               &amp#27;[90m# com.bugbank.steps.TransferFundsSteps.loginPopupAppears()&amp#27;[0m
  &amp#27;[32mWhen &amp#27;[0m&amp#27;[32muser enters valid credentials&amp#27;[0m                                    &amp#27;[90m# com.bugbank.steps.TransferFundsSteps.userEntersValidCredentials()&amp#27;[0m
  &amp#27;[32mAnd &amp#27;[0m&amp#27;[32muser clicks on sign in button in login popup&amp#27;[0m                      &amp#27;[90m# com.bugbank.steps.TransferFundsSteps.userClicksSignInButton()&amp#27;[0m
  &amp#27;[32mThen &amp#27;[0m&amp#27;[32mdashboard page loads successfully&amp#27;[0m                                &amp#27;[90m# com.bugbank.steps.TransferFundsSteps.dashboardPageLoads()&amp#27;[0m
  &amp#27;[32mAnd &amp#27;[0m&amp#27;[32maccount overview text is visible on dashboard&amp#27;[0m                     &amp#27;[90m# com.bugbank.steps.TransferFundsSteps.accountOverviewIsVisible()&amp#27;[0m
  &amp#27;[32mWhen &amp#27;[0m&amp#27;[32muser clicks on transfer option in menu&amp#27;[0m                           &amp#27;[90m# com.bugbank.steps.TransferFundsSteps.userClicksTransferOption()&amp#27;[0m
  &amp#27;[32mThen &amp#27;[0m&amp#27;[32mtransfer funds page is loaded&amp#27;[0m                                    &amp#27;[90m# com.bugbank.steps.TransferFundsSteps.transferFundsPageIsLoaded()&amp#27;[0m
  &amp#27;[32mAnd &amp#27;[0m&amp#27;[32mtransfer page layout is complete&amp#27;[0m                                  &amp#27;[90m# com.bugbank.steps.TransferFundsSteps.transferPageLayoutIsComplete()&amp#27;[0m
  &amp#27;[32mWhen &amp#27;[0m&amp#27;[32muser opens FROM ACCOUNT dropdown&amp#27;[0m                                 &amp#27;[90m# com.bugbank.steps.TransferFundsSteps.userOpensFromAccountDropdown()&amp#27;[0m
  &amp#27;[32mAnd &amp#27;[0m&amp#27;[32muser selects first available account from dropdown with assertion&amp#27;[0m &amp#27;[90m# com.bugbank.steps.TransferFundsSteps.userSelectsFirstAccountWithAssertion()&amp#27;[0m
  &amp#27;[32mAnd &amp#27;[0m&amp#27;[32muser enters RECEIVER ACCOUNT ID &amp#27;[0m&amp#27;[32m&amp#27;[1m"12"&amp#27;[0m&amp#27;[32m with assertion&amp#27;[0m               &amp#27;[90m# com.bugbank.steps.TransferFundsSteps.userEntersReceiverAccountIdWithAssertion(java.lang.String)&amp#27;[0m
  &amp#27;[32mAnd &amp#27;[0m&amp#27;[32muser enters BENEFICIARY NICKNAME &amp#27;[0m&amp#27;[32m&amp#27;[1m"John Doe"&amp#27;[0m&amp#27;[32m with assertion&amp#27;[0m        &amp#27;[90m# com.bugbank.steps.TransferFundsSteps.userEntersBeneficiaryNicknameWithAssertion(java.lang.String)&amp#27;[0m
  &amp#27;[32mAnd &amp#27;[0m&amp#27;[32muser selects TRANSFER TYPE &amp#27;[0m&amp#27;[32m&amp#27;[1m"RTGS"&amp#27;[0m&amp#27;[32m with assertion&amp#27;[0m                  &amp#27;[90m# com.bugbank.steps.TransferFundsSteps.userSelectsTransferTypeWithAssertion(java.lang.String)&amp#27;[0m
  &amp#27;[32mAnd &amp#27;[0m&amp#27;[32muser enters AMOUNT &amp#27;[0m&amp#27;[32m&amp#27;[1m"199999"&amp#27;[0m&amp#27;[32m with assertion&amp#27;[0m                        &amp#27;[90m# com.bugbank.steps.TransferFundsSteps.userEntersAmountWithAssertion(java.lang.String)&amp#27;[0m
  &amp#27;[32mAnd &amp#27;[0m&amp#27;[32muser selects CATEGORY &amp#27;[0m&amp#27;[32m&amp#27;[1m"Friends & Family"&amp#27;[0m&amp#27;[32m with assertion&amp#27;[0m           &amp#27;[90m# com.bugbank.steps.TransferFundsSteps.userSelectsCategoryWithAssertion(java.lang.String)&amp#27;[0m
  &amp#27;[32mAnd &amp#27;[0m&amp#27;[32muser selects SCHEDULE &amp#27;[0m&amp#27;[32m&amp#27;[1m"Now"&amp#27;[0m&amp#27;[32m with assertion&amp#27;[0m                        &amp#27;[90m# com.bugbank.steps.TransferFundsSteps.userSelectsScheduleWithAssertion(java.lang.String)&amp#27;[0m
Remarks to be entered: Rent
  &amp#27;[32mAnd &amp#27;[0m&amp#27;[32muser enters REMARKS &amp#27;[0m&amp#27;[32m&amp#27;[1m"Rent"&amp#27;[0m&amp#27;[32m with assertion&amp#27;[0m                         &amp#27;[90m# com.bugbank.steps.TransferFundsSteps.userEntersRemarksWithAssertion(java.lang.String)&amp#27;[0m
  &amp#27;[32mAnd &amp#27;[0m&amp#27;[32muser submits transfer&amp#27;[0m                                             &amp#27;[90m# com.bugbank.steps.TransferFundsSteps.userSubmitsTransfer()&amp#27;[0m
  &amp#27;[31mThen &amp#27;[0m&amp#27;[31mtransfer is blocked due to RTGS minimum amount&amp#27;[0m                   &amp#27;[90m# com.bugbank.steps.TransferFundsSteps.transferIsBlockedDueToRtgsMinimum()&amp#27;[0m
      &amp#27;[31mjava.lang.AssertionError: Error message should appear for RTGS minimum validation expected [true] but found [false]
	at org.testng.Assert.fail(Assert.java:111)
	at org.testng.Assert.failNotEquals(Assert.java:1578)
	at org.testng.Assert.assertTrue(Assert.java:57)
	at com.bugbank.steps.TransferFundsSteps.transferIsBlockedDueToRtgsMinimum(TransferFundsSteps.java:396)
	at âœ½.transfer is blocked due to RTGS minimum amount(file:///C:/Users/Administrator/Documents/Git/testing/BBT/src/test/resources/features/TF-024.feature:25)
&amp#27;[0m
]]></system-out>
  </testcase>
  <testcase name="runScenario[&quot;RTGS amount above minimum&quot;, &quot;TF-025 RTGS above minimum amount validation&quot;](1)" classname="com.bugbank.runners.TF025Runner" time="121.598">
    <failure message="Success message should appear for a successful transfer expected [true] but found [false]" type="java.lang.AssertionError"><![CDATA[java.lang.AssertionError: Success message should appear for a successful transfer expected [true] but found [false]
	at org.testng.Assert.fail(Assert.java:111)
	at org.testng.Assert.failNotEquals(Assert.java:1578)
	at org.testng.Assert.assertTrue(Assert.java:57)
	at com.bugbank.steps.TransferFundsSteps.transferIsSuccessful(TransferFundsSteps.java:386)
	at ✽.transfer is successful(file:///C:/Users/Administrator/Documents/Git/testing/BBT/src/test/resources/features/TF-025.feature:25)
]]></failure>
    <system-out><![CDATA[
Scenario: RTGS amount above minimum                                     &amp#27;[90m# src/test/resources/features/TF-025.feature:3&amp#27;[0m
  &amp#27;[32mGiven &amp#27;[0m&amp#27;[32muser navigates to the application URL&amp#27;[0m                           &amp#27;[90m# com.bugbank.steps.TransferFundsSteps.userNavigatesToApplicationUrl()&amp#27;[0m
  &amp#27;[32mAnd &amp#27;[0m&amp#27;[32mlogin page is loaded with logo and login button visible&amp#27;[0m           &amp#27;[90m# com.bugbank.steps.TransferFundsSteps.loginPageIsLoaded()&amp#27;[0m
  &amp#27;[32mWhen &amp#27;[0m&amp#27;[32muser clicks on login button&amp#27;[0m                                      &amp#27;[90m# com.bugbank.steps.TransferFundsSteps.userClicksOnLoginButton()&amp#27;[0m
  &amp#27;[32mThen &amp#27;[0m&amp#27;[32mlogin popup with email and password fields appears&amp#27;[0m               &amp#27;[90m# com.bugbank.steps.TransferFundsSteps.loginPopupAppears()&amp#27;[0m
  &amp#27;[32mWhen &amp#27;[0m&amp#27;[32muser enters valid credentials&amp#27;[0m                                    &amp#27;[90m# com.bugbank.steps.TransferFundsSteps.userEntersValidCredentials()&amp#27;[0m
  &amp#27;[32mAnd &amp#27;[0m&amp#27;[32muser clicks on sign in button in login popup&amp#27;[0m                      &amp#27;[90m# com.bugbank.steps.TransferFundsSteps.userClicksSignInButton()&amp#27;[0m
  &amp#27;[32mThen &amp#27;[0m&amp#27;[32mdashboard page loads successfully&amp#27;[0m                                &amp#27;[90m# com.bugbank.steps.TransferFundsSteps.dashboardPageLoads()&amp#27;[0m
  &amp#27;[32mAnd &amp#27;[0m&amp#27;[32maccount overview text is visible on dashboard&amp#27;[0m                     &amp#27;[90m# com.bugbank.steps.TransferFundsSteps.accountOverviewIsVisible()&amp#27;[0m
  &amp#27;[32mWhen &amp#27;[0m&amp#27;[32muser clicks on transfer option in menu&amp#27;[0m                           &amp#27;[90m# com.bugbank.steps.TransferFundsSteps.userClicksTransferOption()&amp#27;[0m
  &amp#27;[32mThen &amp#27;[0m&amp#27;[32mtransfer funds page is loaded&amp#27;[0m                                    &amp#27;[90m# com.bugbank.steps.TransferFundsSteps.transferFundsPageIsLoaded()&amp#27;[0m
  &amp#27;[32mAnd &amp#27;[0m&amp#27;[32mtransfer page layout is complete&amp#27;[0m                                  &amp#27;[90m# com.bugbank.steps.TransferFundsSteps.transferPageLayoutIsComplete()&amp#27;[0m
  &amp#27;[32mWhen &amp#27;[0m&amp#27;[32muser opens FROM ACCOUNT dropdown&amp#27;[0m                                 &amp#27;[90m# com.bugbank.steps.TransferFundsSteps.userOpensFromAccountDropdown()&amp#27;[0m
  &amp#27;[32mAnd &amp#27;[0m&amp#27;[32muser selects first available account from dropdown with assertion&amp#27;[0m &amp#27;[90m# com.bugbank.steps.TransferFundsSteps.userSelectsFirstAccountWithAssertion()&amp#27;[0m
  &amp#27;[32mAnd &amp#27;[0m&amp#27;[32muser enters RECEIVER ACCOUNT ID &amp#27;[0m&amp#27;[32m&amp#27;[1m"12"&amp#27;[0m&amp#27;[32m with assertion&amp#27;[0m               &amp#27;[90m# com.bugbank.steps.TransferFundsSteps.userEntersReceiverAccountIdWithAssertion(java.lang.String)&amp#27;[0m
  &amp#27;[32mAnd &amp#27;[0m&amp#27;[32muser enters BENEFICIARY NICKNAME &amp#27;[0m&amp#27;[32m&amp#27;[1m"John Doe"&amp#27;[0m&amp#27;[32m with assertion&amp#27;[0m        &amp#27;[90m# com.bugbank.steps.TransferFundsSteps.userEntersBeneficiaryNicknameWithAssertion(java.lang.String)&amp#27;[0m
  &amp#27;[32mAnd &amp#27;[0m&amp#27;[32muser selects TRANSFER TYPE &amp#27;[0m&amp#27;[32m&amp#27;[1m"RTGS"&amp#27;[0m&amp#27;[32m with assertion&amp#27;[0m                  &amp#27;[90m# com.bugbank.steps.TransferFundsSteps.userSelectsTransferTypeWithAssertion(java.lang.String)&amp#27;[0m
  &amp#27;[32mAnd &amp#27;[0m&amp#27;[32muser enters AMOUNT &amp#27;[0m&amp#27;[32m&amp#27;[1m"205000"&amp#27;[0m&amp#27;[32m with assertion&amp#27;[0m                        &amp#27;[90m# com.bugbank.steps.TransferFundsSteps.userEntersAmountWithAssertion(java.lang.String)&amp#27;[0m
  &amp#27;[32mAnd &amp#27;[0m&amp#27;[32muser selects CATEGORY &amp#27;[0m&amp#27;[32m&amp#27;[1m"Friends & Family"&amp#27;[0m&amp#27;[32m with assertion&amp#27;[0m           &amp#27;[90m# com.bugbank.steps.TransferFundsSteps.userSelectsCategoryWithAssertion(java.lang.String)&amp#27;[0m
  &amp#27;[32mAnd &amp#27;[0m&amp#27;[32muser selects SCHEDULE &amp#27;[0m&amp#27;[32m&amp#27;[1m"Now"&amp#27;[0m&amp#27;[32m with assertion&amp#27;[0m                        &amp#27;[90m# com.bugbank.steps.TransferFundsSteps.userSelectsScheduleWithAssertion(java.lang.String)&amp#27;[0m
Remarks to be entered: Rent
  &amp#27;[32mAnd &amp#27;[0m&amp#27;[32muser enters REMARKS &amp#27;[0m&amp#27;[32m&amp#27;[1m"Rent"&amp#27;[0m&amp#27;[32m with assertion&amp#27;[0m                         &amp#27;[90m# com.bugbank.steps.TransferFundsSteps.userEntersRemarksWithAssertion(java.lang.String)&amp#27;[0m
  &amp#27;[32mAnd &amp#27;[0m&amp#27;[32muser submits transfer&amp#27;[0m                                             &amp#27;[90m# com.bugbank.steps.TransferFundsSteps.userSubmitsTransfer()&amp#27;[0m
  &amp#27;[31mThen &amp#27;[0m&amp#27;[31mtransfer is successful&amp#27;[0m                                           &amp#27;[90m# com.bugbank.steps.TransferFundsSteps.transferIsSuccessful()&amp#27;[0m
      &amp#27;[31mjava.lang.AssertionError: Success message should appear for a successful transfer expected [true] but found [false]
	at org.testng.Assert.fail(Assert.java:111)
	at org.testng.Assert.failNotEquals(Assert.java:1578)
	at org.testng.Assert.assertTrue(Assert.java:57)
	at com.bugbank.steps.TransferFundsSteps.transferIsSuccessful(TransferFundsSteps.java:386)
	at âœ½.transfer is successful(file:///C:/Users/Administrator/Documents/Git/testing/BBT/src/test/resources/features/TF-025.feature:25)
&amp#27;[0m
]]></system-out>
  </testcase>
  <testcase name="runScenario[&quot;NEFT with large amount&quot;, &quot;TF-026 NEFT large amount&quot;](1)" classname="com.bugbank.runners.TF026Runner" time="122.014">
    <failure message="Success message should appear for a successful transfer expected [true] but found [false]" type="java.lang.AssertionError"><![CDATA[java.lang.AssertionError: Success message should appear for a successful transfer expected [true] but found [false]
	at org.testng.Assert.fail(Assert.java:111)
	at org.testng.Assert.failNotEquals(Assert.java:1578)
	at org.testng.Assert.assertTrue(Assert.java:57)
	at com.bugbank.steps.TransferFundsSteps.transferIsSuccessful(TransferFundsSteps.java:386)
	at ✽.transfer is successful(file:///C:/Users/Administrator/Documents/Git/testing/BBT/src/test/resources/features/TF-026.feature:25)
]]></failure>
    <system-out><![CDATA[
Scenario: NEFT with large amount                                        &amp#27;[90m# src/test/resources/features/TF-026.feature:3&amp#27;[0m
  &amp#27;[32mGiven &amp#27;[0m&amp#27;[32muser navigates to the application URL&amp#27;[0m                           &amp#27;[90m# com.bugbank.steps.TransferFundsSteps.userNavigatesToApplicationUrl()&amp#27;[0m
  &amp#27;[32mAnd &amp#27;[0m&amp#27;[32mlogin page is loaded with logo and login button visible&amp#27;[0m           &amp#27;[90m# com.bugbank.steps.TransferFundsSteps.loginPageIsLoaded()&amp#27;[0m
  &amp#27;[32mWhen &amp#27;[0m&amp#27;[32muser clicks on login button&amp#27;[0m                                      &amp#27;[90m# com.bugbank.steps.TransferFundsSteps.userClicksOnLoginButton()&amp#27;[0m
  &amp#27;[32mThen &amp#27;[0m&amp#27;[32mlogin popup with email and password fields appears&amp#27;[0m               &amp#27;[90m# com.bugbank.steps.TransferFundsSteps.loginPopupAppears()&amp#27;[0m
  &amp#27;[32mWhen &amp#27;[0m&amp#27;[32muser enters valid credentials&amp#27;[0m                                    &amp#27;[90m# com.bugbank.steps.TransferFundsSteps.userEntersValidCredentials()&amp#27;[0m
  &amp#27;[32mAnd &amp#27;[0m&amp#27;[32muser clicks on sign in button in login popup&amp#27;[0m                      &amp#27;[90m# com.bugbank.steps.TransferFundsSteps.userClicksSignInButton()&amp#27;[0m
  &amp#27;[32mThen &amp#27;[0m&amp#27;[32mdashboard page loads successfully&amp#27;[0m                                &amp#27;[90m# com.bugbank.steps.TransferFundsSteps.dashboardPageLoads()&amp#27;[0m
  &amp#27;[32mAnd &amp#27;[0m&amp#27;[32maccount overview text is visible on dashboard&amp#27;[0m                     &amp#27;[90m# com.bugbank.steps.TransferFundsSteps.accountOverviewIsVisible()&amp#27;[0m
  &amp#27;[32mWhen &amp#27;[0m&amp#27;[32muser clicks on transfer option in menu&amp#27;[0m                           &amp#27;[90m# com.bugbank.steps.TransferFundsSteps.userClicksTransferOption()&amp#27;[0m
  &amp#27;[32mThen &amp#27;[0m&amp#27;[32mtransfer funds page is loaded&amp#27;[0m                                    &amp#27;[90m# com.bugbank.steps.TransferFundsSteps.transferFundsPageIsLoaded()&amp#27;[0m
  &amp#27;[32mAnd &amp#27;[0m&amp#27;[32mtransfer page layout is complete&amp#27;[0m                                  &amp#27;[90m# com.bugbank.steps.TransferFundsSteps.transferPageLayoutIsComplete()&amp#27;[0m
  &amp#27;[32mWhen &amp#27;[0m&amp#27;[32muser opens FROM ACCOUNT dropdown&amp#27;[0m                                 &amp#27;[90m# com.bugbank.steps.TransferFundsSteps.userOpensFromAccountDropdown()&amp#27;[0m
  &amp#27;[32mAnd &amp#27;[0m&amp#27;[32muser selects first available account from dropdown with assertion&amp#27;[0m &amp#27;[90m# com.bugbank.steps.TransferFundsSteps.userSelectsFirstAccountWithAssertion()&amp#27;[0m
  &amp#27;[32mAnd &amp#27;[0m&amp#27;[32muser enters RECEIVER ACCOUNT ID &amp#27;[0m&amp#27;[32m&amp#27;[1m"12"&amp#27;[0m&amp#27;[32m with assertion&amp#27;[0m               &amp#27;[90m# com.bugbank.steps.TransferFundsSteps.userEntersReceiverAccountIdWithAssertion(java.lang.String)&amp#27;[0m
  &amp#27;[32mAnd &amp#27;[0m&amp#27;[32muser enters BENEFICIARY NICKNAME &amp#27;[0m&amp#27;[32m&amp#27;[1m"John Doe"&amp#27;[0m&amp#27;[32m with assertion&amp#27;[0m        &amp#27;[90m# com.bugbank.steps.TransferFundsSteps.userEntersBeneficiaryNicknameWithAssertion(java.lang.String)&amp#27;[0m
  &amp#27;[32mAnd &amp#27;[0m&amp#27;[32muser selects TRANSFER TYPE &amp#27;[0m&amp#27;[32m&amp#27;[1m"NEFT"&amp#27;[0m&amp#27;[32m with assertion&amp#27;[0m                  &amp#27;[90m# com.bugbank.steps.TransferFundsSteps.userSelectsTransferTypeWithAssertion(java.lang.String)&amp#27;[0m
  &amp#27;[32mAnd &amp#27;[0m&amp#27;[32muser enters AMOUNT &amp#27;[0m&amp#27;[32m&amp#27;[1m"1000000"&amp#27;[0m&amp#27;[32m with assertion&amp#27;[0m                       &amp#27;[90m# com.bugbank.steps.TransferFundsSteps.userEntersAmountWithAssertion(java.lang.String)&amp#27;[0m
  &amp#27;[32mAnd &amp#27;[0m&amp#27;[32muser selects CATEGORY &amp#27;[0m&amp#27;[32m&amp#27;[1m"Friends & Family"&amp#27;[0m&amp#27;[32m with assertion&amp#27;[0m           &amp#27;[90m# com.bugbank.steps.TransferFundsSteps.userSelectsCategoryWithAssertion(java.lang.String)&amp#27;[0m
  &amp#27;[32mAnd &amp#27;[0m&amp#27;[32muser selects SCHEDULE &amp#27;[0m&amp#27;[32m&amp#27;[1m"Now"&amp#27;[0m&amp#27;[32m with assertion&amp#27;[0m                        &amp#27;[90m# com.bugbank.steps.TransferFundsSteps.userSelectsScheduleWithAssertion(java.lang.String)&amp#27;[0m
Remarks to be entered: Rent
  &amp#27;[32mAnd &amp#27;[0m&amp#27;[32muser enters REMARKS &amp#27;[0m&amp#27;[32m&amp#27;[1m"Rent"&amp#27;[0m&amp#27;[32m with assertion&amp#27;[0m                         &amp#27;[90m# com.bugbank.steps.TransferFundsSteps.userEntersRemarksWithAssertion(java.lang.String)&amp#27;[0m
  &amp#27;[32mAnd &amp#27;[0m&amp#27;[32muser submits transfer&amp#27;[0m                                             &amp#27;[90m# com.bugbank.steps.TransferFundsSteps.userSubmitsTransfer()&amp#27;[0m
  &amp#27;[31mThen &amp#27;[0m&amp#27;[31mtransfer is successful&amp#27;[0m                                           &amp#27;[90m# com.bugbank.steps.TransferFundsSteps.transferIsSuccessful()&amp#27;[0m
      &amp#27;[31mjava.lang.AssertionError: Success message should appear for a successful transfer expected [true] but found [false]
	at org.testng.Assert.fail(Assert.java:111)
	at org.testng.Assert.failNotEquals(Assert.java:1578)
	at org.testng.Assert.assertTrue(Assert.java:57)
	at com.bugbank.steps.TransferFundsSteps.transferIsSuccessful(TransferFundsSteps.java:386)
	at âœ½.transfer is successful(file:///C:/Users/Administrator/Documents/Git/testing/BBT/src/test/resources/features/TF-026.feature:25)
&amp#27;[0m
]]></system-out>
  </testcase>
  <testcase name="runScenario[&quot;Decimal amount is accepted&quot;, &quot;TF-028 Amount with decimal values&quot;](1)" classname="com.bugbank.runners.TF028Runner" time="121.178">
    <failure message="Success message should appear for a successful transfer expected [true] but found [false]" type="java.lang.AssertionError"><![CDATA[java.lang.AssertionError: Success message should appear for a successful transfer expected [true] but found [false]
	at org.testng.Assert.fail(Assert.java:111)
	at org.testng.Assert.failNotEquals(Assert.java:1578)
	at org.testng.Assert.assertTrue(Assert.java:57)
	at com.bugbank.steps.TransferFundsSteps.transferIsSuccessful(TransferFundsSteps.java:386)
	at ✽.transfer is successful(file:///C:/Users/Administrator/Documents/Git/testing/BBT/src/test/resources/features/TF-028.feature:25)
]]></failure>
    <system-out><![CDATA[
Scenario: Decimal amount is accepted                                    &amp#27;[90m# src/test/resources/features/TF-028.feature:3&amp#27;[0m
  &amp#27;[32mGiven &amp#27;[0m&amp#27;[32muser navigates to the application URL&amp#27;[0m                           &amp#27;[90m# com.bugbank.steps.TransferFundsSteps.userNavigatesToApplicationUrl()&amp#27;[0m
  &amp#27;[32mAnd &amp#27;[0m&amp#27;[32mlogin page is loaded with logo and login button visible&amp#27;[0m           &amp#27;[90m# com.bugbank.steps.TransferFundsSteps.loginPageIsLoaded()&amp#27;[0m
  &amp#27;[32mWhen &amp#27;[0m&amp#27;[32muser clicks on login button&amp#27;[0m                                      &amp#27;[90m# com.bugbank.steps.TransferFundsSteps.userClicksOnLoginButton()&amp#27;[0m
  &amp#27;[32mThen &amp#27;[0m&amp#27;[32mlogin popup with email and password fields appears&amp#27;[0m               &amp#27;[90m# com.bugbank.steps.TransferFundsSteps.loginPopupAppears()&amp#27;[0m
  &amp#27;[32mWhen &amp#27;[0m&amp#27;[32muser enters valid credentials&amp#27;[0m                                    &amp#27;[90m# com.bugbank.steps.TransferFundsSteps.userEntersValidCredentials()&amp#27;[0m
  &amp#27;[32mAnd &amp#27;[0m&amp#27;[32muser clicks on sign in button in login popup&amp#27;[0m                      &amp#27;[90m# com.bugbank.steps.TransferFundsSteps.userClicksSignInButton()&amp#27;[0m
  &amp#27;[32mThen &amp#27;[0m&amp#27;[32mdashboard page loads successfully&amp#27;[0m                                &amp#27;[90m# com.bugbank.steps.TransferFundsSteps.dashboardPageLoads()&amp#27;[0m
  &amp#27;[32mAnd &amp#27;[0m&amp#27;[32maccount overview text is visible on dashboard&amp#27;[0m                     &amp#27;[90m# com.bugbank.steps.TransferFundsSteps.accountOverviewIsVisible()&amp#27;[0m
  &amp#27;[32mWhen &amp#27;[0m&amp#27;[32muser clicks on transfer option in menu&amp#27;[0m                           &amp#27;[90m# com.bugbank.steps.TransferFundsSteps.userClicksTransferOption()&amp#27;[0m
  &amp#27;[32mThen &amp#27;[0m&amp#27;[32mtransfer funds page is loaded&amp#27;[0m                                    &amp#27;[90m# com.bugbank.steps.TransferFundsSteps.transferFundsPageIsLoaded()&amp#27;[0m
  &amp#27;[32mAnd &amp#27;[0m&amp#27;[32mtransfer page layout is complete&amp#27;[0m                                  &amp#27;[90m# com.bugbank.steps.TransferFundsSteps.transferPageLayoutIsComplete()&amp#27;[0m
  &amp#27;[32mWhen &amp#27;[0m&amp#27;[32muser opens FROM ACCOUNT dropdown&amp#27;[0m                                 &amp#27;[90m# com.bugbank.steps.TransferFundsSteps.userOpensFromAccountDropdown()&amp#27;[0m
  &amp#27;[32mAnd &amp#27;[0m&amp#27;[32muser selects first available account from dropdown with assertion&amp#27;[0m &amp#27;[90m# com.bugbank.steps.TransferFundsSteps.userSelectsFirstAccountWithAssertion()&amp#27;[0m
  &amp#27;[32mAnd &amp#27;[0m&amp#27;[32muser enters RECEIVER ACCOUNT ID &amp#27;[0m&amp#27;[32m&amp#27;[1m"12"&amp#27;[0m&amp#27;[32m with assertion&amp#27;[0m               &amp#27;[90m# com.bugbank.steps.TransferFundsSteps.userEntersReceiverAccountIdWithAssertion(java.lang.String)&amp#27;[0m
  &amp#27;[32mAnd &amp#27;[0m&amp#27;[32muser enters BENEFICIARY NICKNAME &amp#27;[0m&amp#27;[32m&amp#27;[1m"John Doe"&amp#27;[0m&amp#27;[32m with assertion&amp#27;[0m        &amp#27;[90m# com.bugbank.steps.TransferFundsSteps.userEntersBeneficiaryNicknameWithAssertion(java.lang.String)&amp#27;[0m
  &amp#27;[32mAnd &amp#27;[0m&amp#27;[32muser selects TRANSFER TYPE &amp#27;[0m&amp#27;[32m&amp#27;[1m"NEFT"&amp#27;[0m&amp#27;[32m with assertion&amp#27;[0m                  &amp#27;[90m# com.bugbank.steps.TransferFundsSteps.userSelectsTransferTypeWithAssertion(java.lang.String)&amp#27;[0m
  &amp#27;[32mAnd &amp#27;[0m&amp#27;[32muser enters AMOUNT &amp#27;[0m&amp#27;[32m&amp#27;[1m"5000.96"&amp#27;[0m&amp#27;[32m with assertion&amp#27;[0m                       &amp#27;[90m# com.bugbank.steps.TransferFundsSteps.userEntersAmountWithAssertion(java.lang.String)&amp#27;[0m
  &amp#27;[32mAnd &amp#27;[0m&amp#27;[32muser selects CATEGORY &amp#27;[0m&amp#27;[32m&amp#27;[1m"Friends & Family"&amp#27;[0m&amp#27;[32m with assertion&amp#27;[0m           &amp#27;[90m# com.bugbank.steps.TransferFundsSteps.userSelectsCategoryWithAssertion(java.lang.String)&amp#27;[0m
  &amp#27;[32mAnd &amp#27;[0m&amp#27;[32muser selects SCHEDULE &amp#27;[0m&amp#27;[32m&amp#27;[1m"Now"&amp#27;[0m&amp#27;[32m with assertion&amp#27;[0m                        &amp#27;[90m# com.bugbank.steps.TransferFundsSteps.userSelectsScheduleWithAssertion(java.lang.String)&amp#27;[0m
Remarks to be entered: Rent
  &amp#27;[32mAnd &amp#27;[0m&amp#27;[32muser enters REMARKS &amp#27;[0m&amp#27;[32m&amp#27;[1m"Rent"&amp#27;[0m&amp#27;[32m with assertion&amp#27;[0m                         &amp#27;[90m# com.bugbank.steps.TransferFundsSteps.userEntersRemarksWithAssertion(java.lang.String)&amp#27;[0m
  &amp#27;[32mAnd &amp#27;[0m&amp#27;[32muser submits transfer&amp#27;[0m                                             &amp#27;[90m# com.bugbank.steps.TransferFundsSteps.userSubmitsTransfer()&amp#27;[0m
  &amp#27;[31mThen &amp#27;[0m&amp#27;[31mtransfer is successful&amp#27;[0m                                           &amp#27;[90m# com.bugbank.steps.TransferFundsSteps.transferIsSuccessful()&amp#27;[0m
      &amp#27;[31mjava.lang.AssertionError: Success message should appear for a successful transfer expected [true] but found [false]
	at org.testng.Assert.fail(Assert.java:111)
	at org.testng.Assert.failNotEquals(Assert.java:1578)
	at org.testng.Assert.assertTrue(Assert.java:57)
	at com.bugbank.steps.TransferFundsSteps.transferIsSuccessful(TransferFundsSteps.java:386)
	at âœ½.transfer is successful(file:///C:/Users/Administrator/Documents/Git/testing/BBT/src/test/resources/features/TF-028.feature:25)
&amp#27;[0m
]]></system-out>
  </testcase>
</testsuite>