<?xml version="1.0" encoding="UTF-8"?>
<testng-results ignored="0" total="25" passed="9" failed="16" skipped="0">
  <reporter-output>
  </reporter-output>
  <suite started-at="2026-05-03T21:53:42 IST" name="BugBank-TransferFunds" finished-at="2026-05-03T22:38:43 IST" duration-ms="2700792">
    <groups>
      <group name="cucumber">
        <method signature="AbstractTestNGCucumberTests.runScenario(io.cucumber.testng.PickleWrapper,io.cucumber.testng.FeatureWrapper)[pri:0, instance:com.bugbank.runners.TF003Runner@639c2c1d]" name="runScenario" class="io.cucumber.testng.AbstractTestNGCucumberTests"/>
        <method signature="AbstractTestNGCucumberTests.runScenario(io.cucumber.testng.PickleWrapper,io.cucumber.testng.FeatureWrapper)[pri:0, instance:com.bugbank.runners.TF004Runner@5fe94a96]" name="runScenario" class="io.cucumber.testng.AbstractTestNGCucumberTests"/>
        <method signature="AbstractTestNGCucumberTests.runScenario(io.cucumber.testng.PickleWrapper,io.cucumber.testng.FeatureWrapper)[pri:0, instance:com.bugbank.runners.TF005Runner@443118b0]" name="runScenario" class="io.cucumber.testng.AbstractTestNGCucumberTests"/>
        <method signature="AbstractTestNGCucumberTests.runScenario(io.cucumber.testng.PickleWrapper,io.cucumber.testng.FeatureWrapper)[pri:0, instance:com.bugbank.runners.TF006Runner@765d7657]" name="runScenario" class="io.cucumber.testng.AbstractTestNGCucumberTests"/>
        <method signature="AbstractTestNGCucumberTests.runScenario(io.cucumber.testng.PickleWrapper,io.cucumber.testng.FeatureWrapper)[pri:0, instance:com.bugbank.runners.TF007Runner@74235045]" name="runScenario" class="io.cucumber.testng.AbstractTestNGCucumberTests"/>
        <method signature="AbstractTestNGCucumberTests.runScenario(io.cucumber.testng.PickleWrapper,io.cucumber.testng.FeatureWrapper)[pri:0, instance:com.bugbank.runners.TF008Runner@618b19ad]" name="runScenario" class="io.cucumber.testng.AbstractTestNGCucumberTests"/>
        <method signature="AbstractTestNGCucumberTests.runScenario(io.cucumber.testng.PickleWrapper,io.cucumber.testng.FeatureWrapper)[pri:0, instance:com.bugbank.runners.TF02123Runner@411f53a0]" name="runScenario" class="io.cucumber.testng.AbstractTestNGCucumberTests"/>
        <method signature="AbstractTestNGCucumberTests.runScenario(io.cucumber.testng.PickleWrapper,io.cucumber.testng.FeatureWrapper)[pri:0, instance:com.bugbank.runners.TF02345Runner@6b2ea799]" name="runScenario" class="io.cucumber.testng.AbstractTestNGCucumberTests"/>
        <method signature="AbstractTestNGCucumberTests.runScenario(io.cucumber.testng.PickleWrapper,io.cucumber.testng.FeatureWrapper)[pri:0, instance:com.bugbank.runners.TF023Runner@2d3379b4]" name="runScenario" class="io.cucumber.testng.AbstractTestNGCucumberTests"/>
        <method signature="AbstractTestNGCucumberTests.runScenario(io.cucumber.testng.PickleWrapper,io.cucumber.testng.FeatureWrapper)[pri:0, instance:com.bugbank.runners.TF024Runner@30c15d8b]" name="runScenario" class="io.cucumber.testng.AbstractTestNGCucumberTests"/>
        <method signature="AbstractTestNGCucumberTests.runScenario(io.cucumber.testng.PickleWrapper,io.cucumber.testng.FeatureWrapper)[pri:0, instance:com.bugbank.runners.TF025Runner@5e0e82ae]" name="runScenario" class="io.cucumber.testng.AbstractTestNGCucumberTests"/>
        <method signature="AbstractTestNGCucumberTests.runScenario(io.cucumber.testng.PickleWrapper,io.cucumber.testng.FeatureWrapper)[pri:0, instance:com.bugbank.runners.TF02678Runner@2b71e916]" name="runScenario" class="io.cucumber.testng.AbstractTestNGCucumberTests"/>
        <method signature="AbstractTestNGCucumberTests.runScenario(io.cucumber.testng.PickleWrapper,io.cucumber.testng.FeatureWrapper)[pri:0, instance:com.bugbank.runners.TF026Runner@6771beb3]" name="runScenario" class="io.cucumber.testng.AbstractTestNGCucumberTests"/>
        <method signature="AbstractTestNGCucumberTests.runScenario(io.cucumber.testng.PickleWrapper,io.cucumber.testng.FeatureWrapper)[pri:0, instance:com.bugbank.runners.TF028Runner@51399530]" name="runScenario" class="io.cucumber.testng.AbstractTestNGCucumberTests"/>
        <method signature="AbstractTestNGCucumberTests.runScenario(io.cucumber.testng.PickleWrapper,io.cucumber.testng.FeatureWrapper)[pri:0, instance:com.bugbank.runners.TF039Runner@36fc695d]" name="runScenario" class="io.cucumber.testng.AbstractTestNGCucumberTests"/>
      </group> <!-- cucumber -->
    </groups>
    <test started-at="2026-05-03T21:53:42 IST" name="TransferFunds-Suite" finished-at="2026-05-03T22:38:43 IST" duration-ms="2700792">
      <class name="com.bugbank.runners.TF025Runner">
        <test-method is-config="true" signature="setUpClass(org.testng.ITestContext)[pri:0, instance:com.bugbank.runners.TF025Runner@5e0e82ae]" started-at="2026-05-03T22:03:44 IST" name="setUpClass" finished-at="2026-05-03T22:03:44 IST" duration-ms="18" status="PASS">
          <params>
            <param index="0">
              <value>
                <![CDATA[org.testng.TestRunner@8010cdf]]>
              </value>
            </param>
          </params>
          <reporter-output>
          </reporter-output>
        </test-method> <!-- setUpClass -->
        <test-method signature="runScenario(io.cucumber.testng.PickleWrapper,io.cucumber.testng.FeatureWrapper)[pri:0, instance:com.bugbank.runners.TF025Runner@5e0e82ae]" started-at="2026-05-03T22:03:44 IST" name="runScenario" description="Runs Cucumber Scenarios" data-provider="scenarios" finished-at="2026-05-03T22:05:47 IST" duration-ms="122352" status="FAIL">
          <params>
            <param index="0">
              <value>
                <![CDATA["RTGS amount above minimum"]]>
              </value>
            </param>
            <param index="1">
              <value>
                <![CDATA["TF-025 RTGS above minimum amount validation"]]>
              </value>
            </param>
          </params>
          <exception class="java.lang.AssertionError">
            <message>
              <![CDATA[Success message should appear for a successful transfer expected [true] but found [false]]]>
            </message>
            <full-stacktrace>
              <![CDATA[java.lang.AssertionError: Success message should appear for a successful transfer expected [true] but found [false]
at org.testng.Assert.fail(Assert.java:111)
at org.testng.Assert.failNotEquals(Assert.java:1578)
at org.testng.Assert.assertTrue(Assert.java:57)
at com.bugbank.steps.TransferFundsSteps.transferIsSuccessful(TransferFundsSteps.java:392)
at ✽.transfer is successful(file:///C:/Users/Administrator/Documents/ccc/bugbank/src/test/resources/features/TF-025.feature:25)
]]>
            </full-stacktrace>
          </exception> <!-- java.lang.AssertionError -->
          <reporter-output>
          </reporter-output>
        </test-method> <!-- runScenario -->
        <test-method is-config="true" signature="tearDownClass()[pri:0, instance:com.bugbank.runners.TF025Runner@5e0e82ae]" started-at="2026-05-03T22:05:47 IST" name="tearDownClass" finished-at="2026-05-03T22:05:47 IST" duration-ms="26" status="PASS">
          <reporter-output>
          </reporter-output>
        </test-method> <!-- tearDownClass -->
      </class> <!-- com.bugbank.runners.TF025Runner -->
      <class name="com.bugbank.runners.TF005Runner">
        <test-method is-config="true" signature="setUpClass(org.testng.ITestContext)[pri:0, instance:com.bugbank.runners.TF005Runner@443118b0]" started-at="2026-05-03T21:54:32 IST" name="setUpClass" finished-at="2026-05-03T21:54:32 IST" duration-ms="24" status="PASS">
          <params>
            <param index="0">
              <value>
                <![CDATA[org.testng.TestRunner@8010cdf]]>
              </value>
            </param>
          </params>
          <reporter-output>
          </reporter-output>
        </test-method> <!-- setUpClass -->
        <test-method signature="runScenario(io.cucumber.testng.PickleWrapper,io.cucumber.testng.FeatureWrapper)[pri:0, instance:com.bugbank.runners.TF005Runner@443118b0]" started-at="2026-05-03T21:54:32 IST" name="runScenario" description="Runs Cucumber Scenarios" data-provider="scenarios" finished-at="2026-05-03T21:56:28 IST" duration-ms="115573" status="PASS">
          <params>
            <param index="0">
              <value>
                <![CDATA["FROM ACCOUNT is required when sending money"]]>
              </value>
            </param>
            <param index="1">
              <value>
                <![CDATA["TF-005 FROM ACCOUNT required validation"]]>
              </value>
            </param>
          </params>
          <reporter-output>
          </reporter-output>
        </test-method> <!-- runScenario -->
        <test-method is-config="true" signature="tearDownClass()[pri:0, instance:com.bugbank.runners.TF005Runner@443118b0]" started-at="2026-05-03T21:56:28 IST" name="tearDownClass" finished-at="2026-05-03T21:56:28 IST" duration-ms="47" status="PASS">
          <reporter-output>
          </reporter-output>
        </test-method> <!-- tearDownClass -->
      </class> <!-- com.bugbank.runners.TF005Runner -->
      <class name="com.bugbank.runners.TF004Runner">
        <test-method is-config="true" signature="setUpClass(org.testng.ITestContext)[pri:0, instance:com.bugbank.runners.TF004Runner@5fe94a96]" started-at="2026-05-03T21:54:05 IST" name="setUpClass" finished-at="2026-05-03T21:54:05 IST" duration-ms="34" status="PASS">
          <params>
            <param index="0">
              <value>
                <![CDATA[org.testng.TestRunner@8010cdf]]>
              </value>
            </param>
          </params>
          <reporter-output>
          </reporter-output>
        </test-method> <!-- setUpClass -->
        <test-method signature="runScenario(io.cucumber.testng.PickleWrapper,io.cucumber.testng.FeatureWrapper)[pri:0, instance:com.bugbank.runners.TF004Runner@5fe94a96]" started-at="2026-05-03T21:54:05 IST" name="runScenario" description="Runs Cucumber Scenarios" data-provider="scenarios" finished-at="2026-05-03T21:54:32 IST" duration-ms="27115" status="PASS">
          <params>
            <param index="0">
              <value>
                <![CDATA["FROM ACCOUNT dropdown shows available accounts with details"]]>
              </value>
            </param>
            <param index="1">
              <value>
                <![CDATA["TF-004 FROM ACCOUNT dropdown population"]]>
              </value>
            </param>
          </params>
          <reporter-output>
          </reporter-output>
        </test-method> <!-- runScenario -->
        <test-method is-config="true" signature="tearDownClass()[pri:0, instance:com.bugbank.runners.TF004Runner@5fe94a96]" started-at="2026-05-03T21:54:32 IST" name="tearDownClass" finished-at="2026-05-03T21:54:32 IST" duration-ms="23" status="PASS">
          <reporter-output>
          </reporter-output>
        </test-method> <!-- tearDownClass -->
      </class> <!-- com.bugbank.runners.TF004Runner -->
      <class name="com.bugbank.runners.TF039Runner">
        <test-method is-config="true" signature="setUpClass(org.testng.ITestContext)[pri:0, instance:com.bugbank.runners.TF039Runner@36fc695d]" started-at="2026-05-03T22:36:39 IST" name="setUpClass" finished-at="2026-05-03T22:36:39 IST" duration-ms="25" status="PASS">
          <params>
            <param index="0">
              <value>
                <![CDATA[org.testng.TestRunner@8010cdf]]>
              </value>
            </param>
          </params>
          <reporter-output>
          </reporter-output>
        </test-method> <!-- setUpClass -->
        <test-method signature="runScenario(io.cucumber.testng.PickleWrapper,io.cucumber.testng.FeatureWrapper)[pri:0, instance:com.bugbank.runners.TF039Runner@36fc695d]" started-at="2026-05-03T22:36:39 IST" name="runScenario" description="Runs Cucumber Scenarios" data-provider="scenarios" finished-at="2026-05-03T22:38:43 IST" duration-ms="123940" status="FAIL">
          <params>
            <param index="0">
              <value>
                <![CDATA["Full transfer workflow with dashboard and transaction verification"]]>
              </value>
            </param>
            <param index="1">
              <value>
                <![CDATA["TF-039 Complete transfer flow with transaction verification"]]>
              </value>
            </param>
          </params>
          <exception class="java.lang.AssertionError">
            <message>
              <![CDATA[Success message should appear for a successful transfer expected [true] but found [false]]]>
            </message>
            <full-stacktrace>
              <![CDATA[java.lang.AssertionError: Success message should appear for a successful transfer expected [true] but found [false]
at org.testng.Assert.fail(Assert.java:111)
at org.testng.Assert.failNotEquals(Assert.java:1578)
at org.testng.Assert.assertTrue(Assert.java:57)
at com.bugbank.steps.TransferFundsSteps.transferIsSuccessful(TransferFundsSteps.java:392)
at ✽.transfer is successful(file:///C:/Users/Administrator/Documents/ccc/bugbank/src/test/resources/features/TF-039.feature:26)
]]>
            </full-stacktrace>
          </exception> <!-- java.lang.AssertionError -->
          <reporter-output>
          </reporter-output>
        </test-method> <!-- runScenario -->
        <test-method is-config="true" signature="tearDownClass()[pri:0, instance:com.bugbank.runners.TF039Runner@36fc695d]" started-at="2026-05-03T22:38:43 IST" name="tearDownClass" finished-at="2026-05-03T22:38:43 IST" duration-ms="31" status="PASS">
          <reporter-output>
          </reporter-output>
        </test-method> <!-- tearDownClass -->
      </class> <!-- com.bugbank.runners.TF039Runner -->
      <class name="com.bugbank.runners.TF023Runner">
        <test-method is-config="true" signature="setUpClass(org.testng.ITestContext)[pri:0, instance:com.bugbank.runners.TF023Runner@2d3379b4]" started-at="2026-05-03T21:59:40 IST" name="setUpClass" finished-at="2026-05-03T21:59:40 IST" duration-ms="25" status="PASS">
          <params>
            <param index="0">
              <value>
                <![CDATA[org.testng.TestRunner@8010cdf]]>
              </value>
            </param>
          </params>
          <reporter-output>
          </reporter-output>
        </test-method> <!-- setUpClass -->
        <test-method signature="runScenario(io.cucumber.testng.PickleWrapper,io.cucumber.testng.FeatureWrapper)[pri:0, instance:com.bugbank.runners.TF023Runner@2d3379b4]" started-at="2026-05-03T21:59:40 IST" name="runScenario" description="Runs Cucumber Scenarios" data-provider="scenarios" finished-at="2026-05-03T22:01:42 IST" duration-ms="122361" status="FAIL">
          <params>
            <param index="0">
              <value>
                <![CDATA["RTGS valid minimum amount"]]>
              </value>
            </param>
            <param index="1">
              <value>
                <![CDATA["TF-023 RTGS minimum amount validation"]]>
              </value>
            </param>
          </params>
          <exception class="java.lang.AssertionError">
            <message>
              <![CDATA[Success message should appear for a successful transfer expected [true] but found [false]]]>
            </message>
            <full-stacktrace>
              <![CDATA[java.lang.AssertionError: Success message should appear for a successful transfer expected [true] but found [false]
at org.testng.Assert.fail(Assert.java:111)
at org.testng.Assert.failNotEquals(Assert.java:1578)
at org.testng.Assert.assertTrue(Assert.java:57)
at com.bugbank.steps.TransferFundsSteps.transferIsSuccessful(TransferFundsSteps.java:392)
at ✽.transfer is successful(file:///C:/Users/Administrator/Documents/ccc/bugbank/src/test/resources/features/TF-023.feature:25)
]]>
            </full-stacktrace>
          </exception> <!-- java.lang.AssertionError -->
          <reporter-output>
          </reporter-output>
        </test-method> <!-- runScenario -->
        <test-method is-config="true" signature="tearDownClass()[pri:0, instance:com.bugbank.runners.TF023Runner@2d3379b4]" started-at="2026-05-03T22:01:42 IST" name="tearDownClass" finished-at="2026-05-03T22:01:42 IST" duration-ms="32" status="PASS">
          <reporter-output>
          </reporter-output>
        </test-method> <!-- tearDownClass -->
      </class> <!-- com.bugbank.runners.TF023Runner -->
      <class name="com.bugbank.runners.TF02123Runner">
        <test-method is-config="true" signature="setUpClass(org.testng.ITestContext)[pri:0, instance:com.bugbank.runners.TF02123Runner@411f53a0]" started-at="2026-05-03T22:16:04 IST" name="setUpClass" finished-at="2026-05-03T22:16:04 IST" duration-ms="37" status="PASS">
          <params>
            <param index="0">
              <value>
                <![CDATA[org.testng.TestRunner@8010cdf]]>
              </value>
            </param>
          </params>
          <reporter-output>
          </reporter-output>
        </test-method> <!-- setUpClass -->
        <test-method signature="runScenario(io.cucumber.testng.PickleWrapper,io.cucumber.testng.FeatureWrapper)[pri:0, instance:com.bugbank.runners.TF02123Runner@411f53a0]" started-at="2026-05-03T22:16:04 IST" name="runScenario" description="Runs Cucumber Scenarios" data-provider="scenarios" finished-at="2026-05-03T22:18:09 IST" duration-ms="125010" status="FAIL">
          <params>
            <param index="0">
              <value>
                <![CDATA["IMPS transfer with boundary amount validation"]]>
              </value>
            </param>
            <param index="1">
              <value>
                <![CDATA["TF-02123 IMPS amount validation with boundary testing"]]>
              </value>
            </param>
          </params>
          <exception class="java.lang.AssertionError">
            <message>
              <![CDATA[IMPS transfer should be successful for amount: 5000 expected [true] but found [false]]]>
            </message>
            <full-stacktrace>
              <![CDATA[java.lang.AssertionError: IMPS transfer should be successful for amount: 5000 expected [true] but found [false]
at org.testng.Assert.fail(Assert.java:111)
at org.testng.Assert.failNotEquals(Assert.java:1578)
at org.testng.Assert.assertTrue(Assert.java:57)
at com.bugbank.steps.TransferFundsSteps.verifyIMPSTransferResult(TransferFundsSteps.java:436)
at ✽.verify IMPS transfer result as "successful" for amount "5000"(file:///C:/Users/Administrator/Documents/ccc/bugbank/src/test/resources/features/TF-02123.feature:25)
]]>
            </full-stacktrace>
          </exception> <!-- java.lang.AssertionError -->
          <reporter-output>
          </reporter-output>
        </test-method> <!-- runScenario -->
        <test-method signature="runScenario(io.cucumber.testng.PickleWrapper,io.cucumber.testng.FeatureWrapper)[pri:0, instance:com.bugbank.runners.TF02123Runner@411f53a0]" started-at="2026-05-03T22:18:09 IST" name="runScenario" description="Runs Cucumber Scenarios" data-provider="scenarios" finished-at="2026-05-03T22:20:12 IST" duration-ms="123158" status="FAIL">
          <params>
            <param index="0">
              <value>
                <![CDATA["IMPS transfer with boundary amount validation"]]>
              </value>
            </param>
            <param index="1">
              <value>
                <![CDATA["TF-02123 IMPS amount validation with boundary testing"]]>
              </value>
            </param>
          </params>
          <exception class="java.lang.AssertionError">
            <message>
              <![CDATA[IMPS transfer should be successful for amount: 100000 expected [true] but found [false]]]>
            </message>
            <full-stacktrace>
              <![CDATA[java.lang.AssertionError: IMPS transfer should be successful for amount: 100000 expected [true] but found [false]
at org.testng.Assert.fail(Assert.java:111)
at org.testng.Assert.failNotEquals(Assert.java:1578)
at org.testng.Assert.assertTrue(Assert.java:57)
at com.bugbank.steps.TransferFundsSteps.verifyIMPSTransferResult(TransferFundsSteps.java:436)
at ✽.verify IMPS transfer result as "successful" for amount "100000"(file:///C:/Users/Administrator/Documents/ccc/bugbank/src/test/resources/features/TF-02123.feature:25)
]]>
            </full-stacktrace>
          </exception> <!-- java.lang.AssertionError -->
          <reporter-output>
          </reporter-output>
        </test-method> <!-- runScenario -->
        <test-method signature="runScenario(io.cucumber.testng.PickleWrapper,io.cucumber.testng.FeatureWrapper)[pri:0, instance:com.bugbank.runners.TF02123Runner@411f53a0]" started-at="2026-05-03T22:20:12 IST" name="runScenario" description="Runs Cucumber Scenarios" data-provider="scenarios" finished-at="2026-05-03T22:22:15 IST" duration-ms="123279" status="FAIL">
          <params>
            <param index="0">
              <value>
                <![CDATA["IMPS transfer with boundary amount validation"]]>
              </value>
            </param>
            <param index="1">
              <value>
                <![CDATA["TF-02123 IMPS amount validation with boundary testing"]]>
              </value>
            </param>
          </params>
          <exception class="java.lang.AssertionError">
            <message>
              <![CDATA[IMPS transfer should be successful for amount: 500000 expected [true] but found [false]]]>
            </message>
            <full-stacktrace>
              <![CDATA[java.lang.AssertionError: IMPS transfer should be successful for amount: 500000 expected [true] but found [false]
at org.testng.Assert.fail(Assert.java:111)
at org.testng.Assert.failNotEquals(Assert.java:1578)
at org.testng.Assert.assertTrue(Assert.java:57)
at com.bugbank.steps.TransferFundsSteps.verifyIMPSTransferResult(TransferFundsSteps.java:436)
at ✽.verify IMPS transfer result as "successful" for amount "500000"(file:///C:/Users/Administrator/Documents/ccc/bugbank/src/test/resources/features/TF-02123.feature:25)
]]>
            </full-stacktrace>
          </exception> <!-- java.lang.AssertionError -->
          <reporter-output>
          </reporter-output>
        </test-method> <!-- runScenario -->
        <test-method signature="runScenario(io.cucumber.testng.PickleWrapper,io.cucumber.testng.FeatureWrapper)[pri:0, instance:com.bugbank.runners.TF02123Runner@411f53a0]" started-at="2026-05-03T22:22:15 IST" name="runScenario" description="Runs Cucumber Scenarios" data-provider="scenarios" finished-at="2026-05-03T22:24:18 IST" duration-ms="123209" status="FAIL">
          <params>
            <param index="0">
              <value>
                <![CDATA["IMPS transfer with boundary amount validation"]]>
              </value>
            </param>
            <param index="1">
              <value>
                <![CDATA["TF-02123 IMPS amount validation with boundary testing"]]>
              </value>
            </param>
          </params>
          <exception class="java.lang.AssertionError">
            <message>
              <![CDATA[Error message should appear for invalid amount: 500001 expected [true] but found [false]]]>
            </message>
            <full-stacktrace>
              <![CDATA[java.lang.AssertionError: Error message should appear for invalid amount: 500001 expected [true] but found [false]
at org.testng.Assert.fail(Assert.java:111)
at org.testng.Assert.failNotEquals(Assert.java:1578)
at org.testng.Assert.assertTrue(Assert.java:57)
at com.bugbank.steps.TransferFundsSteps.verifyIMPSTransferResult(TransferFundsSteps.java:433)
at ✽.verify IMPS transfer result as "failed" for amount "500001"(file:///C:/Users/Administrator/Documents/ccc/bugbank/src/test/resources/features/TF-02123.feature:25)
]]>
            </full-stacktrace>
          </exception> <!-- java.lang.AssertionError -->
          <reporter-output>
          </reporter-output>
        </test-method> <!-- runScenario -->
        <test-method signature="runScenario(io.cucumber.testng.PickleWrapper,io.cucumber.testng.FeatureWrapper)[pri:0, instance:com.bugbank.runners.TF02123Runner@411f53a0]" started-at="2026-05-03T22:24:18 IST" name="runScenario" description="Runs Cucumber Scenarios" data-provider="scenarios" finished-at="2026-05-03T22:26:21 IST" duration-ms="123202" status="PASS">
          <params>
            <param index="0">
              <value>
                <![CDATA["IMPS transfer with boundary amount validation"]]>
              </value>
            </param>
            <param index="1">
              <value>
                <![CDATA["TF-02123 IMPS amount validation with boundary testing"]]>
              </value>
            </param>
          </params>
          <reporter-output>
          </reporter-output>
        </test-method> <!-- runScenario -->
        <test-method is-config="true" signature="tearDownClass()[pri:0, instance:com.bugbank.runners.TF02123Runner@411f53a0]" started-at="2026-05-03T22:26:21 IST" name="tearDownClass" finished-at="2026-05-03T22:26:21 IST" duration-ms="31" status="PASS">
          <reporter-output>
          </reporter-output>
        </test-method> <!-- tearDownClass -->
      </class> <!-- com.bugbank.runners.TF02123Runner -->
      <class name="com.bugbank.runners.TF024Runner">
        <test-method is-config="true" signature="setUpClass(org.testng.ITestContext)[pri:0, instance:com.bugbank.runners.TF024Runner@30c15d8b]" started-at="2026-05-03T22:01:42 IST" name="setUpClass" finished-at="2026-05-03T22:01:42 IST" duration-ms="26" status="PASS">
          <params>
            <param index="0">
              <value>
                <![CDATA[org.testng.TestRunner@8010cdf]]>
              </value>
            </param>
          </params>
          <reporter-output>
          </reporter-output>
        </test-method> <!-- setUpClass -->
        <test-method signature="runScenario(io.cucumber.testng.PickleWrapper,io.cucumber.testng.FeatureWrapper)[pri:0, instance:com.bugbank.runners.TF024Runner@30c15d8b]" started-at="2026-05-03T22:01:42 IST" name="runScenario" description="Runs Cucumber Scenarios" data-provider="scenarios" finished-at="2026-05-03T22:03:44 IST" duration-ms="122435" status="FAIL">
          <params>
            <param index="0">
              <value>
                <![CDATA["RTGS amount slightly below minimum"]]>
              </value>
            </param>
            <param index="1">
              <value>
                <![CDATA["TF-024 RTGS minimum amount validation"]]>
              </value>
            </param>
          </params>
          <exception class="java.lang.AssertionError">
            <message>
              <![CDATA[Error message should appear for RTGS minimum validation expected [true] but found [false]]]>
            </message>
            <full-stacktrace>
              <![CDATA[java.lang.AssertionError: Error message should appear for RTGS minimum validation expected [true] but found [false]
at org.testng.Assert.fail(Assert.java:111)
at org.testng.Assert.failNotEquals(Assert.java:1578)
at org.testng.Assert.assertTrue(Assert.java:57)
at com.bugbank.steps.TransferFundsSteps.transferIsBlockedDueToRtgsMinimum(TransferFundsSteps.java:402)
at ✽.transfer is blocked due to RTGS minimum amount(file:///C:/Users/Administrator/Documents/ccc/bugbank/src/test/resources/features/TF-024.feature:25)
]]>
            </full-stacktrace>
          </exception> <!-- java.lang.AssertionError -->
          <reporter-output>
          </reporter-output>
        </test-method> <!-- runScenario -->
        <test-method is-config="true" signature="tearDownClass()[pri:0, instance:com.bugbank.runners.TF024Runner@30c15d8b]" started-at="2026-05-03T22:03:44 IST" name="tearDownClass" finished-at="2026-05-03T22:03:44 IST" duration-ms="28" status="PASS">
          <reporter-output>
          </reporter-output>
        </test-method> <!-- tearDownClass -->
      </class> <!-- com.bugbank.runners.TF024Runner -->
      <class name="com.bugbank.runners.TF008Runner">
        <test-method is-config="true" signature="setUpClass(org.testng.ITestContext)[pri:0, instance:com.bugbank.runners.TF008Runner@618b19ad]" started-at="2026-05-03T21:57:36 IST" name="setUpClass" finished-at="2026-05-03T21:57:36 IST" duration-ms="31" status="PASS">
          <params>
            <param index="0">
              <value>
                <![CDATA[org.testng.TestRunner@8010cdf]]>
              </value>
            </param>
          </params>
          <reporter-output>
          </reporter-output>
        </test-method> <!-- setUpClass -->
        <test-method signature="runScenario(io.cucumber.testng.PickleWrapper,io.cucumber.testng.FeatureWrapper)[pri:0, instance:com.bugbank.runners.TF008Runner@618b19ad]" started-at="2026-05-03T21:57:36 IST" name="runScenario" description="Runs Cucumber Scenarios" data-provider="scenarios" finished-at="2026-05-03T21:59:39 IST" duration-ms="123303" status="FAIL">
          <params>
            <param index="0">
              <value>
                <![CDATA["Prevent self-transfer using the same account"]]>
              </value>
            </param>
            <param index="1">
              <value>
                <![CDATA["TF-008 Self-transfer prevention"]]>
              </value>
            </param>
          </params>
          <exception class="java.lang.AssertionError">
            <message>
              <![CDATA[Self-transfer should not succeed.]]>
            </message>
            <full-stacktrace>
              <![CDATA[java.lang.AssertionError: Self-transfer should not succeed.
at org.testng.Assert.fail(Assert.java:111)
at com.bugbank.steps.TransferFundsSteps.errorMessageIndicatesSelfTransferNotAllowed(TransferFundsSteps.java:366)
at ✽.error message indicates self-transfer is not allowed(file:///C:/Users/Administrator/Documents/ccc/bugbank/src/test/resources/features/TF-008.feature:26)
]]>
            </full-stacktrace>
          </exception> <!-- java.lang.AssertionError -->
          <reporter-output>
          </reporter-output>
        </test-method> <!-- runScenario -->
        <test-method is-config="true" signature="tearDownClass()[pri:0, instance:com.bugbank.runners.TF008Runner@618b19ad]" started-at="2026-05-03T21:59:39 IST" name="tearDownClass" finished-at="2026-05-03T21:59:40 IST" duration-ms="56" status="PASS">
          <reporter-output>
          </reporter-output>
        </test-method> <!-- tearDownClass -->
      </class> <!-- com.bugbank.runners.TF008Runner -->
      <class name="com.bugbank.runners.TF02345Runner">
        <test-method is-config="true" signature="setUpClass(org.testng.ITestContext)[pri:0, instance:com.bugbank.runners.TF02345Runner@6b2ea799]" started-at="2026-05-03T22:09:52 IST" name="setUpClass" finished-at="2026-05-03T22:09:52 IST" duration-ms="41" status="PASS">
          <params>
            <param index="0">
              <value>
                <![CDATA[org.testng.TestRunner@8010cdf]]>
              </value>
            </param>
          </params>
          <reporter-output>
          </reporter-output>
        </test-method> <!-- setUpClass -->
        <test-method signature="runScenario(io.cucumber.testng.PickleWrapper,io.cucumber.testng.FeatureWrapper)[pri:0, instance:com.bugbank.runners.TF02345Runner@6b2ea799]" started-at="2026-05-03T22:09:52 IST" name="runScenario" description="Runs Cucumber Scenarios" data-provider="scenarios" finished-at="2026-05-03T22:11:55 IST" duration-ms="123007" status="FAIL">
          <params>
            <param index="0">
              <value>
                <![CDATA["RTGS transfer with various amounts"]]>
              </value>
            </param>
            <param index="1">
              <value>
                <![CDATA["TF-02345 RTGS amount validation with multiple values"]]>
              </value>
            </param>
          </params>
          <exception class="java.lang.AssertionError">
            <message>
              <![CDATA[Transfer should be successful expected [true] but found [false]]]>
            </message>
            <full-stacktrace>
              <![CDATA[java.lang.AssertionError: Transfer should be successful expected [true] but found [false]
at org.testng.Assert.fail(Assert.java:111)
at org.testng.Assert.failNotEquals(Assert.java:1578)
at org.testng.Assert.assertTrue(Assert.java:57)
at com.bugbank.steps.TransferFundsSteps.verifyTransferResult(TransferFundsSteps.java:413)
at ✽.verify transfer result as "successful"(file:///C:/Users/Administrator/Documents/ccc/bugbank/src/test/resources/features/TF-02345.feature:25)
]]>
            </full-stacktrace>
          </exception> <!-- java.lang.AssertionError -->
          <reporter-output>
          </reporter-output>
        </test-method> <!-- runScenario -->
        <test-method signature="runScenario(io.cucumber.testng.PickleWrapper,io.cucumber.testng.FeatureWrapper)[pri:0, instance:com.bugbank.runners.TF02345Runner@6b2ea799]" started-at="2026-05-03T22:11:55 IST" name="runScenario" description="Runs Cucumber Scenarios" data-provider="scenarios" finished-at="2026-05-03T22:13:59 IST" duration-ms="124075" status="FAIL">
          <params>
            <param index="0">
              <value>
                <![CDATA["RTGS transfer with various amounts"]]>
              </value>
            </param>
            <param index="1">
              <value>
                <![CDATA["TF-02345 RTGS amount validation with multiple values"]]>
              </value>
            </param>
          </params>
          <exception class="java.lang.AssertionError">
            <message>
              <![CDATA[Error message should appear for blocked transfer expected [true] but found [false]]]>
            </message>
            <full-stacktrace>
              <![CDATA[java.lang.AssertionError: Error message should appear for blocked transfer expected [true] but found [false]
at org.testng.Assert.fail(Assert.java:111)
at org.testng.Assert.failNotEquals(Assert.java:1578)
at org.testng.Assert.assertTrue(Assert.java:57)
at com.bugbank.steps.TransferFundsSteps.verifyTransferResult(TransferFundsSteps.java:420)
at ✽.verify transfer result as "blocked"(file:///C:/Users/Administrator/Documents/ccc/bugbank/src/test/resources/features/TF-02345.feature:25)
]]>
            </full-stacktrace>
          </exception> <!-- java.lang.AssertionError -->
          <reporter-output>
          </reporter-output>
        </test-method> <!-- runScenario -->
        <test-method signature="runScenario(io.cucumber.testng.PickleWrapper,io.cucumber.testng.FeatureWrapper)[pri:0, instance:com.bugbank.runners.TF02345Runner@6b2ea799]" started-at="2026-05-03T22:13:59 IST" name="runScenario" description="Runs Cucumber Scenarios" data-provider="scenarios" finished-at="2026-05-03T22:16:03 IST" duration-ms="124502" status="FAIL">
          <params>
            <param index="0">
              <value>
                <![CDATA["RTGS transfer with various amounts"]]>
              </value>
            </param>
            <param index="1">
              <value>
                <![CDATA["TF-02345 RTGS amount validation with multiple values"]]>
              </value>
            </param>
          </params>
          <exception class="java.lang.AssertionError">
            <message>
              <![CDATA[Transfer should be successful expected [true] but found [false]]]>
            </message>
            <full-stacktrace>
              <![CDATA[java.lang.AssertionError: Transfer should be successful expected [true] but found [false]
at org.testng.Assert.fail(Assert.java:111)
at org.testng.Assert.failNotEquals(Assert.java:1578)
at org.testng.Assert.assertTrue(Assert.java:57)
at com.bugbank.steps.TransferFundsSteps.verifyTransferResult(TransferFundsSteps.java:413)
at ✽.verify transfer result as "successful"(file:///C:/Users/Administrator/Documents/ccc/bugbank/src/test/resources/features/TF-02345.feature:25)
]]>
            </full-stacktrace>
          </exception> <!-- java.lang.AssertionError -->
          <reporter-output>
          </reporter-output>
        </test-method> <!-- runScenario -->
        <test-method is-config="true" signature="tearDownClass()[pri:0, instance:com.bugbank.runners.TF02345Runner@6b2ea799]" started-at="2026-05-03T22:16:03 IST" name="tearDownClass" finished-at="2026-05-03T22:16:04 IST" duration-ms="60" status="PASS">
          <reporter-output>
          </reporter-output>
        </test-method> <!-- tearDownClass -->
      </class> <!-- com.bugbank.runners.TF02345Runner -->
      <class name="com.bugbank.runners.TF02678Runner">
        <test-method is-config="true" signature="setUpClass(org.testng.ITestContext)[pri:0, instance:com.bugbank.runners.TF02678Runner@2b71e916]" started-at="2026-05-03T22:26:21 IST" name="setUpClass" finished-at="2026-05-03T22:26:22 IST" duration-ms="22" status="PASS">
          <params>
            <param index="0">
              <value>
                <![CDATA[org.testng.TestRunner@8010cdf]]>
              </value>
            </param>
          </params>
          <reporter-output>
          </reporter-output>
        </test-method> <!-- setUpClass -->
        <test-method signature="runScenario(io.cucumber.testng.PickleWrapper,io.cucumber.testng.FeatureWrapper)[pri:0, instance:com.bugbank.runners.TF02678Runner@2b71e916]" started-at="2026-05-03T22:26:22 IST" name="runScenario" description="Runs Cucumber Scenarios" data-provider="scenarios" finished-at="2026-05-03T22:28:25 IST" duration-ms="123554" status="FAIL">
          <params>
            <param index="0">
              <value>
                <![CDATA["NEFT transfer with various amount formats"]]>
              </value>
            </param>
            <param index="1">
              <value>
                <![CDATA["TF-02678 NEFT amount validation with decimal and boundary testing"]]>
              </value>
            </param>
          </params>
          <exception class="java.lang.AssertionError">
            <message>
              <![CDATA[NEFT transfer should be successful for amount: 10000 expected [true] but found [false]]]>
            </message>
            <full-stacktrace>
              <![CDATA[java.lang.AssertionError: NEFT transfer should be successful for amount: 10000 expected [true] but found [false]
at org.testng.Assert.fail(Assert.java:111)
at org.testng.Assert.failNotEquals(Assert.java:1578)
at org.testng.Assert.assertTrue(Assert.java:57)
at com.bugbank.steps.TransferFundsSteps.verifyNEFTTransferResult(TransferFundsSteps.java:471)
at ✽.verify NEFT transfer result as "successful" for amount "10000"(file:///C:/Users/Administrator/Documents/ccc/bugbank/src/test/resources/features/TF-02678.feature:25)
]]>
            </full-stacktrace>
          </exception> <!-- java.lang.AssertionError -->
          <reporter-output>
          </reporter-output>
        </test-method> <!-- runScenario -->
        <test-method signature="runScenario(io.cucumber.testng.PickleWrapper,io.cucumber.testng.FeatureWrapper)[pri:0, instance:com.bugbank.runners.TF02678Runner@2b71e916]" started-at="2026-05-03T22:28:25 IST" name="runScenario" description="Runs Cucumber Scenarios" data-provider="scenarios" finished-at="2026-05-03T22:30:28 IST" duration-ms="122910" status="PASS">
          <params>
            <param index="0">
              <value>
                <![CDATA["NEFT transfer with various amount formats"]]>
              </value>
            </param>
            <param index="1">
              <value>
                <![CDATA["TF-02678 NEFT amount validation with decimal and boundary testing"]]>
              </value>
            </param>
          </params>
          <reporter-output>
          </reporter-output>
        </test-method> <!-- runScenario -->
        <test-method signature="runScenario(io.cucumber.testng.PickleWrapper,io.cucumber.testng.FeatureWrapper)[pri:0, instance:com.bugbank.runners.TF02678Runner@2b71e916]" started-at="2026-05-03T22:30:28 IST" name="runScenario" description="Runs Cucumber Scenarios" data-provider="scenarios" finished-at="2026-05-03T22:32:32 IST" duration-ms="124194" status="PASS">
          <params>
            <param index="0">
              <value>
                <![CDATA["NEFT transfer with various amount formats"]]>
              </value>
            </param>
            <param index="1">
              <value>
                <![CDATA["TF-02678 NEFT amount validation with decimal and boundary testing"]]>
              </value>
            </param>
          </params>
          <reporter-output>
          </reporter-output>
        </test-method> <!-- runScenario -->
        <test-method signature="runScenario(io.cucumber.testng.PickleWrapper,io.cucumber.testng.FeatureWrapper)[pri:0, instance:com.bugbank.runners.TF02678Runner@2b71e916]" started-at="2026-05-03T22:32:32 IST" name="runScenario" description="Runs Cucumber Scenarios" data-provider="scenarios" finished-at="2026-05-03T22:34:36 IST" duration-ms="123416" status="PASS">
          <params>
            <param index="0">
              <value>
                <![CDATA["NEFT transfer with various amount formats"]]>
              </value>
            </param>
            <param index="1">
              <value>
                <![CDATA["TF-02678 NEFT amount validation with decimal and boundary testing"]]>
              </value>
            </param>
          </params>
          <reporter-output>
          </reporter-output>
        </test-method> <!-- runScenario -->
        <test-method signature="runScenario(io.cucumber.testng.PickleWrapper,io.cucumber.testng.FeatureWrapper)[pri:0, instance:com.bugbank.runners.TF02678Runner@2b71e916]" started-at="2026-05-03T22:34:36 IST" name="runScenario" description="Runs Cucumber Scenarios" data-provider="scenarios" finished-at="2026-05-03T22:36:39 IST" duration-ms="123322" status="FAIL">
          <params>
            <param index="0">
              <value>
                <![CDATA["NEFT transfer with various amount formats"]]>
              </value>
            </param>
            <param index="1">
              <value>
                <![CDATA["TF-02678 NEFT amount validation with decimal and boundary testing"]]>
              </value>
            </param>
          </params>
          <exception class="java.lang.AssertionError">
            <message>
              <![CDATA[NEFT transfer should be successful for decimal amount: 5000.56 expected [true] but found [false]]]>
            </message>
            <full-stacktrace>
              <![CDATA[java.lang.AssertionError: NEFT transfer should be successful for decimal amount: 5000.56 expected [true] but found [false]
at org.testng.Assert.fail(Assert.java:111)
at org.testng.Assert.failNotEquals(Assert.java:1578)
at org.testng.Assert.assertTrue(Assert.java:57)
at com.bugbank.steps.TransferFundsSteps.verifyNEFTTransferResult(TransferFundsSteps.java:464)
at ✽.verify NEFT transfer result as "successful" for amount "5000.56"(file:///C:/Users/Administrator/Documents/ccc/bugbank/src/test/resources/features/TF-02678.feature:25)
]]>
            </full-stacktrace>
          </exception> <!-- java.lang.AssertionError -->
          <reporter-output>
          </reporter-output>
        </test-method> <!-- runScenario -->
        <test-method is-config="true" signature="tearDownClass()[pri:0, instance:com.bugbank.runners.TF02678Runner@2b71e916]" started-at="2026-05-03T22:36:39 IST" name="tearDownClass" finished-at="2026-05-03T22:36:39 IST" duration-ms="30" status="PASS">
          <reporter-output>
          </reporter-output>
        </test-method> <!-- tearDownClass -->
      </class> <!-- com.bugbank.runners.TF02678Runner -->
      <class name="com.bugbank.hooks.TestSuiteHooks">
        <test-method is-config="true" signature="beforeSuite()[pri:0, instance:com.bugbank.hooks.TestSuiteHooks@7b98f307]" started-at="2026-05-03T21:53:17 IST" name="beforeSuite" finished-at="2026-05-03T21:53:42 IST" duration-ms="25541" status="PASS">
          <reporter-output>
          </reporter-output>
        </test-method> <!-- beforeSuite -->
        <test-method is-config="true" signature="afterSuite()[pri:0, instance:com.bugbank.hooks.TestSuiteHooks@7b98f307]" started-at="2026-05-03T22:38:43 IST" name="afterSuite" finished-at="2026-05-03T22:38:47 IST" duration-ms="4358" status="PASS">
          <reporter-output>
          </reporter-output>
        </test-method> <!-- afterSuite -->
      </class> <!-- com.bugbank.hooks.TestSuiteHooks -->
      <class name="com.bugbank.runners.TF028Runner">
        <test-method is-config="true" signature="setUpClass(org.testng.ITestContext)[pri:0, instance:com.bugbank.runners.TF028Runner@51399530]" started-at="2026-05-03T22:07:50 IST" name="setUpClass" finished-at="2026-05-03T22:07:50 IST" duration-ms="27" status="PASS">
          <params>
            <param index="0">
              <value>
                <![CDATA[org.testng.TestRunner@8010cdf]]>
              </value>
            </param>
          </params>
          <reporter-output>
          </reporter-output>
        </test-method> <!-- setUpClass -->
        <test-method signature="runScenario(io.cucumber.testng.PickleWrapper,io.cucumber.testng.FeatureWrapper)[pri:0, instance:com.bugbank.runners.TF028Runner@51399530]" started-at="2026-05-03T22:07:50 IST" name="runScenario" description="Runs Cucumber Scenarios" data-provider="scenarios" finished-at="2026-05-03T22:09:52 IST" duration-ms="122199" status="FAIL">
          <params>
            <param index="0">
              <value>
                <![CDATA["Decimal amount is accepted"]]>
              </value>
            </param>
            <param index="1">
              <value>
                <![CDATA["TF-028 Amount with decimal values"]]>
              </value>
            </param>
          </params>
          <exception class="java.lang.AssertionError">
            <message>
              <![CDATA[Success message should appear for a successful transfer expected [true] but found [false]]]>
            </message>
            <full-stacktrace>
              <![CDATA[java.lang.AssertionError: Success message should appear for a successful transfer expected [true] but found [false]
at org.testng.Assert.fail(Assert.java:111)
at org.testng.Assert.failNotEquals(Assert.java:1578)
at org.testng.Assert.assertTrue(Assert.java:57)
at com.bugbank.steps.TransferFundsSteps.transferIsSuccessful(TransferFundsSteps.java:392)
at ✽.transfer is successful(file:///C:/Users/Administrator/Documents/ccc/bugbank/src/test/resources/features/TF-028.feature:25)
]]>
            </full-stacktrace>
          </exception> <!-- java.lang.AssertionError -->
          <reporter-output>
          </reporter-output>
        </test-method> <!-- runScenario -->
        <test-method is-config="true" signature="tearDownClass()[pri:0, instance:com.bugbank.runners.TF028Runner@51399530]" started-at="2026-05-03T22:09:52 IST" name="tearDownClass" finished-at="2026-05-03T22:09:52 IST" duration-ms="52" status="PASS">
          <reporter-output>
          </reporter-output>
        </test-method> <!-- tearDownClass -->
      </class> <!-- com.bugbank.runners.TF028Runner -->
      <class name="com.bugbank.runners.TF003Runner">
        <test-method is-config="true" signature="setUpClass(org.testng.ITestContext)[pri:0, instance:com.bugbank.runners.TF003Runner@639c2c1d]" started-at="2026-05-03T21:53:42 IST" name="setUpClass" finished-at="2026-05-03T21:53:43 IST" duration-ms="1201" status="PASS">
          <params>
            <param index="0">
              <value>
                <![CDATA[org.testng.TestRunner@8010cdf]]>
              </value>
            </param>
          </params>
          <reporter-output>
          </reporter-output>
        </test-method> <!-- setUpClass -->
        <test-method signature="runScenario(io.cucumber.testng.PickleWrapper,io.cucumber.testng.FeatureWrapper)[pri:0, instance:com.bugbank.runners.TF003Runner@639c2c1d]" started-at="2026-05-03T21:53:43 IST" name="runScenario" description="Runs Cucumber Scenarios" data-provider="scenarios" finished-at="2026-05-03T21:54:05 IST" duration-ms="21342" status="PASS">
          <params>
            <param index="0">
              <value>
                <![CDATA["Initial load of Transfer Funds page shows required controls"]]>
              </value>
            </param>
            <param index="1">
              <value>
                <![CDATA["TF-003 Transfer Funds initial page layout"]]>
              </value>
            </param>
          </params>
          <reporter-output>
          </reporter-output>
        </test-method> <!-- runScenario -->
        <test-method is-config="true" signature="tearDownClass()[pri:0, instance:com.bugbank.runners.TF003Runner@639c2c1d]" started-at="2026-05-03T21:54:05 IST" name="tearDownClass" finished-at="2026-05-03T21:54:05 IST" duration-ms="123" status="PASS">
          <reporter-output>
          </reporter-output>
        </test-method> <!-- tearDownClass -->
      </class> <!-- com.bugbank.runners.TF003Runner -->
      <class name="com.bugbank.runners.TF007Runner">
        <test-method is-config="true" signature="setUpClass(org.testng.ITestContext)[pri:0, instance:com.bugbank.runners.TF007Runner@74235045]" started-at="2026-05-03T21:57:04 IST" name="setUpClass" finished-at="2026-05-03T21:57:04 IST" duration-ms="36" status="PASS">
          <params>
            <param index="0">
              <value>
                <![CDATA[org.testng.TestRunner@8010cdf]]>
              </value>
            </param>
          </params>
          <reporter-output>
          </reporter-output>
        </test-method> <!-- setUpClass -->
        <test-method signature="runScenario(io.cucumber.testng.PickleWrapper,io.cucumber.testng.FeatureWrapper)[pri:0, instance:com.bugbank.runners.TF007Runner@74235045]" started-at="2026-05-03T21:57:04 IST" name="runScenario" description="Runs Cucumber Scenarios" data-provider="scenarios" finished-at="2026-05-03T21:57:36 IST" duration-ms="32230" status="PASS">
          <params>
            <param index="0">
              <value>
                <![CDATA["User with multiple accounts sees all accounts in dropdown"]]>
              </value>
            </param>
            <param index="1">
              <value>
                <![CDATA["TF-007 Multiple accounts in FROM ACCOUNT dropdown"]]>
              </value>
            </param>
          </params>
          <reporter-output>
          </reporter-output>
        </test-method> <!-- runScenario -->
        <test-method is-config="true" signature="tearDownClass()[pri:0, instance:com.bugbank.runners.TF007Runner@74235045]" started-at="2026-05-03T21:57:36 IST" name="tearDownClass" finished-at="2026-05-03T21:57:36 IST" duration-ms="44" status="PASS">
          <reporter-output>
          </reporter-output>
        </test-method> <!-- tearDownClass -->
      </class> <!-- com.bugbank.runners.TF007Runner -->
      <class name="com.bugbank.runners.TF006Runner">
        <test-method is-config="true" signature="setUpClass(org.testng.ITestContext)[pri:0, instance:com.bugbank.runners.TF006Runner@765d7657]" started-at="2026-05-03T21:56:28 IST" name="setUpClass" finished-at="2026-05-03T21:56:28 IST" duration-ms="47" status="PASS">
          <params>
            <param index="0">
              <value>
                <![CDATA[org.testng.TestRunner@8010cdf]]>
              </value>
            </param>
          </params>
          <reporter-output>
          </reporter-output>
        </test-method> <!-- setUpClass -->
        <test-method signature="runScenario(io.cucumber.testng.PickleWrapper,io.cucumber.testng.FeatureWrapper)[pri:0, instance:com.bugbank.runners.TF006Runner@765d7657]" started-at="2026-05-03T21:56:28 IST" name="runScenario" description="Runs Cucumber Scenarios" data-provider="scenarios" finished-at="2026-05-03T21:57:04 IST" duration-ms="35975" status="PASS">
          <params>
            <param index="0">
              <value>
                <![CDATA["FROM ACCOUNT option shows account number and balance in correct format"]]>
              </value>
            </param>
            <param index="1">
              <value>
                <![CDATA["TF-006 FROM ACCOUNT option format validation"]]>
              </value>
            </param>
          </params>
          <reporter-output>
          </reporter-output>
        </test-method> <!-- runScenario -->
        <test-method is-config="true" signature="tearDownClass()[pri:0, instance:com.bugbank.runners.TF006Runner@765d7657]" started-at="2026-05-03T21:57:04 IST" name="tearDownClass" finished-at="2026-05-03T21:57:04 IST" duration-ms="38" status="PASS">
          <reporter-output>
          </reporter-output>
        </test-method> <!-- tearDownClass -->
      </class> <!-- com.bugbank.runners.TF006Runner -->
      <class name="com.bugbank.runners.TF026Runner">
        <test-method is-config="true" signature="setUpClass(org.testng.ITestContext)[pri:0, instance:com.bugbank.runners.TF026Runner@6771beb3]" started-at="2026-05-03T22:05:47 IST" name="setUpClass" finished-at="2026-05-03T22:05:47 IST" duration-ms="26" status="PASS">
          <params>
            <param index="0">
              <value>
                <![CDATA[org.testng.TestRunner@8010cdf]]>
              </value>
            </param>
          </params>
          <reporter-output>
          </reporter-output>
        </test-method> <!-- setUpClass -->
        <test-method signature="runScenario(io.cucumber.testng.PickleWrapper,io.cucumber.testng.FeatureWrapper)[pri:0, instance:com.bugbank.runners.TF026Runner@6771beb3]" started-at="2026-05-03T22:05:47 IST" name="runScenario" description="Runs Cucumber Scenarios" data-provider="scenarios" finished-at="2026-05-03T22:07:50 IST" duration-ms="122625" status="FAIL">
          <params>
            <param index="0">
              <value>
                <![CDATA["NEFT with large amount"]]>
              </value>
            </param>
            <param index="1">
              <value>
                <![CDATA["TF-026 NEFT large amount"]]>
              </value>
            </param>
          </params>
          <exception class="java.lang.AssertionError">
            <message>
              <![CDATA[Success message should appear for a successful transfer expected [true] but found [false]]]>
            </message>
            <full-stacktrace>
              <![CDATA[java.lang.AssertionError: Success message should appear for a successful transfer expected [true] but found [false]
at org.testng.Assert.fail(Assert.java:111)
at org.testng.Assert.failNotEquals(Assert.java:1578)
at org.testng.Assert.assertTrue(Assert.java:57)
at com.bugbank.steps.TransferFundsSteps.transferIsSuccessful(TransferFundsSteps.java:392)
at ✽.transfer is successful(file:///C:/Users/Administrator/Documents/ccc/bugbank/src/test/resources/features/TF-026.feature:25)
]]>
            </full-stacktrace>
          </exception> <!-- java.lang.AssertionError -->
          <reporter-output>
          </reporter-output>
        </test-method> <!-- runScenario -->
        <test-method is-config="true" signature="tearDownClass()[pri:0, instance:com.bugbank.runners.TF026Runner@6771beb3]" started-at="2026-05-03T22:07:50 IST" name="tearDownClass" finished-at="2026-05-03T22:07:50 IST" duration-ms="47" status="PASS">
          <reporter-output>
          </reporter-output>
        </test-method> <!-- tearDownClass -->
      </class> <!-- com.bugbank.runners.TF026Runner -->
    </test> <!-- TransferFunds-Suite -->
  </suite> <!-- BugBank-TransferFunds -->
</testng-results>
