-------------------------------------------------------------------------------
Test set: TestSuite
-------------------------------------------------------------------------------
Tests run: 11, Failures: 6, Errors: 0, Skipped: 0, Time elapsed: 1001 s <<< FAILURE! -- in TestSuite
com.bugbank.runners.TF008Runner.runScenario["Prevent self-transfer using the same account", "TF-008 Self-transfer prevention"](1) -- Time elapsed: 121.9 s <<< FAILURE!
java.lang.AssertionError: Error message should appear for self-transfer attempt expected [true] but found [false]
	at org.testng.Assert.fail(Assert.java:111)
	at org.testng.Assert.failNotEquals(Assert.java:1578)
	at org.testng.Assert.assertTrue(Assert.java:57)
	at com.bugbank.steps.TransferFundsSteps.errorMessageIndicatesSelfTransferNotAllowed(TransferFundsSteps.java:362)
	at ✽.error message indicates self-transfer is not allowed(file:///C:/Users/Administrator/Documents/Git/testing/BBT/src/test/resources/features/TF-008.feature:25)

com.bugbank.runners.TF023Runner.runScenario["RTGS valid minimum amount", "TF-023 RTGS minimum amount validation"](1) -- Time elapsed: 121.2 s <<< FAILURE!
java.lang.AssertionError: Success message should appear for a successful transfer expected [true] but found [false]
	at org.testng.Assert.fail(Assert.java:111)
	at org.testng.Assert.failNotEquals(Assert.java:1578)
	at org.testng.Assert.assertTrue(Assert.java:57)
	at com.bugbank.steps.TransferFundsSteps.transferIsSuccessful(TransferFundsSteps.java:386)
	at ✽.transfer is successful(file:///C:/Users/Administrator/Documents/Git/testing/BBT/src/test/resources/features/TF-023.feature:25)

com.bugbank.runners.TF024Runner.runScenario["RTGS amount slightly below minimum", "TF-024 RTGS minimum amount validation"](1) -- Time elapsed: 123.2 s <<< FAILURE!
java.lang.AssertionError: Error message should appear for RTGS minimum validation expected [true] but found [false]
	at org.testng.Assert.fail(Assert.java:111)
	at org.testng.Assert.failNotEquals(Assert.java:1578)
	at org.testng.Assert.assertTrue(Assert.java:57)
	at com.bugbank.steps.TransferFundsSteps.transferIsBlockedDueToRtgsMinimum(TransferFundsSteps.java:396)
	at ✽.transfer is blocked due to RTGS minimum amount(file:///C:/Users/Administrator/Documents/Git/testing/BBT/src/test/resources/features/TF-024.feature:25)

com.bugbank.runners.TF025Runner.runScenario["RTGS amount above minimum", "TF-025 RTGS above minimum amount validation"](1) -- Time elapsed: 121.6 s <<< FAILURE!
java.lang.AssertionError: Success message should appear for a successful transfer expected [true] but found [false]
	at org.testng.Assert.fail(Assert.java:111)
	at org.testng.Assert.failNotEquals(Assert.java:1578)
	at org.testng.Assert.assertTrue(Assert.java:57)
	at com.bugbank.steps.TransferFundsSteps.transferIsSuccessful(TransferFundsSteps.java:386)
	at ✽.transfer is successful(file:///C:/Users/Administrator/Documents/Git/testing/BBT/src/test/resources/features/TF-025.feature:25)

com.bugbank.runners.TF026Runner.runScenario["NEFT with large amount", "TF-026 NEFT large amount"](1) -- Time elapsed: 122.0 s <<< FAILURE!
java.lang.AssertionError: Success message should appear for a successful transfer expected [true] but found [false]
	at org.testng.Assert.fail(Assert.java:111)
	at org.testng.Assert.failNotEquals(Assert.java:1578)
	at org.testng.Assert.assertTrue(Assert.java:57)
	at com.bugbank.steps.TransferFundsSteps.transferIsSuccessful(TransferFundsSteps.java:386)
	at ✽.transfer is successful(file:///C:/Users/Administrator/Documents/Git/testing/BBT/src/test/resources/features/TF-026.feature:25)

com.bugbank.runners.TF028Runner.runScenario["Decimal amount is accepted", "TF-028 Amount with decimal values"](1) -- Time elapsed: 121.2 s <<< FAILURE!
java.lang.AssertionError: Success message should appear for a successful transfer expected [true] but found [false]
	at org.testng.Assert.fail(Assert.java:111)
	at org.testng.Assert.failNotEquals(Assert.java:1578)
	at org.testng.Assert.assertTrue(Assert.java:57)
	at com.bugbank.steps.TransferFundsSteps.transferIsSuccessful(TransferFundsSteps.java:386)
	at ✽.transfer is successful(file:///C:/Users/Administrator/Documents/Git/testing/BBT/src/test/resources/features/TF-028.feature:25)

