<?xml version="1.0" encoding="UTF-8"?>
<testng-results ignored="0" total="1" passed="1" failed="0" skipped="0">
  <reporter-output>
  </reporter-output>
  <suite started-at="2026-05-06T16:59:15 IST" name="BugBank-TransferFunds" finished-at="2026-05-06T17:00:14 IST" duration-ms="59711">
    <groups>
      <group name="cucumber">
        <method signature="AbstractTestNGCucumberTests.runScenario(io.cucumber.testng.PickleWrapper,io.cucumber.testng.FeatureWrapper)[pri:0, instance:com.bugbank.runners.TF039Runner@33c911a1]" name="runScenario" class="io.cucumber.testng.AbstractTestNGCucumberTests"/>
      </group> <!-- cucumber -->
    </groups>
    <test started-at="2026-05-06T16:59:15 IST" name="TransferFunds-Suite" finished-at="2026-05-06T17:00:14 IST" duration-ms="59711">
      <class name="com.bugbank.hooks.TestSuiteHooks">
        <test-method is-config="true" signature="beforeSuite()[pri:0, instance:com.bugbank.hooks.TestSuiteHooks@158a8276]" started-at="2026-05-06T16:58:49 IST" name="beforeSuite" finished-at="2026-05-06T16:59:15 IST" duration-ms="25077" status="PASS">
          <reporter-output>
          </reporter-output>
        </test-method> <!-- beforeSuite -->
        <test-method is-config="true" signature="afterSuite()[pri:0, instance:com.bugbank.hooks.TestSuiteHooks@158a8276]" started-at="2026-05-06T17:00:14 IST" name="afterSuite" finished-at="2026-05-06T17:00:14 IST" duration-ms="0" status="PASS">
          <reporter-output>
          </reporter-output>
        </test-method> <!-- afterSuite -->
      </class> <!-- com.bugbank.hooks.TestSuiteHooks -->
      <class name="com.bugbank.runners.TF039Runner">
        <test-method is-config="true" signature="setUpClass(org.testng.ITestContext)[pri:0, instance:com.bugbank.runners.TF039Runner@33c911a1]" started-at="2026-05-06T16:59:15 IST" name="setUpClass" finished-at="2026-05-06T16:59:16 IST" duration-ms="1621" status="PASS">
          <params>
            <param index="0">
              <value>
                <![CDATA[org.testng.TestRunner@2d4fb0d8]]>
              </value>
            </param>
          </params>
          <reporter-output>
          </reporter-output>
        </test-method> <!-- setUpClass -->
        <test-method signature="runScenario(io.cucumber.testng.PickleWrapper,io.cucumber.testng.FeatureWrapper)[pri:0, instance:com.bugbank.runners.TF039Runner@33c911a1]" started-at="2026-05-06T16:59:16 IST" name="runScenario" description="Runs Cucumber Scenarios" data-provider="scenarios" finished-at="2026-05-06T17:00:14 IST" duration-ms="57812" status="PASS">
          <params>
            <param index="0">
              <value>
                <![CDATA["Full transfer workflow with dashboard and transaction verification"]]>
              </value>
            </param>
            <param index="1">
              <value>
                <![CDATA["TF-039 Complete transfer flow with transaction verification"]]>
              </value>
            </param>
          </params>
          <reporter-output>
          </reporter-output>
        </test-method> <!-- runScenario -->
        <test-method is-config="true" signature="tearDownClass()[pri:0, instance:com.bugbank.runners.TF039Runner@33c911a1]" started-at="2026-05-06T17:00:14 IST" name="tearDownClass" finished-at="2026-05-06T17:00:14 IST" duration-ms="180" status="PASS">
          <reporter-output>
          </reporter-output>
        </test-method> <!-- tearDownClass -->
      </class> <!-- com.bugbank.runners.TF039Runner -->
    </test> <!-- TransferFunds-Suite -->
  </suite> <!-- BugBank-TransferFunds -->
</testng-results>
