<?xml version="1.0" encoding="UTF-8"?>
<!-- Generated by org.testng.reporters.JUnitReportReporter -->
<testsuite hostname="LTPHYD062670052" failures="0" tests="3" name="com.bugbank.runners.NEFTRunner" time="115.325" errors="0" timestamp="2026-05-06T15:33:18 IST" skipped="0">
  <testcase classname="com.bugbank.runners.NEFTRunner" name="runScenario" time="39.363"/>
  <testcase classname="com.bugbank.runners.NEFTRunner" name="runScenario" time="36.931"/>
  <testcase classname="com.bugbank.runners.NEFTRunner" name="runScenario" time="39.031"/>
</testsuite> <!-- com.bugbank.runners.NEFTRunner -->
