<?xml version="1.0" encoding="UTF-8"?>
<!-- Generated by org.testng.reporters.JUnitReportReporter -->
<testsuite hostname="LTPHYD062670052" failures="1" tests="1" name="com.bugbank.runners.SelfTransferRunner" time="34.432" errors="0" timestamp="2026-05-06T14:42:26 IST" skipped="0">
  <testcase classname="com.bugbank.runners.SelfTransferRunner" name="runScenario" time="34.432">
    <failure message="Error message should indicate self-transfer not allowed. Message: ✅ expected [true] but found [false]" type="java.lang.AssertionError">
      <![CDATA[java.lang.AssertionError: Error message should indicate self-transfer not allowed. Message: ✅ expected [true] but found [false]
at org.testng.Assert.fail(Assert.java:111)
at org.testng.Assert.failNotEquals(Assert.java:1578)
at org.testng.Assert.assertTrue(Assert.java:57)
at com.bugbank.steps.TransferFundsSteps.errorMessageIndicatesSelfTransferNotAllowed(TransferFundsSteps.java:404)
at ✽.error message indicates self-transfer is not allowed(file:///C:/Users/srushti.x/git/BBT/src/test/resources/features/SelfTransfer.feature:26)
]]>
    </failure>
  </testcase> <!-- runScenario -->
</testsuite> <!-- com.bugbank.runners.SelfTransferRunner -->
