<?xml version="1.0" encoding="UTF-8"?>
<!-- Generated by org.testng.reporters.JUnitReportReporter -->
<testsuite hostname="LTPHYD062670052" failures="0" tests="3" name="com.bugbank.runners.RTGSRunner" time="147.009" errors="0" timestamp="2026-05-06T15:33:18 IST" skipped="0">
  <testcase classname="com.bugbank.runners.RTGSRunner" name="runScenario" time="41.115"/>
  <testcase classname="com.bugbank.runners.RTGSRunner" name="runScenario" time="63.834"/>
  <testcase classname="com.bugbank.runners.RTGSRunner" name="runScenario" time="42.060"/>
</testsuite> <!-- com.bugbank.runners.RTGSRunner -->
