<?xml version="1.0" encoding="UTF-8"?>
<!-- Generated by org.testng.reporters.JUnitReportReporter -->
<testsuite hostname="PRAMODH" failures="1" tests="1" name="com.bugbank.runners.TF023Runner" time="122.979" errors="0" timestamp="2026-05-04T01:28:49 IST" skipped="0">
  <testcase classname="com.bugbank.runners.TF023Runner" name="runScenario" time="122.979">
    <failure message="Success message should appear for a successful transfer expected [true] but found [false]" type="java.lang.AssertionError">
      <![CDATA[java.lang.AssertionError: Success message should appear for a successful transfer expected [true] but found [false]
at org.testng.Assert.fail(Assert.java:111)
at org.testng.Assert.failNotEquals(Assert.java:1578)
at org.testng.Assert.assertTrue(Assert.java:57)
at com.bugbank.steps.TransferFundsSteps.transferIsSuccessful(TransferFundsSteps.java:392)
at ✽.transfer is successful(file:///C:/Users/Administrator/Documents/ccc/bugbank/src/test/resources/features/TF-023.feature:25)
]]>
    </failure>
  </testcase> <!-- runScenario -->
</testsuite> <!-- com.bugbank.runners.TF023Runner -->
