<?xml version="1.0" encoding="UTF-8"?>
<!-- Generated by org.testng.reporters.JUnitReportReporter -->
<testsuite hostname="LTPHYD062670052" failures="1" tests="3" name="com.bugbank.runners.IMPSRunner" time="106.792" errors="0" timestamp="2026-05-06T14:40:58 IST" skipped="0">
  <testcase classname="com.bugbank.runners.IMPSRunner" name="runScenario" time="35.173"/>
  <testcase classname="com.bugbank.runners.IMPSRunner" name="runScenario" time="35.126"/>
  <testcase classname="com.bugbank.runners.IMPSRunner" name="runScenario" time="36.493">
    <failure message="Error message should not appear for valid amount: 500000 expected [false] but found [true]" type="java.lang.AssertionError">
      <![CDATA[java.lang.AssertionError: Error message should not appear for valid amount: 500000 expected [false] but found [true]
at org.testng.Assert.fail(Assert.java:111)
at org.testng.Assert.failNotEquals(Assert.java:1578)
at org.testng.Assert.assertFalse(Assert.java:79)
at com.bugbank.steps.TransferFundsSteps.verifyIMPSTransferResult(TransferFundsSteps.java:522)
at ✽.verify IMPS transfer result as "successful" for amount "500000"(file:///C:/Users/srushti.x/git/BBT/src/test/resources/features/IMPS.feature:25)
]]>
    </failure>
  </testcase> <!-- runScenario -->
</testsuite> <!-- com.bugbank.runners.IMPSRunner -->
