<?xml version="1.0" encoding="UTF-8"?>
<!-- Generated by org.testng.reporters.JUnitReportReporter -->
<testsuite hostname="LTPHYD062670052" failures="2" tests="4" name="com.bugbank.runners.RecieverIDRunner" time="151.397" errors="0" timestamp="2026-05-06T15:33:18 IST" skipped="0">
  <testcase classname="com.bugbank.runners.RecieverIDRunner" name="runScenario" time="37.719"/>
  <testcase classname="com.bugbank.runners.RecieverIDRunner" name="runScenario" time="37.440">
    <failure message="Transfer should not succeed with invalid receiver ID: 0. Messages: ✅
Transfer Successful
✕ | ✅ | ✕ |  expected [false] but found [true]" type="java.lang.AssertionError">
      <![CDATA[java.lang.AssertionError: Transfer should not succeed with invalid receiver ID: 0. Messages: ✅
Transfer Successful
✕ | ✅ | ✕ |  expected [false] but found [true]
at org.testng.Assert.fail(Assert.java:111)
at org.testng.Assert.failNotEquals(Assert.java:1578)
at org.testng.Assert.assertFalse(Assert.java:79)
at com.bugbank.steps.TransferFundsSteps.verifyTransferResultForReceiverId(TransferFundsSteps.java:765)
at ✽.verify transfer result for receiver ID "0" should be "invalid"(file:///C:/Users/srushti.x/git/BBT/src/test/resources/features/RecieverID.feature:25)
]]>
    </failure>
  </testcase> <!-- runScenario -->
  <testcase classname="com.bugbank.runners.RecieverIDRunner" name="runScenario" time="37.898"/>
  <testcase classname="com.bugbank.runners.RecieverIDRunner" name="runScenario" time="38.340">
    <failure message="Transfer should not succeed with invalid receiver ID: -34. Messages: ✅
Transfer Successful
✕ | ✅ | ✕ |  expected [false] but found [true]" type="java.lang.AssertionError">
      <![CDATA[java.lang.AssertionError: Transfer should not succeed with invalid receiver ID: -34. Messages: ✅
Transfer Successful
✕ | ✅ | ✕ |  expected [false] but found [true]
at org.testng.Assert.fail(Assert.java:111)
at org.testng.Assert.failNotEquals(Assert.java:1578)
at org.testng.Assert.assertFalse(Assert.java:79)
at com.bugbank.steps.TransferFundsSteps.verifyTransferResultForReceiverId(TransferFundsSteps.java:765)
at ✽.verify transfer result for receiver ID "-34" should be "invalid"(file:///C:/Users/srushti.x/git/BBT/src/test/resources/features/RecieverID.feature:25)
]]>
    </failure>
  </testcase> <!-- runScenario -->
</testsuite> <!-- com.bugbank.runners.RecieverIDRunner -->
