<?xml version="1.0" encoding="UTF-8"?>
<!-- Generated by org.testng.reporters.JUnitReportReporter -->
<testsuite hostname="PRAMODH" failures="1" tests="1" name="com.bugbank.runners.TF026Runner" time="121.963" errors="0" timestamp="2026-05-02T19:38:13 IST" skipped="0">
  <testcase classname="com.bugbank.runners.TF026Runner" name="runScenario" time="121.963">
    <failure message="Success message should appear for a successful transfer expected [true] but found [false]" type="java.lang.AssertionError">
      <![CDATA[java.lang.AssertionError: Success message should appear for a successful transfer expected [true] but found [false]
at org.testng.Assert.fail(Assert.java:111)
at org.testng.Assert.failNotEquals(Assert.java:1578)
at org.testng.Assert.assertTrue(Assert.java:57)
at com.bugbank.steps.TransferFundsSteps.transferIsSuccessful(TransferFundsSteps.java:386)
at ✽.transfer is successful(file:///C:/Users/Administrator/Documents/Git/testing/BBT/src/test/resources/features/TF-026.feature:25)
]]>
    </failure>
  </testcase> <!-- runScenario -->
</testsuite> <!-- com.bugbank.runners.TF026Runner -->
