<?xml version="1.0" encoding="UTF-8"?>
<!-- Generated by org.testng.reporters.JUnitReportReporter -->
<testsuite hostname="PRAMODH" failures="1" tests="3" name="com.bugbank.runners.TF02345Runner" time="281.794" errors="0" timestamp="2026-05-04T03:16:49 IST" skipped="0">
  <testcase classname="com.bugbank.runners.TF02345Runner" name="runScenario" time="96.187">
    <failure message="Error message should appear for blocked transfer expected [true] but found [false]" type="java.lang.AssertionError">
      <![CDATA[java.lang.AssertionError: Error message should appear for blocked transfer expected [true] but found [false]
at org.testng.Assert.fail(Assert.java:111)
at org.testng.Assert.failNotEquals(Assert.java:1578)
at org.testng.Assert.assertTrue(Assert.java:57)
at com.bugbank.steps.TransferFundsSteps.verifyTransferResult(TransferFundsSteps.java:465)
at ✽.verify transfer result as "blocked"(file:///C:/Users/Administrator/Documents/ccc/bugbank/src/test/resources/features/TF-02345.feature:25)
]]>
    </failure>
  </testcase> <!-- runScenario -->
  <testcase classname="com.bugbank.runners.TF02345Runner" name="runScenario" time="92.833"/>
  <testcase classname="com.bugbank.runners.TF02345Runner" name="runScenario" time="92.774"/>
</testsuite> <!-- com.bugbank.runners.TF02345Runner -->
