<?xml version="1.0" encoding="UTF-8"?>
<!-- Generated by org.testng.reporters.JUnitReportReporter -->
<testsuite hostname="PRAMODH" failures="3" tests="3" name="com.bugbank.runners.TF02345Runner" time="371.584" errors="0" timestamp="2026-05-03T22:38:48 IST" skipped="0">
  <testcase classname="com.bugbank.runners.TF02345Runner" name="runScenario" time="124.502">
    <failure message="Transfer should be successful expected [true] but found [false]" type="java.lang.AssertionError">
      <![CDATA[java.lang.AssertionError: Transfer should be successful expected [true] but found [false]
at org.testng.Assert.fail(Assert.java:111)
at org.testng.Assert.failNotEquals(Assert.java:1578)
at org.testng.Assert.assertTrue(Assert.java:57)
at com.bugbank.steps.TransferFundsSteps.verifyTransferResult(TransferFundsSteps.java:413)
at ✽.verify transfer result as "successful"(file:///C:/Users/Administrator/Documents/ccc/bugbank/src/test/resources/features/TF-02345.feature:25)
]]>
    </failure>
  </testcase> <!-- runScenario -->
  <testcase classname="com.bugbank.runners.TF02345Runner" name="runScenario" time="124.075">
    <failure message="Error message should appear for blocked transfer expected [true] but found [false]" type="java.lang.AssertionError">
      <![CDATA[java.lang.AssertionError: Error message should appear for blocked transfer expected [true] but found [false]
at org.testng.Assert.fail(Assert.java:111)
at org.testng.Assert.failNotEquals(Assert.java:1578)
at org.testng.Assert.assertTrue(Assert.java:57)
at com.bugbank.steps.TransferFundsSteps.verifyTransferResult(TransferFundsSteps.java:420)
at ✽.verify transfer result as "blocked"(file:///C:/Users/Administrator/Documents/ccc/bugbank/src/test/resources/features/TF-02345.feature:25)
]]>
    </failure>
  </testcase> <!-- runScenario -->
  <testcase classname="com.bugbank.runners.TF02345Runner" name="runScenario" time="123.007">
    <failure message="Transfer should be successful expected [true] but found [false]" type="java.lang.AssertionError">
      <![CDATA[java.lang.AssertionError: Transfer should be successful expected [true] but found [false]
at org.testng.Assert.fail(Assert.java:111)
at org.testng.Assert.failNotEquals(Assert.java:1578)
at org.testng.Assert.assertTrue(Assert.java:57)
at com.bugbank.steps.TransferFundsSteps.verifyTransferResult(TransferFundsSteps.java:413)
at ✽.verify transfer result as "successful"(file:///C:/Users/Administrator/Documents/ccc/bugbank/src/test/resources/features/TF-02345.feature:25)
]]>
    </failure>
  </testcase> <!-- runScenario -->
</testsuite> <!-- com.bugbank.runners.TF02345Runner -->
