<?xml version="1.0" encoding="UTF-8"?>
<!-- Generated by org.testng.reporters.JUnitReportReporter -->
<testsuite hostname="PRAMODH" failures="1" tests="1" name="com.bugbank.runners.TF008Runner" time="123.303" errors="0" timestamp="2026-05-03T22:38:48 IST" skipped="0">
  <testcase classname="com.bugbank.runners.TF008Runner" name="runScenario" time="123.303">
    <failure message="Self-transfer should not succeed." type="java.lang.AssertionError">
      <![CDATA[java.lang.AssertionError: Self-transfer should not succeed.
at org.testng.Assert.fail(Assert.java:111)
at com.bugbank.steps.TransferFundsSteps.errorMessageIndicatesSelfTransferNotAllowed(TransferFundsSteps.java:366)
at ✽.error message indicates self-transfer is not allowed(file:///C:/Users/Administrator/Documents/ccc/bugbank/src/test/resources/features/TF-008.feature:26)
]]>
    </failure>
  </testcase> <!-- runScenario -->
</testsuite> <!-- com.bugbank.runners.TF008Runner -->
