<?xml version="1.0" encoding="UTF-8"?>
<!-- Generated by org.testng.reporters.JUnitReportReporter -->
<testsuite hostname="PRAMODH" failures="4" tests="5" name="com.bugbank.runners.TF02123Runner" time="617.858" errors="0" timestamp="2026-05-03T22:38:48 IST" skipped="0">
  <testcase classname="com.bugbank.runners.TF02123Runner" name="runScenario" time="123.158">
    <failure message="IMPS transfer should be successful for amount: 100000 expected [true] but found [false]" type="java.lang.AssertionError">
      <![CDATA[java.lang.AssertionError: IMPS transfer should be successful for amount: 100000 expected [true] but found [false]
at org.testng.Assert.fail(Assert.java:111)
at org.testng.Assert.failNotEquals(Assert.java:1578)
at org.testng.Assert.assertTrue(Assert.java:57)
at com.bugbank.steps.TransferFundsSteps.verifyIMPSTransferResult(TransferFundsSteps.java:436)
at ✽.verify IMPS transfer result as "successful" for amount "100000"(file:///C:/Users/Administrator/Documents/ccc/bugbank/src/test/resources/features/TF-02123.feature:25)
]]>
    </failure>
  </testcase> <!-- runScenario -->
  <testcase classname="com.bugbank.runners.TF02123Runner" name="runScenario" time="123.209">
    <failure message="Error message should appear for invalid amount: 500001 expected [true] but found [false]" type="java.lang.AssertionError">
      <![CDATA[java.lang.AssertionError: Error message should appear for invalid amount: 500001 expected [true] but found [false]
at org.testng.Assert.fail(Assert.java:111)
at org.testng.Assert.failNotEquals(Assert.java:1578)
at org.testng.Assert.assertTrue(Assert.java:57)
at com.bugbank.steps.TransferFundsSteps.verifyIMPSTransferResult(TransferFundsSteps.java:433)
at ✽.verify IMPS transfer result as "failed" for amount "500001"(file:///C:/Users/Administrator/Documents/ccc/bugbank/src/test/resources/features/TF-02123.feature:25)
]]>
    </failure>
  </testcase> <!-- runScenario -->
  <testcase classname="com.bugbank.runners.TF02123Runner" name="runScenario" time="123.279">
    <failure message="IMPS transfer should be successful for amount: 500000 expected [true] but found [false]" type="java.lang.AssertionError">
      <![CDATA[java.lang.AssertionError: IMPS transfer should be successful for amount: 500000 expected [true] but found [false]
at org.testng.Assert.fail(Assert.java:111)
at org.testng.Assert.failNotEquals(Assert.java:1578)
at org.testng.Assert.assertTrue(Assert.java:57)
at com.bugbank.steps.TransferFundsSteps.verifyIMPSTransferResult(TransferFundsSteps.java:436)
at ✽.verify IMPS transfer result as "successful" for amount "500000"(file:///C:/Users/Administrator/Documents/ccc/bugbank/src/test/resources/features/TF-02123.feature:25)
]]>
    </failure>
  </testcase> <!-- runScenario -->
  <testcase classname="com.bugbank.runners.TF02123Runner" name="runScenario" time="123.202"/>
  <testcase classname="com.bugbank.runners.TF02123Runner" name="runScenario" time="125.010">
    <failure message="IMPS transfer should be successful for amount: 5000 expected [true] but found [false]" type="java.lang.AssertionError">
      <![CDATA[java.lang.AssertionError: IMPS transfer should be successful for amount: 5000 expected [true] but found [false]
at org.testng.Assert.fail(Assert.java:111)
at org.testng.Assert.failNotEquals(Assert.java:1578)
at org.testng.Assert.assertTrue(Assert.java:57)
at com.bugbank.steps.TransferFundsSteps.verifyIMPSTransferResult(TransferFundsSteps.java:436)
at ✽.verify IMPS transfer result as "successful" for amount "5000"(file:///C:/Users/Administrator/Documents/ccc/bugbank/src/test/resources/features/TF-02123.feature:25)
]]>
    </failure>
  </testcase> <!-- runScenario -->
</testsuite> <!-- com.bugbank.runners.TF02123Runner -->
