<?xml version="1.0" encoding="UTF-8"?>
<!-- Generated by org.testng.reporters.JUnitReportReporter -->
<testsuite hostname="PRAMODH" failures="1" tests="1" name="com.bugbank.runners.TF024Runner" time="123.200" errors="0" timestamp="2026-05-02T19:38:13 IST" skipped="0">
  <testcase classname="com.bugbank.runners.TF024Runner" name="runScenario" time="123.200">
    <failure message="Error message should appear for RTGS minimum validation expected [true] but found [false]" type="java.lang.AssertionError">
      <![CDATA[java.lang.AssertionError: Error message should appear for RTGS minimum validation expected [true] but found [false]
at org.testng.Assert.fail(Assert.java:111)
at org.testng.Assert.failNotEquals(Assert.java:1578)
at org.testng.Assert.assertTrue(Assert.java:57)
at com.bugbank.steps.TransferFundsSteps.transferIsBlockedDueToRtgsMinimum(TransferFundsSteps.java:396)
at ✽.transfer is blocked due to RTGS minimum amount(file:///C:/Users/Administrator/Documents/Git/testing/BBT/src/test/resources/features/TF-024.feature:25)
]]>
    </failure>
  </testcase> <!-- runScenario -->
</testsuite> <!-- com.bugbank.runners.TF024Runner -->
