<?xml version="1.0" encoding="UTF-8"?>
<!-- Generated by org.testng.reporters.JUnitReportReporter -->
<testsuite hostname="PRAMODH" failures="2" tests="5" name="com.bugbank.runners.TF02678Runner" time="617.396" errors="0" timestamp="2026-05-03T22:38:48 IST" skipped="0">
  <testcase classname="com.bugbank.runners.TF02678Runner" name="runScenario" time="123.322">
    <failure message="NEFT transfer should be successful for decimal amount: 5000.56 expected [true] but found [false]" type="java.lang.AssertionError">
      <![CDATA[java.lang.AssertionError: NEFT transfer should be successful for decimal amount: 5000.56 expected [true] but found [false]
at org.testng.Assert.fail(Assert.java:111)
at org.testng.Assert.failNotEquals(Assert.java:1578)
at org.testng.Assert.assertTrue(Assert.java:57)
at com.bugbank.steps.TransferFundsSteps.verifyNEFTTransferResult(TransferFundsSteps.java:464)
at ✽.verify NEFT transfer result as "successful" for amount "5000.56"(file:///C:/Users/Administrator/Documents/ccc/bugbank/src/test/resources/features/TF-02678.feature:25)
]]>
    </failure>
  </testcase> <!-- runScenario -->
  <testcase classname="com.bugbank.runners.TF02678Runner" name="runScenario" time="123.416"/>
  <testcase classname="com.bugbank.runners.TF02678Runner" name="runScenario" time="124.194"/>
  <testcase classname="com.bugbank.runners.TF02678Runner" name="runScenario" time="122.910"/>
  <testcase classname="com.bugbank.runners.TF02678Runner" name="runScenario" time="123.554">
    <failure message="NEFT transfer should be successful for amount: 10000 expected [true] but found [false]" type="java.lang.AssertionError">
      <![CDATA[java.lang.AssertionError: NEFT transfer should be successful for amount: 10000 expected [true] but found [false]
at org.testng.Assert.fail(Assert.java:111)
at org.testng.Assert.failNotEquals(Assert.java:1578)
at org.testng.Assert.assertTrue(Assert.java:57)
at com.bugbank.steps.TransferFundsSteps.verifyNEFTTransferResult(TransferFundsSteps.java:471)
at ✽.verify NEFT transfer result as "successful" for amount "10000"(file:///C:/Users/Administrator/Documents/ccc/bugbank/src/test/resources/features/TF-02678.feature:25)
]]>
    </failure>
  </testcase> <!-- runScenario -->
</testsuite> <!-- com.bugbank.runners.TF02678Runner -->
