<?xml version="1.0" encoding="UTF-8"?>
<!-- Generated by org.testng.reporters.JUnitReportReporter -->
<testsuite hostname="PRAMODH" failures="1" tests="5" name="com.bugbank.runners.TF02123Runner" time="461.642" errors="0" timestamp="2026-05-04T03:16:49 IST" skipped="0">
  <testcase classname="com.bugbank.runners.TF02123Runner" name="runScenario" time="93.067"/>
  <testcase classname="com.bugbank.runners.TF02123Runner" name="runScenario" time="95.495">
    <failure message="Error message should appear for invalid amount: 500001 expected [true] but found [false]" type="java.lang.AssertionError">
      <![CDATA[java.lang.AssertionError: Error message should appear for invalid amount: 500001 expected [true] but found [false]
at org.testng.Assert.fail(Assert.java:111)
at org.testng.Assert.failNotEquals(Assert.java:1578)
at org.testng.Assert.assertTrue(Assert.java:57)
at com.bugbank.steps.TransferFundsSteps.verifyIMPSTransferResult(TransferFundsSteps.java:479)
at ✽.verify IMPS transfer result as "failed" for amount "500001"(file:///C:/Users/Administrator/Documents/ccc/bugbank/src/test/resources/features/TF-02123.feature:25)
]]>
    </failure>
  </testcase> <!-- runScenario -->
  <testcase classname="com.bugbank.runners.TF02123Runner" name="runScenario" time="89.183"/>
  <testcase classname="com.bugbank.runners.TF02123Runner" name="runScenario" time="91.562"/>
  <testcase classname="com.bugbank.runners.TF02123Runner" name="runScenario" time="92.335"/>
</testsuite> <!-- com.bugbank.runners.TF02123Runner -->
