<?xml version="1.0" encoding="UTF-8"?>
<!-- Generated by org.testng.reporters.JUnitReportReporter -->
<testsuite hostname="PRAMODH" failures="0" tests="5" name="com.bugbank.runners.TF02678Runner" time="456.758" errors="0" timestamp="2026-05-04T03:16:49 IST" skipped="0">
  <testcase classname="com.bugbank.runners.TF02678Runner" name="runScenario" time="89.557"/>
  <testcase classname="com.bugbank.runners.TF02678Runner" name="runScenario" time="93.039"/>
  <testcase classname="com.bugbank.runners.TF02678Runner" name="runScenario" time="89.986"/>
  <testcase classname="com.bugbank.runners.TF02678Runner" name="runScenario" time="91.861"/>
  <testcase classname="com.bugbank.runners.TF02678Runner" name="runScenario" time="92.315"/>
</testsuite> <!-- com.bugbank.runners.TF02678Runner -->
