<?xml version="1.0" encoding="UTF-8"?>
<!-- Generated by org.testng.reporters.JUnitReportReporter -->
<testsuite hostname="PRAMODH" failures="1" tests="1" name="com.bugbank.runners.TF004Runner" time="0.237" errors="0" timestamp="2026-05-02T01:33:00 IST" skipped="0">
  <testcase classname="com.bugbank.runners.TF004Runner" name="runScenario" time="0.237">
    <failure message="Login button should be visible expected [true] but found [false]" type="java.lang.AssertionError">
      <![CDATA[java.lang.AssertionError: Login button should be visible expected [true] but found [false]
at org.testng.Assert.fail(Assert.java:111)
at org.testng.Assert.failNotEquals(Assert.java:1578)
at org.testng.Assert.assertTrue(Assert.java:57)
at com.bugbank.pages.LoginPage.assertLoginPageLoaded(LoginPage.java:63)
at com.bugbank.steps.TransferFundsSteps.loginPageIsLoaded(TransferFundsSteps.java:30)
at ✽.login page is loaded with logo and login button visible(file:///C:/Users/Administrator/Documents/ccc/bugbank/src/test/resources/features/TF-004.feature:5)
]]>
    </failure>
  </testcase> <!-- runScenario -->
</testsuite> <!-- com.bugbank.runners.TF004Runner -->
