<?xml version="1.0" encoding="UTF-8"?>
<!-- Generated by org.testng.reporters.JUnitXMLReporter -->
<testsuite ignored="0" hostname="PRAMODH" failures="6" tests="11" name="TransferFunds-Suite" time="964.769" errors="0" timestamp="2026-05-02T19:38:09 IST">
  <testcase classname="io.cucumber.testng.AbstractTestNGCucumberTests" name="runScenario" time="21.226"/>
  <testcase classname="io.cucumber.testng.AbstractTestNGCucumberTests" name="runScenario" time="27.235"/>
  <testcase classname="io.cucumber.testng.AbstractTestNGCucumberTests" name="runScenario" time="115.008"/>
  <testcase classname="io.cucumber.testng.AbstractTestNGCucumberTests" name="runScenario" time="35.387"/>
  <testcase classname="io.cucumber.testng.AbstractTestNGCucumberTests" name="runScenario" time="32.665"/>
  <testcase classname="io.cucumber.testng.AbstractTestNGCucumberTests" name="runScenario" time="121.932">
    <failure type="java.lang.AssertionError" message="Error message should appear for self-transfer attempt expected [true] but found [false]">
      <![CDATA[java.lang.AssertionError: Error message should appear for self-transfer attempt expected [true] but found [false]
at com.bugbank.steps.TransferFundsSteps.errorMessageIndicatesSelfTransferNotAllowed(TransferFundsSteps.java:362)
at ✽.error message indicates self-transfer is not allowed(file:///C:/Users/Administrator/Documents/Git/testing/BBT/src/test/resources/features/TF-008.feature:25)
... Removed 3 stack frames]]>
    </failure>
  </testcase> <!-- runScenario -->
  <testcase classname="io.cucumber.testng.AbstractTestNGCucumberTests" name="runScenario" time="121.205">
    <failure type="java.lang.AssertionError" message="Success message should appear for a successful transfer expected [true] but found [false]">
      <![CDATA[java.lang.AssertionError: Success message should appear for a successful transfer expected [true] but found [false]
at com.bugbank.steps.TransferFundsSteps.transferIsSuccessful(TransferFundsSteps.java:386)
at ✽.transfer is successful(file:///C:/Users/Administrator/Documents/Git/testing/BBT/src/test/resources/features/TF-023.feature:25)
... Removed 3 stack frames]]>
    </failure>
  </testcase> <!-- runScenario -->
  <testcase classname="io.cucumber.testng.AbstractTestNGCucumberTests" name="runScenario" time="123.2">
    <failure type="java.lang.AssertionError" message="Error message should appear for RTGS minimum validation expected [true] but found [false]">
      <![CDATA[java.lang.AssertionError: Error message should appear for RTGS minimum validation expected [true] but found [false]
at com.bugbank.steps.TransferFundsSteps.transferIsBlockedDueToRtgsMinimum(TransferFundsSteps.java:396)
at ✽.transfer is blocked due to RTGS minimum amount(file:///C:/Users/Administrator/Documents/Git/testing/BBT/src/test/resources/features/TF-024.feature:25)
... Removed 3 stack frames]]>
    </failure>
  </testcase> <!-- runScenario -->
  <testcase classname="io.cucumber.testng.AbstractTestNGCucumberTests" name="runScenario" time="121.533">
    <failure type="java.lang.AssertionError" message="Success message should appear for a successful transfer expected [true] but found [false]">
      <![CDATA[java.lang.AssertionError: Success message should appear for a successful transfer expected [true] but found [false]
at com.bugbank.steps.TransferFundsSteps.transferIsSuccessful(TransferFundsSteps.java:386)
at ✽.transfer is successful(file:///C:/Users/Administrator/Documents/Git/testing/BBT/src/test/resources/features/TF-025.feature:25)
... Removed 3 stack frames]]>
    </failure>
  </testcase> <!-- runScenario -->
  <testcase classname="io.cucumber.testng.AbstractTestNGCucumberTests" name="runScenario" time="121.963">
    <failure type="java.lang.AssertionError" message="Success message should appear for a successful transfer expected [true] but found [false]">
      <![CDATA[java.lang.AssertionError: Success message should appear for a successful transfer expected [true] but found [false]
at com.bugbank.steps.TransferFundsSteps.transferIsSuccessful(TransferFundsSteps.java:386)
at ✽.transfer is successful(file:///C:/Users/Administrator/Documents/Git/testing/BBT/src/test/resources/features/TF-026.feature:25)
... Removed 3 stack frames]]>
    </failure>
  </testcase> <!-- runScenario -->
  <testcase classname="io.cucumber.testng.AbstractTestNGCucumberTests" name="runScenario" time="121.139">
    <failure type="java.lang.AssertionError" message="Success message should appear for a successful transfer expected [true] but found [false]">
      <![CDATA[java.lang.AssertionError: Success message should appear for a successful transfer expected [true] but found [false]
at com.bugbank.steps.TransferFundsSteps.transferIsSuccessful(TransferFundsSteps.java:386)
at ✽.transfer is successful(file:///C:/Users/Administrator/Documents/Git/testing/BBT/src/test/resources/features/TF-028.feature:25)
... Removed 3 stack frames]]>
    </failure>
  </testcase> <!-- runScenario -->
</testsuite> <!-- TransferFunds-Suite -->
