<?xml version="1.0" encoding="UTF-8"?>
<!-- Generated by org.testng.reporters.JUnitXMLReporter -->
<testsuite ignored="0" hostname="PRAMODH" failures="6" tests="6" name="TransferFunds-Suite" time="2.99" errors="0" timestamp="2026-05-02T01:32:54 IST">
  <testcase classname="io.cucumber.testng.AbstractTestNGCucumberTests" name="runScenario" time="0.403">
    <failure type="java.lang.AssertionError" message="Login button should be visible expected [true] but found [false]">
      <![CDATA[java.lang.AssertionError: Login button should be visible expected [true] but found [false]
at com.bugbank.pages.LoginPage.assertLoginPageLoaded(LoginPage.java:63)
at com.bugbank.steps.TransferFundsSteps.loginPageIsLoaded(TransferFundsSteps.java:30)
at ✽.login page is loaded with logo and login button visible(file:///C:/Users/Administrator/Documents/ccc/bugbank/src/test/resources/features/TF-003.feature:5)
... Removed 3 stack frames]]>
    </failure>
  </testcase> <!-- runScenario -->
  <testcase classname="io.cucumber.testng.AbstractTestNGCucumberTests" name="runScenario" time="0.237">
    <failure type="java.lang.AssertionError" message="Login button should be visible expected [true] but found [false]">
      <![CDATA[java.lang.AssertionError: Login button should be visible expected [true] but found [false]
at com.bugbank.pages.LoginPage.assertLoginPageLoaded(LoginPage.java:63)
at com.bugbank.steps.TransferFundsSteps.loginPageIsLoaded(TransferFundsSteps.java:30)
at ✽.login page is loaded with logo and login button visible(file:///C:/Users/Administrator/Documents/ccc/bugbank/src/test/resources/features/TF-004.feature:5)
... Removed 3 stack frames]]>
    </failure>
  </testcase> <!-- runScenario -->
  <testcase classname="io.cucumber.testng.AbstractTestNGCucumberTests" name="runScenario" time="0.253">
    <failure type="java.lang.AssertionError" message="Login button should be visible expected [true] but found [false]">
      <![CDATA[java.lang.AssertionError: Login button should be visible expected [true] but found [false]
at com.bugbank.pages.LoginPage.assertLoginPageLoaded(LoginPage.java:63)
at com.bugbank.steps.TransferFundsSteps.loginPageIsLoaded(TransferFundsSteps.java:30)
at ✽.login page is loaded with logo and login button visible(file:///C:/Users/Administrator/Documents/ccc/bugbank/src/test/resources/features/TF-005.feature:5)
... Removed 3 stack frames]]>
    </failure>
  </testcase> <!-- runScenario -->
  <testcase classname="io.cucumber.testng.AbstractTestNGCucumberTests" name="runScenario" time="0.33">
    <failure type="java.lang.AssertionError" message="Login button should be visible expected [true] but found [false]">
      <![CDATA[java.lang.AssertionError: Login button should be visible expected [true] but found [false]
at com.bugbank.pages.LoginPage.assertLoginPageLoaded(LoginPage.java:63)
at com.bugbank.steps.TransferFundsSteps.loginPageIsLoaded(TransferFundsSteps.java:30)
at ✽.login page is loaded with logo and login button visible(file:///C:/Users/Administrator/Documents/ccc/bugbank/src/test/resources/features/TF-006.feature:5)
... Removed 3 stack frames]]>
    </failure>
  </testcase> <!-- runScenario -->
  <testcase classname="io.cucumber.testng.AbstractTestNGCucumberTests" name="runScenario" time="0.286">
    <failure type="java.lang.AssertionError" message="Login button should be visible expected [true] but found [false]">
      <![CDATA[java.lang.AssertionError: Login button should be visible expected [true] but found [false]
at com.bugbank.pages.LoginPage.assertLoginPageLoaded(LoginPage.java:63)
at com.bugbank.steps.TransferFundsSteps.loginPageIsLoaded(TransferFundsSteps.java:30)
at ✽.login page is loaded with logo and login button visible(file:///C:/Users/Administrator/Documents/ccc/bugbank/src/test/resources/features/TF-007.feature:5)
... Removed 3 stack frames]]>
    </failure>
  </testcase> <!-- runScenario -->
  <testcase classname="io.cucumber.testng.AbstractTestNGCucumberTests" name="runScenario" time="0.198">
    <failure type="java.lang.AssertionError" message="Login button should be visible expected [true] but found [false]">
      <![CDATA[java.lang.AssertionError: Login button should be visible expected [true] but found [false]
at com.bugbank.pages.LoginPage.assertLoginPageLoaded(LoginPage.java:63)
at com.bugbank.steps.TransferFundsSteps.loginPageIsLoaded(TransferFundsSteps.java:30)
at ✽.login page is loaded with logo and login button visible(file:///C:/Users/Administrator/Documents/ccc/bugbank/src/test/resources/features/TF-008.feature:5)
... Removed 3 stack frames]]>
    </failure>
  </testcase> <!-- runScenario -->
</testsuite> <!-- TransferFunds-Suite -->
